#
# There is insufficient memory for the Java Runtime Environment to continue.
# Native memory allocation (mmap) failed to map 65536 bytes for Failed to commit metaspace.
# Possible reasons:
#   The system is out of physical RAM or swap space
#   The process is running with CompressedOops enabled, and the Java Heap may be blocking the growth of the native heap
# Possible solutions:
#   Reduce memory load on the system
#   Increase physical memory or swap space
#   Check if swap backing store is full
#   Decrease Java heap size (-Xmx/-Xms)
#   Decrease number of Java threads
#   Decrease Java thread stack sizes (-Xss)
#   Set larger code cache with -XX:ReservedCodeCacheSize=
#   JVM is running with Unscaled Compressed Oops mode in which the Java heap is
#     placed in the first 4GB address space. The Java Heap base address is the
#     maximum limit for the native heap growth. Please use -XX:HeapBaseMinAddress
#     to set the Java Heap base and to place the Java Heap above 4GB virtual address.
# This output file may be truncated or incomplete.
#
#  Out of Memory Error (virtualSpaceNode.cpp:110), pid=10776, tid=19392
#
# JRE version: Java(TM) SE Runtime Environment (18.0.2+9) (build 18.0.2+9-61)
# Java VM: Java HotSpot(TM) 64-Bit Server VM (18.0.2+9-61, mixed mode, sharing, tiered, compressed oops, compressed class ptrs, g1 gc, windows-amd64)
# No core dump will be written. Minidumps are not enabled by default on client versions of Windows
#

---------------  S U M M A R Y ------------

Command Line: -Dfile.encoding=UTF-8 --module-path=C:\Users\Sumit\eclipse-workspace\LOgin\bin -XX:+ShowCodeDetailsInExceptionMessages -Djdk.module.main=LOgin LOgin/in.login.LGN

Host: AMD Ryzen 3 2200G with Radeon Vega Graphics    , 4 cores, 7G,  Windows 10 , 64 bit Build 19041 (10.0.19041.3155)
Time: Sat Sep  9 20:44:58 2023 India Standard Time elapsed time: 110.647835 seconds (0d 0h 1m 50s)

---------------  T H R E A D  ---------------

Current thread (0x0000022a260eb2f0):  JavaThread "AWT-EventQueue-0" [_thread_in_vm, id=19392, stack(0x0000002ec3000000,0x0000002ec3100000)]

Stack: [0x0000002ec3000000,0x0000002ec3100000]
Native frames: (J=compiled Java code, j=interpreted, Vv=VM code, C=native code)
V  [jvm.dll+0x6993ca]
V  [jvm.dll+0x7f481d]
V  [jvm.dll+0x7f612e]
V  [jvm.dll+0x7f67e3]
V  [jvm.dll+0x25cdaf]
V  [jvm.dll+0x7f052b]
V  [jvm.dll+0x63f546]
V  [jvm.dll+0x63f5aa]
V  [jvm.dll+0x641e2e]
V  [jvm.dll+0x641cee]
V  [jvm.dll+0x63ff0e]
V  [jvm.dll+0x64a587]
V  [jvm.dll+0x2027b1]
V  [jvm.dll+0x202ce5]
V  [jvm.dll+0x20371f]
V  [jvm.dll+0x1f8bb1]
V  [jvm.dll+0x55dc05]
V  [jvm.dll+0x209a67]
V  [jvm.dll+0x76dddd]
V  [jvm.dll+0x76f116]
V  [jvm.dll+0x76f8a1]
V  [jvm.dll+0x2039b4]
V  [jvm.dll+0x1f8bca]
V  [jvm.dll+0x55dc05]
V  [jvm.dll+0x209a67]
V  [jvm.dll+0x76dddd]
V  [jvm.dll+0x76f116]
V  [jvm.dll+0x76f448]
V  [jvm.dll+0x2551d6]
V  [jvm.dll+0x25541f]
V  [jvm.dll+0x57c6c8]
V  [jvm.dll+0x57f537]
V  [jvm.dll+0x3a4da3]
V  [jvm.dll+0x3a443f]
C  0x0000022a0ac6a602

Java frames: (J=compiled Java code, j=interpreted, Vv=VM code)
j  java.awt.image.DataBuffer.<clinit>()V+44 java.desktop@18.0.2
v  ~StubRoutines::call_stub
j  java.awt.image.Raster.createPackedRaster(III[ILjava/awt/Point;)Ljava/awt/image/WritableRaster;+62 java.desktop@18.0.2
j  java.awt.image.DirectColorModel.createCompatibleWritableRaster(II)Ljava/awt/image/WritableRaster;+83 java.desktop@18.0.2
j  java.awt.GraphicsConfiguration.createCompatibleImage(II)Ljava/awt/image/BufferedImage;+8 java.desktop@18.0.2
j  java.awt.GraphicsConfiguration.createCompatibleImage(III)Ljava/awt/image/BufferedImage;+14 java.desktop@18.0.2
j  sun.awt.image.SunVolatileImage.getBackupImage(DD)Ljava/awt/image/BufferedImage;+36 java.desktop@18.0.2
j  sun.awt.image.VolatileSurfaceManager.getBackupSurface()Lsun/java2d/SurfaceData;+38 java.desktop@18.0.2
j  sun.awt.image.VolatileSurfaceManager.displayChanged()V+33 java.desktop@18.0.2
j  sun.awt.SunDisplayChanger.notifyListeners()V+105 java.desktop@18.0.2
j  sun.awt.Win32GraphicsEnvironment.displayChanged()V+291 java.desktop@18.0.2
j  sun.awt.windows.WToolkit.lambda$displayChanged$4()V+15 java.desktop@18.0.2
j  sun.awt.windows.WToolkit$$Lambda$146+0x0000000800cfe960.run()V+0 java.desktop@18.0.2
j  java.awt.event.InvocationEvent.dispatch()V+47 java.desktop@18.0.2
j  java.awt.EventQueue.dispatchEventImpl(Ljava/awt/AWTEvent;Ljava/lang/Object;)V+21 java.desktop@18.0.2
j  java.awt.EventQueue$4.run()Ljava/lang/Void;+32 java.desktop@18.0.2
j  java.awt.EventQueue$4.run()Ljava/lang/Object;+1 java.desktop@18.0.2
J 1015 c1 java.security.AccessController.executePrivileged(Ljava/security/PrivilegedAction;Ljava/security/AccessControlContext;Ljava/lang/Class;)Ljava/lang/Object; java.base@18.0.2 (65 bytes) @ 0x0000022a0b38bbbc [0x0000022a0b38ba60+0x000000000000015c]
j  java.security.AccessController.doPrivileged(Ljava/security/PrivilegedAction;Ljava/security/AccessControlContext;)Ljava/lang/Object;+13 java.base@18.0.2
j  java.security.ProtectionDomain$JavaSecurityAccessImpl.doIntersectionPrivilege(Ljava/security/PrivilegedAction;Ljava/security/AccessControlContext;Ljava/security/AccessControlContext;)Ljava/lang/Object;+18 java.base@18.0.2
j  java.awt.EventQueue.dispatchEvent(Ljava/awt/AWTEvent;)V+46 java.desktop@18.0.2
j  java.awt.EventDispatchThread.pumpOneEventForFilters(I)V+78 java.desktop@18.0.2
j  java.awt.EventDispatchThread.pumpEventsForFilter(ILjava/awt/Conditional;Ljava/awt/EventFilter;)V+35 java.desktop@18.0.2
j  java.awt.EventDispatchThread.pumpEventsForHierarchy(ILjava/awt/Conditional;Ljava/awt/Component;)V+11 java.desktop@18.0.2
j  java.awt.EventDispatchThread.pumpEvents(ILjava/awt/Conditional;)V+4 java.desktop@18.0.2
j  java.awt.EventDispatchThread.pumpEvents(Ljava/awt/Conditional;)V+3 java.desktop@18.0.2
j  java.awt.EventDispatchThread.run()V+9 java.desktop@18.0.2
v  ~StubRoutines::call_stub

---------------  P R O C E S S  ---------------

Threads class SMR info:
_java_thread_list=0x0000022a261bc920, length=17, elements={
0x0000022a21105a30, 0x0000022a211065a0, 0x0000022a21119b50, 0x0000022a2111a400,
0x0000022a2111acb0, 0x0000022a2111b6a0, 0x0000022a2112b930, 0x0000022a21150e70,
0x0000022a2115a370, 0x0000022a01bb5e50, 0x0000022a254d4480, 0x0000022a256ce3d0,
0x0000022a256d1350, 0x0000022a256d1be0, 0x0000022a260eb2f0, 0x0000022a2610a5a0,
0x0000022a01aede90
}

Java Threads: ( => current thread )
  0x0000022a21105a30 JavaThread "Reference Handler" daemon [_thread_blocked, id=17812, stack(0x0000002ec1f00000,0x0000002ec2000000)]
  0x0000022a211065a0 JavaThread "Finalizer" daemon [_thread_blocked, id=18976, stack(0x0000002ec2000000,0x0000002ec2100000)]
  0x0000022a21119b50 JavaThread "Signal Dispatcher" daemon [_thread_blocked, id=2704, stack(0x0000002ec2100000,0x0000002ec2200000)]
  0x0000022a2111a400 JavaThread "Attach Listener" daemon [_thread_blocked, id=17980, stack(0x0000002ec2200000,0x0000002ec2300000)]
  0x0000022a2111acb0 JavaThread "Service Thread" daemon [_thread_blocked, id=10200, stack(0x0000002ec2300000,0x0000002ec2400000)]
  0x0000022a2111b6a0 JavaThread "Monitor Deflation Thread" daemon [_thread_blocked, id=3048, stack(0x0000002ec2400000,0x0000002ec2500000)]
  0x0000022a2112b930 JavaThread "C2 CompilerThread0" daemon [_thread_blocked, id=16220, stack(0x0000002ec2500000,0x0000002ec2600000)]
  0x0000022a21150e70 JavaThread "C1 CompilerThread0" daemon [_thread_blocked, id=18116, stack(0x0000002ec2600000,0x0000002ec2700000)]
  0x0000022a2115a370 JavaThread "Sweeper thread" daemon [_thread_blocked, id=18568, stack(0x0000002ec2700000,0x0000002ec2800000)]
  0x0000022a01bb5e50 JavaThread "Common-Cleaner" daemon [_thread_blocked, id=18996, stack(0x0000002ec2800000,0x0000002ec2900000)]
  0x0000022a254d4480 JavaThread "Notification Thread" daemon [_thread_blocked, id=19184, stack(0x0000002ec2900000,0x0000002ec2a00000)]
  0x0000022a256ce3d0 JavaThread "Java2D Disposer" daemon [_thread_blocked, id=18924, stack(0x0000002ec2b00000,0x0000002ec2c00000)]
  0x0000022a256d1350 JavaThread "AWT-Shutdown" [_thread_blocked, id=10328, stack(0x0000002ec2c00000,0x0000002ec2d00000)]
  0x0000022a256d1be0 JavaThread "AWT-Windows" daemon [_thread_in_native, id=16500, stack(0x0000002ec2d00000,0x0000002ec2e00000)]
=>0x0000022a260eb2f0 JavaThread "AWT-EventQueue-0" [_thread_in_vm, id=19392, stack(0x0000002ec3000000,0x0000002ec3100000)]
  0x0000022a2610a5a0 JavaThread "D3D Screen Updater" daemon [_thread_blocked, id=10036, stack(0x0000002ec3100000,0x0000002ec3200000)]
  0x0000022a01aede90 JavaThread "DestroyJavaVM" [_thread_blocked, id=9348, stack(0x0000002ec1800000,0x0000002ec1900000)]

Other Threads:
  0x0000022a21101b10 VMThread "VM Thread" [stack: 0x0000002ec1e00000,0x0000002ec1f00000] [id=19196]
  0x0000022a254b10a0 WatcherThread "VM Periodic Task Thread" [stack: 0x0000002ec2a00000,0x0000002ec2b00000] [id=19424]
  0x0000022a01b4ca00 WorkerThread "GC Thread#0" [stack: 0x0000002ec1900000,0x0000002ec1a00000] [id=13848]
  0x0000022a261b2300 WorkerThread "GC Thread#1" [stack: 0x0000002ec3300000,0x0000002ec3400000] [id=7396]
  0x0000022a261b25a0 WorkerThread "GC Thread#2" [stack: 0x0000002ec3400000,0x0000002ec3500000] [id=8708]
  0x0000022a261b2840 WorkerThread "GC Thread#3" [stack: 0x0000002ec3500000,0x0000002ec3600000] [id=11816]
  0x0000022a01b5e5b0 ConcurrentGCThread "G1 Main Marker" [stack: 0x0000002ec1a00000,0x0000002ec1b00000] [id=17996]
  0x0000022a01b5fec0 WorkerThread "G1 Conc#0" [stack: 0x0000002ec1b00000,0x0000002ec1c00000] [id=4664]
  0x0000022a01ba1020 ConcurrentGCThread "G1 Refine#0" [stack: 0x0000002ec1c00000,0x0000002ec1d00000] [id=1416]
  0x0000022a01ba1840 ConcurrentGCThread "G1 Service" [stack: 0x0000002ec1d00000,0x0000002ec1e00000] [id=5716]

Threads with active compile tasks:

VM state: not at safepoint (normal execution)

VM Mutex/Monitor currently owned by a thread:  ([mutex/lock_event])
[0x0000022a01ae8160] Metaspace_lock - owner thread: 0x0000022a260eb2f0

Heap address: 0x0000000085200000, size: 1966 MB, Compressed Oops mode: 32-bit

CDS archive(s) mapped at: [0x0000000800000000-0x0000000800ba0000-0x0000000800ba0000), size 12189696, SharedBaseAddress: 0x0000000800000000, ArchiveRelocationMode: 0.
Compressed class space mapped at: 0x0000000800c00000-0x0000000840c00000, reserved size: 1073741824
Narrow klass base: 0x0000000800000000, Narrow klass shift: 0, Narrow klass range: 0x100000000

GC Precious Log:
 CardTable entry size: 512
 Card Set container configuration: InlinePtr #cards 5 size 8 Array Of Cards #cards 12 size 40 Howl #buckets 4 coarsen threshold 1843 Howl Bitmap #cards 512 size 80 coarsen threshold 460 Card regions per heap region 1 cards per card region 2048
 CPUs: 4 total, 4 available
 Memory: 7862M
 Large Page Support: Disabled
 NUMA Support: Disabled
 Compressed Oops: Enabled (32-bit)
 Heap Region Size: 1M
 Heap Min Capacity: 8M
 Heap Initial Capacity: 124M
 Heap Max Capacity: 1966M
 Pre-touch: Disabled
 Parallel Workers: 4
 Concurrent Workers: 1
 Concurrent Refinement Workers: 4
 Periodic GC: Disabled

Heap:
 garbage-first heap   total 126976K, used 4787K [0x0000000085200000, 0x0000000100000000)
  region size 1024K, 5 young (5120K), 2 survivors (2048K)
 Metaspace       used 7746K, committed 7872K, reserved 1114112K
  class space    used 866K, committed 960K, reserved 1048576K

Heap Regions: E=young(eden), S=young(survivor), O=old, HS=humongous(starts), HC=humongous(continues), CS=collection set, F=free, OA=open archive, CA=closed archive, TAMS=top-at-mark-start (previous, next)
|   0|0x0000000085200000, 0x00000000852acc00, 0x0000000085300000| 67%| O|  |TAMS 0x0000000085200000, 0x0000000085200000| Untracked 
|   1|0x0000000085300000, 0x0000000085300000, 0x0000000085400000|  0%| F|  |TAMS 0x0000000085300000, 0x0000000085300000| Untracked 
|   2|0x0000000085400000, 0x0000000085400000, 0x0000000085500000|  0%| F|  |TAMS 0x0000000085400000, 0x0000000085400000| Untracked 
|   3|0x0000000085500000, 0x0000000085500000, 0x0000000085600000|  0%| F|  |TAMS 0x0000000085500000, 0x0000000085500000| Untracked 
|   4|0x0000000085600000, 0x0000000085600000, 0x0000000085700000|  0%| F|  |TAMS 0x0000000085600000, 0x0000000085600000| Untracked 
|   5|0x0000000085700000, 0x0000000085700000, 0x0000000085800000|  0%| F|  |TAMS 0x0000000085700000, 0x0000000085700000| Untracked 
|   6|0x0000000085800000, 0x0000000085800000, 0x0000000085900000|  0%| F|  |TAMS 0x0000000085800000, 0x0000000085800000| Untracked 
|   7|0x0000000085900000, 0x0000000085900000, 0x0000000085a00000|  0%| F|  |TAMS 0x0000000085900000, 0x0000000085900000| Untracked 
|   8|0x0000000085a00000, 0x0000000085a00000, 0x0000000085b00000|  0%| F|  |TAMS 0x0000000085a00000, 0x0000000085a00000| Untracked 
|   9|0x0000000085b00000, 0x0000000085b00000, 0x0000000085c00000|  0%| F|  |TAMS 0x0000000085b00000, 0x0000000085b00000| Untracked 
|  10|0x0000000085c00000, 0x0000000085c00000, 0x0000000085d00000|  0%| F|  |TAMS 0x0000000085c00000, 0x0000000085c00000| Untracked 
|  11|0x0000000085d00000, 0x0000000085d00000, 0x0000000085e00000|  0%| F|  |TAMS 0x0000000085d00000, 0x0000000085d00000| Untracked 
|  12|0x0000000085e00000, 0x0000000085e00000, 0x0000000085f00000|  0%| F|  |TAMS 0x0000000085e00000, 0x0000000085e00000| Untracked 
|  13|0x0000000085f00000, 0x0000000085f00000, 0x0000000086000000|  0%| F|  |TAMS 0x0000000085f00000, 0x0000000085f00000| Untracked 
|  14|0x0000000086000000, 0x0000000086000000, 0x0000000086100000|  0%| F|  |TAMS 0x0000000086000000, 0x0000000086000000| Untracked 
|  15|0x0000000086100000, 0x0000000086100000, 0x0000000086200000|  0%| F|  |TAMS 0x0000000086100000, 0x0000000086100000| Untracked 
|  16|0x0000000086200000, 0x0000000086200000, 0x0000000086300000|  0%| F|  |TAMS 0x0000000086200000, 0x0000000086200000| Untracked 
|  17|0x0000000086300000, 0x0000000086300000, 0x0000000086400000|  0%| F|  |TAMS 0x0000000086300000, 0x0000000086300000| Untracked 
|  18|0x0000000086400000, 0x0000000086400000, 0x0000000086500000|  0%| F|  |TAMS 0x0000000086400000, 0x0000000086400000| Untracked 
|  19|0x0000000086500000, 0x0000000086500000, 0x0000000086600000|  0%| F|  |TAMS 0x0000000086500000, 0x0000000086500000| Untracked 
|  20|0x0000000086600000, 0x0000000086600000, 0x0000000086700000|  0%| F|  |TAMS 0x0000000086600000, 0x0000000086600000| Untracked 
|  21|0x0000000086700000, 0x0000000086700000, 0x0000000086800000|  0%| F|  |TAMS 0x0000000086700000, 0x0000000086700000| Untracked 
|  22|0x0000000086800000, 0x0000000086800000, 0x0000000086900000|  0%| F|  |TAMS 0x0000000086800000, 0x0000000086800000| Untracked 
|  23|0x0000000086900000, 0x0000000086900000, 0x0000000086a00000|  0%| F|  |TAMS 0x0000000086900000, 0x0000000086900000| Untracked 
|  24|0x0000000086a00000, 0x0000000086a00000, 0x0000000086b00000|  0%| F|  |TAMS 0x0000000086a00000, 0x0000000086a00000| Untracked 
|  25|0x0000000086b00000, 0x0000000086b00000, 0x0000000086c00000|  0%| F|  |TAMS 0x0000000086b00000, 0x0000000086b00000| Untracked 
|  26|0x0000000086c00000, 0x0000000086c00000, 0x0000000086d00000|  0%| F|  |TAMS 0x0000000086c00000, 0x0000000086c00000| Untracked 
|  27|0x0000000086d00000, 0x0000000086d00000, 0x0000000086e00000|  0%| F|  |TAMS 0x0000000086d00000, 0x0000000086d00000| Untracked 
|  28|0x0000000086e00000, 0x0000000086e00000, 0x0000000086f00000|  0%| F|  |TAMS 0x0000000086e00000, 0x0000000086e00000| Untracked 
|  29|0x0000000086f00000, 0x0000000086f00000, 0x0000000087000000|  0%| F|  |TAMS 0x0000000086f00000, 0x0000000086f00000| Untracked 
|  30|0x0000000087000000, 0x0000000087000000, 0x0000000087100000|  0%| F|  |TAMS 0x0000000087000000, 0x0000000087000000| Untracked 
|  31|0x0000000087100000, 0x0000000087100000, 0x0000000087200000|  0%| F|  |TAMS 0x0000000087100000, 0x0000000087100000| Untracked 
|  32|0x0000000087200000, 0x0000000087200000, 0x0000000087300000|  0%| F|  |TAMS 0x0000000087200000, 0x0000000087200000| Untracked 
|  33|0x0000000087300000, 0x0000000087300000, 0x0000000087400000|  0%| F|  |TAMS 0x0000000087300000, 0x0000000087300000| Untracked 
|  34|0x0000000087400000, 0x0000000087400000, 0x0000000087500000|  0%| F|  |TAMS 0x0000000087400000, 0x0000000087400000| Untracked 
|  35|0x0000000087500000, 0x0000000087500000, 0x0000000087600000|  0%| F|  |TAMS 0x0000000087500000, 0x0000000087500000| Untracked 
|  36|0x0000000087600000, 0x0000000087600000, 0x0000000087700000|  0%| F|  |TAMS 0x0000000087600000, 0x0000000087600000| Untracked 
|  37|0x0000000087700000, 0x0000000087700000, 0x0000000087800000|  0%| F|  |TAMS 0x0000000087700000, 0x0000000087700000| Untracked 
|  38|0x0000000087800000, 0x0000000087800000, 0x0000000087900000|  0%| F|  |TAMS 0x0000000087800000, 0x0000000087800000| Untracked 
|  39|0x0000000087900000, 0x0000000087900000, 0x0000000087a00000|  0%| F|  |TAMS 0x0000000087900000, 0x0000000087900000| Untracked 
|  40|0x0000000087a00000, 0x0000000087a00000, 0x0000000087b00000|  0%| F|  |TAMS 0x0000000087a00000, 0x0000000087a00000| Untracked 
|  41|0x0000000087b00000, 0x0000000087b00000, 0x0000000087c00000|  0%| F|  |TAMS 0x0000000087b00000, 0x0000000087b00000| Untracked 
|  42|0x0000000087c00000, 0x0000000087c00000, 0x0000000087d00000|  0%| F|  |TAMS 0x0000000087c00000, 0x0000000087c00000| Untracked 
|  43|0x0000000087d00000, 0x0000000087d00000, 0x0000000087e00000|  0%| F|  |TAMS 0x0000000087d00000, 0x0000000087d00000| Untracked 
|  44|0x0000000087e00000, 0x0000000087e00000, 0x0000000087f00000|  0%| F|  |TAMS 0x0000000087e00000, 0x0000000087e00000| Untracked 
|  45|0x0000000087f00000, 0x0000000087f00000, 0x0000000088000000|  0%| F|  |TAMS 0x0000000087f00000, 0x0000000087f00000| Untracked 
|  46|0x0000000088000000, 0x0000000088000000, 0x0000000088100000|  0%| F|  |TAMS 0x0000000088000000, 0x0000000088000000| Untracked 
|  47|0x0000000088100000, 0x0000000088100000, 0x0000000088200000|  0%| F|  |TAMS 0x0000000088100000, 0x0000000088100000| Untracked 
|  48|0x0000000088200000, 0x0000000088200000, 0x0000000088300000|  0%| F|  |TAMS 0x0000000088200000, 0x0000000088200000| Untracked 
|  49|0x0000000088300000, 0x0000000088300000, 0x0000000088400000|  0%| F|  |TAMS 0x0000000088300000, 0x0000000088300000| Untracked 
|  50|0x0000000088400000, 0x0000000088400000, 0x0000000088500000|  0%| F|  |TAMS 0x0000000088400000, 0x0000000088400000| Untracked 
|  51|0x0000000088500000, 0x0000000088500000, 0x0000000088600000|  0%| F|  |TAMS 0x0000000088500000, 0x0000000088500000| Untracked 
|  52|0x0000000088600000, 0x0000000088600000, 0x0000000088700000|  0%| F|  |TAMS 0x0000000088600000, 0x0000000088600000| Untracked 
|  53|0x0000000088700000, 0x0000000088700000, 0x0000000088800000|  0%| F|  |TAMS 0x0000000088700000, 0x0000000088700000| Untracked 
|  54|0x0000000088800000, 0x0000000088800000, 0x0000000088900000|  0%| F|  |TAMS 0x0000000088800000, 0x0000000088800000| Untracked 
|  55|0x0000000088900000, 0x0000000088900000, 0x0000000088a00000|  0%| F|  |TAMS 0x0000000088900000, 0x0000000088900000| Untracked 
|  56|0x0000000088a00000, 0x0000000088a00000, 0x0000000088b00000|  0%| F|  |TAMS 0x0000000088a00000, 0x0000000088a00000| Untracked 
|  57|0x0000000088b00000, 0x0000000088b00000, 0x0000000088c00000|  0%| F|  |TAMS 0x0000000088b00000, 0x0000000088b00000| Untracked 
|  58|0x0000000088c00000, 0x0000000088c00000, 0x0000000088d00000|  0%| F|  |TAMS 0x0000000088c00000, 0x0000000088c00000| Untracked 
|  59|0x0000000088d00000, 0x0000000088d00000, 0x0000000088e00000|  0%| F|  |TAMS 0x0000000088d00000, 0x0000000088d00000| Untracked 
|  60|0x0000000088e00000, 0x0000000088e00000, 0x0000000088f00000|  0%| F|  |TAMS 0x0000000088e00000, 0x0000000088e00000| Untracked 
|  61|0x0000000088f00000, 0x0000000088f00000, 0x0000000089000000|  0%| F|  |TAMS 0x0000000088f00000, 0x0000000088f00000| Untracked 
|  62|0x0000000089000000, 0x0000000089000000, 0x0000000089100000|  0%| F|  |TAMS 0x0000000089000000, 0x0000000089000000| Untracked 
|  63|0x0000000089100000, 0x0000000089100000, 0x0000000089200000|  0%| F|  |TAMS 0x0000000089100000, 0x0000000089100000| Untracked 
|  64|0x0000000089200000, 0x0000000089200000, 0x0000000089300000|  0%| F|  |TAMS 0x0000000089200000, 0x0000000089200000| Untracked 
|  65|0x0000000089300000, 0x0000000089300000, 0x0000000089400000|  0%| F|  |TAMS 0x0000000089300000, 0x0000000089300000| Untracked 
|  66|0x0000000089400000, 0x0000000089400000, 0x0000000089500000|  0%| F|  |TAMS 0x0000000089400000, 0x0000000089400000| Untracked 
|  67|0x0000000089500000, 0x0000000089500000, 0x0000000089600000|  0%| F|  |TAMS 0x0000000089500000, 0x0000000089500000| Untracked 
|  68|0x0000000089600000, 0x0000000089600000, 0x0000000089700000|  0%| F|  |TAMS 0x0000000089600000, 0x0000000089600000| Untracked 
|  69|0x0000000089700000, 0x0000000089700000, 0x0000000089800000|  0%| F|  |TAMS 0x0000000089700000, 0x0000000089700000| Untracked 
|  70|0x0000000089800000, 0x0000000089800000, 0x0000000089900000|  0%| F|  |TAMS 0x0000000089800000, 0x0000000089800000| Untracked 
|  71|0x0000000089900000, 0x0000000089900000, 0x0000000089a00000|  0%| F|  |TAMS 0x0000000089900000, 0x0000000089900000| Untracked 
|  72|0x0000000089a00000, 0x0000000089a00000, 0x0000000089b00000|  0%| F|  |TAMS 0x0000000089a00000, 0x0000000089a00000| Untracked 
|  73|0x0000000089b00000, 0x0000000089b00000, 0x0000000089c00000|  0%| F|  |TAMS 0x0000000089b00000, 0x0000000089b00000| Untracked 
|  74|0x0000000089c00000, 0x0000000089c00000, 0x0000000089d00000|  0%| F|  |TAMS 0x0000000089c00000, 0x0000000089c00000| Untracked 
|  75|0x0000000089d00000, 0x0000000089d00000, 0x0000000089e00000|  0%| F|  |TAMS 0x0000000089d00000, 0x0000000089d00000| Untracked 
|  76|0x0000000089e00000, 0x0000000089e00000, 0x0000000089f00000|  0%| F|  |TAMS 0x0000000089e00000, 0x0000000089e00000| Untracked 
|  77|0x0000000089f00000, 0x0000000089f00000, 0x000000008a000000|  0%| F|  |TAMS 0x0000000089f00000, 0x0000000089f00000| Untracked 
|  78|0x000000008a000000, 0x000000008a000000, 0x000000008a100000|  0%| F|  |TAMS 0x000000008a000000, 0x000000008a000000| Untracked 
|  79|0x000000008a100000, 0x000000008a100000, 0x000000008a200000|  0%| F|  |TAMS 0x000000008a100000, 0x000000008a100000| Untracked 
|  80|0x000000008a200000, 0x000000008a200000, 0x000000008a300000|  0%| F|  |TAMS 0x000000008a200000, 0x000000008a200000| Untracked 
|  81|0x000000008a300000, 0x000000008a300000, 0x000000008a400000|  0%| F|  |TAMS 0x000000008a300000, 0x000000008a300000| Untracked 
|  82|0x000000008a400000, 0x000000008a400000, 0x000000008a500000|  0%| F|  |TAMS 0x000000008a400000, 0x000000008a400000| Untracked 
|  83|0x000000008a500000, 0x000000008a500000, 0x000000008a600000|  0%| F|  |TAMS 0x000000008a500000, 0x000000008a500000| Untracked 
|  84|0x000000008a600000, 0x000000008a600000, 0x000000008a700000|  0%| F|  |TAMS 0x000000008a600000, 0x000000008a600000| Untracked 
|  85|0x000000008a700000, 0x000000008a700000, 0x000000008a800000|  0%| F|  |TAMS 0x000000008a700000, 0x000000008a700000| Untracked 
|  86|0x000000008a800000, 0x000000008a800000, 0x000000008a900000|  0%| F|  |TAMS 0x000000008a800000, 0x000000008a800000| Untracked 
|  87|0x000000008a900000, 0x000000008a900000, 0x000000008aa00000|  0%| F|  |TAMS 0x000000008a900000, 0x000000008a900000| Untracked 
|  88|0x000000008aa00000, 0x000000008aa00000, 0x000000008ab00000|  0%| F|  |TAMS 0x000000008aa00000, 0x000000008aa00000| Untracked 
|  89|0x000000008ab00000, 0x000000008ab00000, 0x000000008ac00000|  0%| F|  |TAMS 0x000000008ab00000, 0x000000008ab00000| Untracked 
|  90|0x000000008ac00000, 0x000000008ac00000, 0x000000008ad00000|  0%| F|  |TAMS 0x000000008ac00000, 0x000000008ac00000| Untracked 
|  91|0x000000008ad00000, 0x000000008ad00000, 0x000000008ae00000|  0%| F|  |TAMS 0x000000008ad00000, 0x000000008ad00000| Untracked 
|  92|0x000000008ae00000, 0x000000008ae00000, 0x000000008af00000|  0%| F|  |TAMS 0x000000008ae00000, 0x000000008ae00000| Untracked 
|  93|0x000000008af00000, 0x000000008af00000, 0x000000008b000000|  0%| F|  |TAMS 0x000000008af00000, 0x000000008af00000| Untracked 
|  94|0x000000008b000000, 0x000000008b000000, 0x000000008b100000|  0%| F|  |TAMS 0x000000008b000000, 0x000000008b000000| Untracked 
|  95|0x000000008b100000, 0x000000008b100000, 0x000000008b200000|  0%| F|  |TAMS 0x000000008b100000, 0x000000008b100000| Untracked 
|  96|0x000000008b200000, 0x000000008b200000, 0x000000008b300000|  0%| F|  |TAMS 0x000000008b200000, 0x000000008b200000| Untracked 
|  97|0x000000008b300000, 0x000000008b300000, 0x000000008b400000|  0%| F|  |TAMS 0x000000008b300000, 0x000000008b300000| Untracked 
|  98|0x000000008b400000, 0x000000008b400000, 0x000000008b500000|  0%| F|  |TAMS 0x000000008b400000, 0x000000008b400000| Untracked 
|  99|0x000000008b500000, 0x000000008b500000, 0x000000008b600000|  0%| F|  |TAMS 0x000000008b500000, 0x000000008b500000| Untracked 
| 100|0x000000008b600000, 0x000000008b600000, 0x000000008b700000|  0%| F|  |TAMS 0x000000008b600000, 0x000000008b600000| Untracked 
| 101|0x000000008b700000, 0x000000008b700000, 0x000000008b800000|  0%| F|  |TAMS 0x000000008b700000, 0x000000008b700000| Untracked 
| 102|0x000000008b800000, 0x000000008b800000, 0x000000008b900000|  0%| F|  |TAMS 0x000000008b800000, 0x000000008b800000| Untracked 
| 103|0x000000008b900000, 0x000000008b900000, 0x000000008ba00000|  0%| F|  |TAMS 0x000000008b900000, 0x000000008b900000| Untracked 
| 104|0x000000008ba00000, 0x000000008ba00000, 0x000000008bb00000|  0%| F|  |TAMS 0x000000008ba00000, 0x000000008ba00000| Untracked 
| 105|0x000000008bb00000, 0x000000008bb00000, 0x000000008bc00000|  0%| F|  |TAMS 0x000000008bb00000, 0x000000008bb00000| Untracked 
| 106|0x000000008bc00000, 0x000000008bc00000, 0x000000008bd00000|  0%| F|  |TAMS 0x000000008bc00000, 0x000000008bc00000| Untracked 
| 107|0x000000008bd00000, 0x000000008bd00000, 0x000000008be00000|  0%| F|  |TAMS 0x000000008bd00000, 0x000000008bd00000| Untracked 
| 108|0x000000008be00000, 0x000000008be00000, 0x000000008bf00000|  0%| F|  |TAMS 0x000000008be00000, 0x000000008be00000| Untracked 
| 109|0x000000008bf00000, 0x000000008c000000, 0x000000008c000000|100%| S|CS|TAMS 0x000000008bf00000, 0x000000008bf00000| Complete 
| 110|0x000000008c000000, 0x000000008c100000, 0x000000008c100000|100%| S|CS|TAMS 0x000000008c000000, 0x000000008c000000| Complete 
| 111|0x000000008c100000, 0x000000008c100000, 0x000000008c200000|  0%| F|  |TAMS 0x000000008c100000, 0x000000008c100000| Untracked 
| 112|0x000000008c200000, 0x000000008c200000, 0x000000008c300000|  0%| F|  |TAMS 0x000000008c200000, 0x000000008c200000| Untracked 
| 113|0x000000008c300000, 0x000000008c300000, 0x000000008c400000|  0%| F|  |TAMS 0x000000008c300000, 0x000000008c300000| Untracked 
| 114|0x000000008c400000, 0x000000008c400000, 0x000000008c500000|  0%| F|  |TAMS 0x000000008c400000, 0x000000008c400000| Untracked 
| 115|0x000000008c500000, 0x000000008c500000, 0x000000008c600000|  0%| F|  |TAMS 0x000000008c500000, 0x000000008c500000| Untracked 
| 116|0x000000008c600000, 0x000000008c600000, 0x000000008c700000|  0%| F|  |TAMS 0x000000008c600000, 0x000000008c600000| Untracked 
| 117|0x000000008c700000, 0x000000008c700000, 0x000000008c800000|  0%| F|  |TAMS 0x000000008c700000, 0x000000008c700000| Untracked 
| 118|0x000000008c800000, 0x000000008c800000, 0x000000008c900000|  0%| F|  |TAMS 0x000000008c800000, 0x000000008c800000| Untracked 
| 119|0x000000008c900000, 0x000000008c900000, 0x000000008ca00000|  0%| F|  |TAMS 0x000000008c900000, 0x000000008c900000| Untracked 
| 120|0x000000008ca00000, 0x000000008ca00000, 0x000000008cb00000|  0%| F|  |TAMS 0x000000008ca00000, 0x000000008ca00000| Untracked 
| 121|0x000000008cb00000, 0x000000008cb94aa0, 0x000000008cc00000| 58%| E|  |TAMS 0x000000008cb00000, 0x000000008cb00000| Complete 
| 122|0x000000008cc00000, 0x000000008cd00000, 0x000000008cd00000|100%| E|CS|TAMS 0x000000008cc00000, 0x000000008cc00000| Complete 
| 123|0x000000008cd00000, 0x000000008ce00000, 0x000000008ce00000|100%| E|CS|TAMS 0x000000008cd00000, 0x000000008cd00000| Complete 

Card table byte_map: [0x0000022a1a650000,0x0000022a1aa30000] _byte_map_base: 0x0000022a1a227000

Marking Bits (Prev, Next): (CMBitMap*) 0x0000022a01b4df20, (CMBitMap*) 0x0000022a01b4df60
 Prev Bits: [0x0000022a1ae10000, 0x0000022a1ccc8000)
 Next Bits: [0x0000022a1ccd0000, 0x0000022a1eb88000)

Polling page: 0x0000022a019b0000

Metaspace:

Usage:
  Non-class:      6.72 MB used.
      Class:    866.38 KB used.
       Both:      7.56 MB used.

Virtual space:
  Non-class space:       64.00 MB reserved,       6.75 MB ( 11%) committed,  1 nodes.
      Class space:        1.00 GB reserved,     960.00 KB ( <1%) committed,  1 nodes.
             Both:        1.06 GB reserved,       7.69 MB ( <1%) committed. 

Chunk freelists:
   Non-Class:  1.00 MB
       Class:  3.12 MB
        Both:  4.12 MB

MaxMetaspaceSize: unlimited
CompressedClassSpaceSize: 1.00 GB
Initial GC threshold: 21.00 MB
Current GC threshold: 21.00 MB
CDS: on
MetaspaceReclaimPolicy: balanced
 - commit_granule_bytes: 65536.
 - commit_granule_words: 8192.
 - virtual_space_node_default_size: 8388608.
 - enlarge_chunks_in_place: 1.
 - new_chunks_are_fully_committed: 0.
 - uncommit_free_chunks: 1.
 - use_allocation_guard: 0.


Internal statistics:

num_allocs_failed_limit: 0.
num_arena_births: 116.
num_arena_deaths: 0.
num_vsnodes_births: 2.
num_vsnodes_deaths: 0.
num_space_committed: 123.
num_space_uncommitted: 0.
num_chunks_returned_to_freelist: 0.
num_chunks_taken_from_freelist: 163.
num_chunk_merges: 0.
num_chunk_splits: 89.
num_chunks_enlarged: 24.
num_inconsistent_stats: 0.

CodeHeap 'non-profiled nmethods': size=120000Kb used=291Kb max_used=291Kb free=119708Kb
 bounds [0x0000022a12720000, 0x0000022a12990000, 0x0000022a19c50000]
CodeHeap 'profiled nmethods': size=120000Kb used=1721Kb max_used=1721Kb free=118278Kb
 bounds [0x0000022a0b1f0000, 0x0000022a0b460000, 0x0000022a12720000]
CodeHeap 'non-nmethods': size=5760Kb used=1279Kb max_used=1285Kb free=4480Kb
 bounds [0x0000022a0ac50000, 0x0000022a0aec0000, 0x0000022a0b1f0000]
 total_blobs=1667 nmethods=1072 adapters=508
 compilation: enabled
              stopped_count=0, restarted_count=0
 full_count=0

Compilation events (20 events):
Event: 3.138 Thread 0x0000022a21150e70 1060       3       java.awt.EventQueue::eventToCacheIndex (80 bytes)
Event: 3.138 Thread 0x0000022a21150e70 nmethod 1060 0x0000022a0b398690 code [0x0000022a0b398860, 0x0000022a0b398e58]
Event: 3.138 Thread 0x0000022a21150e70 1062   !   3       sun.awt.PostEventQueue::flush (168 bytes)
Event: 3.139 Thread 0x0000022a21150e70 nmethod 1062 0x0000022a0b398f10 code [0x0000022a0b3991c0, 0x0000022a0b399f28]
Event: 3.139 Thread 0x0000022a21150e70 1061       3       sun.awt.SunToolkit::flushPendingEvents (19 bytes)
Event: 3.140 Thread 0x0000022a21150e70 nmethod 1061 0x0000022a0b39a510 code [0x0000022a0b39a6c0, 0x0000022a0b39a958]
Event: 3.146 Thread 0x0000022a21150e70 1063       3       java.awt.Container::getChildAt (54 bytes)
Event: 3.147 Thread 0x0000022a21150e70 nmethod 1063 0x0000022a0b39aa90 code [0x0000022a0b39ac80, 0x0000022a0b39b2b8]
Event: 3.162 Thread 0x0000022a21150e70 1065  s    3       java.awt.Toolkit::getDefaultToolkit (53 bytes)
Event: 3.163 Thread 0x0000022a21150e70 nmethod 1065 0x0000022a0b39b490 code [0x0000022a0b39b7a0, 0x0000022a0b39c9e8]
Event: 3.171 Thread 0x0000022a21150e70 1067       3       jdk.internal.misc.Unsafe::weakCompareAndSetInt (11 bytes)
Event: 3.171 Thread 0x0000022a21150e70 nmethod 1067 0x0000022a0b39ce90 code [0x0000022a0b39d020, 0x0000022a0b39d158]
Event: 3.195 Thread 0x0000022a21150e70 1068       3       java.util.concurrent.locks.ReentrantLock$Sync::isHeldExclusively (16 bytes)
Event: 3.195 Thread 0x0000022a21150e70 nmethod 1068 0x0000022a0b39d210 code [0x0000022a0b39d3a0, 0x0000022a0b39d538]
Event: 23.163 Thread 0x0000022a21150e70 1069       3       java.util.ArrayList::toArray (57 bytes)
Event: 23.163 Thread 0x0000022a21150e70 nmethod 1069 0x0000022a0b39d610 code [0x0000022a0b39d7e0, 0x0000022a0b39dd58]
Event: 26.819 Thread 0x0000022a21150e70 1071       3       sun.java2d.d3d.D3DSurfaceData$D3DWindowSurfaceData::isDirty (18 bytes)
Event: 26.820 Thread 0x0000022a21150e70 nmethod 1071 0x0000022a0b39de90 code [0x0000022a0b39e040, 0x0000022a0b39e268]
Event: 26.820 Thread 0x0000022a21150e70 1072       3       sun.java2d.StateTrackableDelegate$1::isCurrent (17 bytes)
Event: 26.820 Thread 0x0000022a21150e70 nmethod 1072 0x0000022a0b39e310 code [0x0000022a0b39e4a0, 0x0000022a0b39e618]

GC Heap History (2 events):
Event: 0.689 GC heap before
{Heap before GC invocations=0 (full 0):
 garbage-first heap   total 126976K, used 13312K [0x0000000085200000, 0x0000000100000000)
  region size 1024K, 13 young (13312K), 0 survivors (0K)
 Metaspace       used 7113K, committed 7360K, reserved 1114112K
  class space    used 803K, committed 960K, reserved 1048576K
}
Event: 0.693 GC heap after
{Heap after GC invocations=1 (full 0):
 garbage-first heap   total 126976K, used 2739K [0x0000000085200000, 0x0000000100000000)
  region size 1024K, 2 young (2048K), 2 survivors (2048K)
 Metaspace       used 7113K, committed 7360K, reserved 1114112K
  class space    used 803K, committed 960K, reserved 1048576K
}

Deoptimization events (20 events):
Event: 0.713 Thread 0x0000022a01aede90 Uncommon trap: trap_request=0xffffffde fr.pc=0x0000022a12752940 relative=0x0000000000000280
Event: 0.713 Thread 0x0000022a01aede90 Uncommon trap: reason=class_check action=maybe_recompile pc=0x0000022a12752940 method=java.util.HashMap.getNode(Ljava/lang/Object;)Ljava/util/HashMap$Node; @ 63 c2
Event: 0.713 Thread 0x0000022a01aede90 DEOPT PACKING pc=0x0000022a12752940 sp=0x0000002ec18fe890
Event: 0.713 Thread 0x0000022a01aede90 DEOPT UNPACKING pc=0x0000022a0aca23a3 sp=0x0000002ec18fe7f8 mode 2
Event: 0.713 Thread 0x0000022a01aede90 Uncommon trap: trap_request=0xffffffde fr.pc=0x0000022a12752940 relative=0x0000000000000280
Event: 0.713 Thread 0x0000022a01aede90 Uncommon trap: reason=class_check action=maybe_recompile pc=0x0000022a12752940 method=java.util.HashMap.getNode(Ljava/lang/Object;)Ljava/util/HashMap$Node; @ 63 c2
Event: 0.713 Thread 0x0000022a01aede90 DEOPT PACKING pc=0x0000022a12752940 sp=0x0000002ec18fe890
Event: 0.713 Thread 0x0000022a01aede90 DEOPT UNPACKING pc=0x0000022a0aca23a3 sp=0x0000002ec18fe7f8 mode 2
Event: 0.713 Thread 0x0000022a01aede90 Uncommon trap: trap_request=0xffffffde fr.pc=0x0000022a12752940 relative=0x0000000000000280
Event: 0.713 Thread 0x0000022a01aede90 Uncommon trap: reason=class_check action=maybe_recompile pc=0x0000022a12752940 method=java.util.HashMap.getNode(Ljava/lang/Object;)Ljava/util/HashMap$Node; @ 63 c2
Event: 0.713 Thread 0x0000022a01aede90 DEOPT PACKING pc=0x0000022a12752940 sp=0x0000002ec18fe890
Event: 0.713 Thread 0x0000022a01aede90 DEOPT UNPACKING pc=0x0000022a0aca23a3 sp=0x0000002ec18fe7f8 mode 2
Event: 0.740 Thread 0x0000022a01aede90 Uncommon trap: trap_request=0xffffffde fr.pc=0x0000022a12752940 relative=0x0000000000000280
Event: 0.740 Thread 0x0000022a01aede90 Uncommon trap: reason=class_check action=maybe_recompile pc=0x0000022a12752940 method=java.util.HashMap.getNode(Ljava/lang/Object;)Ljava/util/HashMap$Node; @ 63 c2
Event: 0.740 Thread 0x0000022a01aede90 DEOPT PACKING pc=0x0000022a12752940 sp=0x0000002ec18fe680
Event: 0.740 Thread 0x0000022a01aede90 DEOPT UNPACKING pc=0x0000022a0aca23a3 sp=0x0000002ec18fe5e8 mode 2
Event: 1.964 Thread 0x0000022a260eb2f0 Uncommon trap: trap_request=0xffffffc6 fr.pc=0x0000022a1275ed64 relative=0x00000000000002a4
Event: 1.964 Thread 0x0000022a260eb2f0 Uncommon trap: reason=bimorphic_or_optimized_type_check action=maybe_recompile pc=0x0000022a1275ed64 method=java.util.concurrent.ConcurrentHashMap.get(Ljava/lang/Object;)Ljava/lang/Object; @ 149 c2
Event: 1.964 Thread 0x0000022a260eb2f0 DEOPT PACKING pc=0x0000022a1275ed64 sp=0x0000002ec30fd5c0
Event: 1.964 Thread 0x0000022a260eb2f0 DEOPT UNPACKING pc=0x0000022a0aca23a3 sp=0x0000002ec30fd530 mode 2

Classes loaded (20 events):
Event: 3.747 Loading class java/awt/KeyboardFocusManager$2
Event: 3.747 Loading class java/awt/KeyboardFocusManager$2 done
Event: 3.747 Loading class sun/awt/SunToolkit$1
Event: 3.747 Loading class sun/awt/SunToolkit$1 done
Event: 110.630 Loading class java/util/WeakHashMap$KeyIterator
Event: 110.630 Loading class java/util/WeakHashMap$HashIterator
Event: 110.630 Loading class java/util/WeakHashMap$HashIterator done
Event: 110.630 Loading class java/util/WeakHashMap$KeyIterator done
Event: 110.646 Loading class java/awt/image/Raster
Event: 110.646 Loading class java/awt/image/Raster done
Event: 110.646 Loading class java/awt/image/DataBufferInt
Event: 110.646 Loading class java/awt/image/DataBuffer
Event: 110.646 Loading class java/awt/image/DataBuffer done
Event: 110.646 Loading class java/awt/image/DataBufferInt done
Event: 110.646 Loading class java/awt/image/DataBuffer$1
Event: 110.646 Loading class sun/awt/image/SunWritableRaster$DataStealer
Event: 110.646 Loading class sun/awt/image/SunWritableRaster$DataStealer done
Event: 110.646 Loading class java/awt/image/DataBuffer$1 done
Event: 110.646 Loading class sun/awt/image/SunWritableRaster
Event: 110.646 Loading class java/awt/image/WritableRaster

Classes unloaded (0 events):
No events

Classes redefined (0 events):
No events

Internal exceptions (14 events):
Event: 0.085 Thread 0x0000022a01aede90 Exception <a 'java/lang/NoSuchMethodError'{0x000000008cc2a0e0}: 'void java.lang.invoke.DirectMethodHandle$Holder.invokeVirtual(java.lang.Object, java.lang.Object)'> (0x000000008cc2a0e0) 
thrown [s\open\src\hotspot\share\interpreter\linkResolver.cpp, line 759]
Event: 0.121 Thread 0x0000022a01aede90 Exception <a 'sun/nio/fs/WindowsException'{0x000000008ccbf868}> (0x000000008ccbf868) 
thrown [s\open\src\hotspot\share\prims\jni.cpp, line 516]
Event: 0.131 Thread 0x0000022a01aede90 Exception <a 'java/lang/ClassNotFoundException'{0x000000008cce8e60}: sun/awt/resources/spi/awtProvider> (0x000000008cce8e60) 
thrown [s\open\src\hotspot\share\classfile\systemDictionary.cpp, line 255]
Event: 0.154 Thread 0x0000022a01aede90 Exception <a 'java/io/FileNotFoundException'{0x000000008cb3be40}> (0x000000008cb3be40) 
thrown [s\open\src\hotspot\share\prims\jni.cpp, line 516]
Event: 0.159 Thread 0x0000022a01aede90 Exception <a 'java/io/FileNotFoundException'{0x000000008cb69038}> (0x000000008cb69038) 
thrown [s\open\src\hotspot\share\prims\jni.cpp, line 516]
Event: 0.192 Thread 0x0000022a01aede90 Exception <a 'java/lang/NoSuchMethodError'{0x000000008cbad8b0}: 'java.lang.Object java.lang.invoke.DirectMethodHandle$Holder.invokeStaticInit(java.lang.Object)'> (0x000000008cbad8b0) 
thrown [s\open\src\hotspot\share\interpreter\linkResolver.cpp, line 759]
Event: 0.341 Thread 0x0000022a01aede90 Exception <a 'java/lang/NoSuchMethodError'{0x000000008ca2fbf0}: 'void java.lang.invoke.DirectMethodHandle$Holder.invokeSpecial(java.lang.Object, java.lang.Object, java.lang.Object)'> (0x000000008ca2fbf0) 
thrown [s\open\src\hotspot\share\interpreter\linkResolver.cpp, line 759]
Event: 0.350 Thread 0x0000022a01aede90 Exception <a 'java/lang/NoSuchMethodError'{0x000000008ca5ae98}: 'java.lang.Object java.lang.invoke.DirectMethodHandle$Holder.newInvokeSpecial(java.lang.Object, java.lang.Object, java.lang.Object, java.lang.Object, java.lang.Object)'> (0x000000008ca5ae98) 
thrown [s\open\src\hotspot\share\interpreter\linkResolver.cpp, line 759]
Event: 0.355 Thread 0x0000022a01aede90 Exception <a 'java/lang/NoSuchMethodError'{0x000000008ca8cc00}: 'java.lang.Object java.lang.invoke.DirectMethodHandle$Holder.invokeStatic(java.lang.Object, int, java.lang.Object)'> (0x000000008ca8cc00) 
thrown [s\open\src\hotspot\share\interpreter\linkResolver.cpp, line 759]
Event: 0.376 Thread 0x0000022a01aede90 Exception <a 'java/lang/ClassNotFoundException'{0x000000008c949e90}: com/sun/swing/internal/plaf/metal/resources/spi/metalProvider> (0x000000008c949e90) 
thrown [s\open\src\hotspot\share\classfile\systemDictionary.cpp, line 255]
Event: 0.378 Thread 0x0000022a01aede90 Exception <a 'java/lang/ClassNotFoundException'{0x000000008c94de78}: com/sun/swing/internal/plaf/basic/resources/spi/basicProvider> (0x000000008c94de78) 
thrown [s\open\src\hotspot\share\classfile\systemDictionary.cpp, line 255]
Event: 0.386 Thread 0x0000022a01aede90 Exception <a 'java/lang/NoSuchMethodError'{0x000000008c96e220}: 'int java.lang.invoke.Invokers$Holder.invokeExact_MT(java.lang.Object, java.lang.Object)'> (0x000000008c96e220) 
thrown [s\open\src\hotspot\share\interpreter\linkResolver.cpp, line 759]
Event: 0.411 Thread 0x0000022a01aede90 Exception <a 'java/lang/NoSuchMethodError'{0x000000008c9dc050}: 'void java.lang.invoke.DirectMethodHandle$Holder.invokeStaticInit(java.lang.Object)'> (0x000000008c9dc050) 
thrown [s\open\src\hotspot\share\interpreter\linkResolver.cpp, line 759]
Event: 0.440 Thread 0x0000022a01aede90 Exception <a 'sun/nio/fs/WindowsException'{0x000000008c831bb0}> (0x000000008c831bb0) 
thrown [s\open\src\hotspot\share\prims\jni.cpp, line 516]

VM Operations (16 events):
Event: 0.097 Executing VM operation: HandshakeAllThreads
Event: 0.097 Executing VM operation: HandshakeAllThreads done
Event: 0.401 Executing VM operation: HandshakeAllThreads
Event: 0.401 Executing VM operation: HandshakeAllThreads done
Event: 0.689 Executing VM operation: G1CollectForAllocation
Event: 0.693 Executing VM operation: G1CollectForAllocation done
Event: 0.707 Executing VM operation: HandshakeAllThreads
Event: 0.707 Executing VM operation: HandshakeAllThreads done
Event: 0.707 Executing VM operation: HandshakeAllThreads
Event: 0.707 Executing VM operation: HandshakeAllThreads done
Event: 1.708 Executing VM operation: Cleanup
Event: 1.708 Executing VM operation: Cleanup done
Event: 2.711 Executing VM operation: Cleanup
Event: 2.711 Executing VM operation: Cleanup done
Event: 110.575 Executing VM operation: Cleanup
Event: 110.575 Executing VM operation: Cleanup done

Events (20 events):
Event: 0.039 Thread 0x0000022a21150e70 Thread added: 0x0000022a21150e70
Event: 0.039 Thread 0x0000022a2115a370 Thread added: 0x0000022a2115a370
Event: 0.065 Thread 0x0000022a01bb5e50 Thread added: 0x0000022a01bb5e50
Event: 0.071 Loaded shared library C:\Program Files\Java\jdk-18.0.2\bin\net.dll
Event: 0.073 Loaded shared library C:\Program Files\Java\jdk-18.0.2\bin\nio.dll
Event: 0.107 Thread 0x0000022a254d4480 Thread added: 0x0000022a254d4480
Event: 0.119 Loaded shared library C:\Program Files\Java\jdk-18.0.2\bin\jimage.dll
Event: 0.127 Loaded shared library C:\Program Files\Java\jdk-18.0.2\bin\zip.dll
Event: 0.141 Loaded shared library C:\Program Files\Java\jdk-18.0.2\bin\awt.dll
Event: 0.193 Thread 0x0000022a256ce3d0 Thread added: 0x0000022a256ce3d0
Event: 0.193 Thread 0x0000022a256d1350 Thread added: 0x0000022a256d1350
Event: 0.195 Thread 0x0000022a256d1be0 Thread added: 0x0000022a256d1be0
Event: 0.397 Thread 0x0000022a260eb2f0 Thread added: 0x0000022a260eb2f0
Event: 0.416 Loaded shared library C:\Program Files\Java\jdk-18.0.2\bin\freetype.dll
Event: 0.417 Loaded shared library C:\Program Files\Java\jdk-18.0.2\bin\fontmanager.dll
Event: 0.472 Thread 0x0000022a2610a5a0 Thread added: 0x0000022a2610a5a0
Event: 0.672 Thread 0x0000022a261987c0 Thread added: 0x0000022a261987c0
Event: 0.763 Thread 0x0000022a01aede90 Thread exited: 0x0000022a01aede90
Event: 0.763 Thread 0x0000022a01aede90 Thread added: 0x0000022a01aede90
Event: 0.915 Thread 0x0000022a261987c0 Thread exited: 0x0000022a261987c0


Dynamic libraries:
0x00007ff77ec40000 - 0x00007ff77ec50000 	C:\Program Files\Java\jdk-18.0.2\bin\javaw.exe
0x00007ff958610000 - 0x00007ff958808000 	C:\WINDOWS\SYSTEM32\ntdll.dll
0x00007ff956670000 - 0x00007ff95672f000 	C:\WINDOWS\System32\KERNEL32.DLL
0x00007ff955d20000 - 0x00007ff956016000 	C:\WINDOWS\System32\KERNELBASE.dll
0x00007ff956250000 - 0x00007ff956350000 	C:\WINDOWS\System32\ucrtbase.dll
0x00007ff94d2d0000 - 0x00007ff94d2ea000 	C:\Program Files\Java\jdk-18.0.2\bin\VCRUNTIME140.dll
0x00007ff94d2f0000 - 0x00007ff94d308000 	C:\Program Files\Java\jdk-18.0.2\bin\jli.dll
0x00007ff957240000 - 0x00007ff9572ef000 	C:\WINDOWS\System32\ADVAPI32.dll
0x00007ff958510000 - 0x00007ff9585ae000 	C:\WINDOWS\System32\msvcrt.dll
0x00007ff957130000 - 0x00007ff9571cc000 	C:\WINDOWS\System32\sechost.dll
0x00007ff957a30000 - 0x00007ff957b56000 	C:\WINDOWS\System32\RPCRT4.dll
0x00007ff957890000 - 0x00007ff957a2d000 	C:\WINDOWS\System32\USER32.dll
0x00007ff943cd0000 - 0x00007ff943f6a000 	C:\WINDOWS\WinSxS\amd64_microsoft.windows.common-controls_6595b64144ccf1df_6.0.19041.1110_none_60b5254171f9507e\COMCTL32.dll
0x00007ff956640000 - 0x00007ff956662000 	C:\WINDOWS\System32\win32u.dll
0x00007ff957050000 - 0x00007ff95707c000 	C:\WINDOWS\System32\GDI32.dll
0x00007ff956130000 - 0x00007ff956245000 	C:\WINDOWS\System32\gdi32full.dll
0x00007ff956090000 - 0x00007ff95612d000 	C:\WINDOWS\System32\msvcp_win.dll
0x00007ff950630000 - 0x00007ff95063a000 	C:\WINDOWS\SYSTEM32\VERSION.dll
0x00007ff957860000 - 0x00007ff957890000 	C:\WINDOWS\System32\IMM32.DLL
0x00007ff950da0000 - 0x00007ff950dac000 	C:\Program Files\Java\jdk-18.0.2\bin\vcruntime140_1.dll
0x00007ff930de0000 - 0x00007ff930e6d000 	C:\Program Files\Java\jdk-18.0.2\bin\msvcp140.dll
0x00007ff8c6ed0000 - 0x00007ff8c7ae1000 	C:\Program Files\Java\jdk-18.0.2\bin\server\jvm.dll
0x00007ff9577e0000 - 0x00007ff9577e8000 	C:\WINDOWS\System32\PSAPI.DLL
0x00007ff94d140000 - 0x00007ff94d149000 	C:\WINDOWS\SYSTEM32\WSOCK32.dll
0x00007ff9577f0000 - 0x00007ff95785b000 	C:\WINDOWS\System32\WS2_32.dll
0x00007ff947800000 - 0x00007ff947827000 	C:\WINDOWS\SYSTEM32\WINMM.dll
0x00007ff953bb0000 - 0x00007ff953bc2000 	C:\WINDOWS\SYSTEM32\kernel.appcore.dll
0x00007ff93f1e0000 - 0x00007ff93f1ea000 	C:\Program Files\Java\jdk-18.0.2\bin\jimage.dll
0x00007ff94f6e0000 - 0x00007ff94f8c4000 	C:\WINDOWS\SYSTEM32\DBGHELP.DLL
0x00007ff941bc0000 - 0x00007ff941bf4000 	C:\WINDOWS\SYSTEM32\dbgcore.DLL
0x00007ff9563a0000 - 0x00007ff956422000 	C:\WINDOWS\System32\bcryptPrimitives.dll
0x00007ff9086b0000 - 0x00007ff9086d5000 	C:\Program Files\Java\jdk-18.0.2\bin\java.dll
0x00007ff907f80000 - 0x00007ff908056000 	C:\Program Files\Java\jdk-18.0.2\bin\jsvml.dll
0x00007ff956730000 - 0x00007ff956e74000 	C:\WINDOWS\System32\SHELL32.dll
0x00007ff953db0000 - 0x00007ff954543000 	C:\WINDOWS\SYSTEM32\windows.storage.dll
0x00007ff9572f0000 - 0x00007ff957644000 	C:\WINDOWS\System32\combase.dll
0x00007ff9556c0000 - 0x00007ff9556ee000 	C:\WINDOWS\SYSTEM32\Wldp.dll
0x00007ff957730000 - 0x00007ff9577dd000 	C:\WINDOWS\System32\SHCORE.dll
0x00007ff9584b0000 - 0x00007ff958505000 	C:\WINDOWS\System32\shlwapi.dll
0x00007ff955c20000 - 0x00007ff955c45000 	C:\WINDOWS\SYSTEM32\profapi.dll
0x00007ff930180000 - 0x00007ff930193000 	C:\Program Files\Java\jdk-18.0.2\bin\net.dll
0x00007ff950c00000 - 0x00007ff950d0a000 	C:\WINDOWS\SYSTEM32\WINHTTP.dll
0x00007ff955420000 - 0x00007ff95548a000 	C:\WINDOWS\system32\mswsock.dll
0x00007ff92f660000 - 0x00007ff92f676000 	C:\Program Files\Java\jdk-18.0.2\bin\nio.dll
0x00007ff91e070000 - 0x00007ff91e088000 	C:\Program Files\Java\jdk-18.0.2\bin\zip.dll
0x00007ff8f5a00000 - 0x00007ff8f5b8f000 	C:\Program Files\Java\jdk-18.0.2\bin\awt.dll
0x00007ff956e80000 - 0x00007ff956f4d000 	C:\WINDOWS\System32\OLEAUT32.dll
0x00007ff9535b0000 - 0x00007ff953641000 	C:\WINDOWS\SYSTEM32\apphelp.dll
0x00007ff9539d0000 - 0x00007ff9539ff000 	C:\WINDOWS\system32\DWMAPI.DLL
0x00007ff9536e0000 - 0x00007ff95377e000 	C:\WINDOWS\system32\uxtheme.dll
0x00007ff907690000 - 0x00007ff9077b5000 	C:\WINDOWS\system32\opengl32.dll
0x00007ff94d290000 - 0x00007ff94d2bc000 	C:\WINDOWS\SYSTEM32\GLU32.dll
0x00007ff958390000 - 0x00007ff9584a4000 	C:\WINDOWS\System32\MSCTF.dll
0x00007ff9581e0000 - 0x00007ff95830a000 	C:\WINDOWS\System32\ole32.dll
0x00007ff947ca0000 - 0x00007ff947e6d000 	C:\WINDOWS\system32\d3d9.dll
0x00007ff94b650000 - 0x00007ff94b752000 	C:\WINDOWS\System32\DriverStore\FileRepository\nv_dispi.inf_amd64_1c83a5d7cffd7bff\nvldumdx.dll
0x00007ff955850000 - 0x00007ff955862000 	C:\WINDOWS\SYSTEM32\msasn1.dll
0x00007ff950330000 - 0x00007ff950361000 	C:\WINDOWS\SYSTEM32\cryptnet.dll
0x00007ff956430000 - 0x00007ff95658e000 	C:\WINDOWS\System32\CRYPT32.dll
0x00007ff955610000 - 0x00007ff95561c000 	C:\WINDOWS\SYSTEM32\cryptbase.dll
0x00007ff956020000 - 0x00007ff956087000 	C:\WINDOWS\System32\WINTRUST.DLL
0x00007ff9585b0000 - 0x00007ff9585cd000 	C:\WINDOWS\System32\imagehlp.dll
0x00007ff955620000 - 0x00007ff955638000 	C:\WINDOWS\SYSTEM32\CRYPTSP.dll
0x00007ff954cd0000 - 0x00007ff954d04000 	C:\WINDOWS\system32\rsaenh.dll
0x00007ff955cf0000 - 0x00007ff955d17000 	C:\WINDOWS\System32\bcrypt.dll
0x00007ff8c54b0000 - 0x00007ff8c6ecb000 	C:\WINDOWS\System32\DriverStore\FileRepository\nv_dispi.inf_amd64_1c83a5d7cffd7bff\nvd3dumx.dll
0x00007ff954560000 - 0x00007ff954583000 	C:\WINDOWS\SYSTEM32\gpapi.dll
0x00007ff94bd30000 - 0x00007ff94bd6b000 	C:\WINDOWS\SYSTEM32\dxcore.dll
0x00007ff956350000 - 0x00007ff95639e000 	C:\WINDOWS\System32\cfgmgr32.dll
0x00007ff91e370000 - 0x00007ff91e3f6000 	C:\Program Files\Java\jdk-18.0.2\bin\freetype.dll
0x00007ff908dd0000 - 0x00007ff908e78000 	C:\Program Files\Java\jdk-18.0.2\bin\fontmanager.dll
0x00007ff94afb0000 - 0x00007ff94b0aa000 	C:\WINDOWS\SYSTEM32\textinputframework.dll
0x00007ff953200000 - 0x00007ff9532f2000 	C:\WINDOWS\System32\CoreMessaging.dll
0x00007ff952ea0000 - 0x00007ff9531fe000 	C:\WINDOWS\System32\CoreUIComponents.dll
0x00007ff954df0000 - 0x00007ff954e23000 	C:\WINDOWS\SYSTEM32\ntmarta.dll
0x00007ff952790000 - 0x00007ff9528e4000 	C:\WINDOWS\SYSTEM32\wintypes.dll
0x00007ff957080000 - 0x00007ff957129000 	C:\WINDOWS\System32\clbcatq.dll
0x00007ff94f110000 - 0x00007ff94f2c4000 	C:\WINDOWS\SYSTEM32\WindowsCodecs.dll
0x00007ff93ef70000 - 0x00007ff93efae000 	C:\WINDOWS\system32\dataexchange.dll
0x00007ff952930000 - 0x00007ff952b13000 	C:\WINDOWS\system32\dcomp.dll
0x00007ff9519b0000 - 0x00007ff951c13000 	C:\WINDOWS\system32\d3d11.dll
0x00007ff954590000 - 0x00007ff954683000 	C:\WINDOWS\system32\dxgi.dll
0x00007ff94f4d0000 - 0x00007ff94f6d7000 	C:\WINDOWS\system32\twinapi.appcore.dll

dbghelp: loaded successfully - version: 4.0.5 - missing functions: none
symbol engine: initialized successfully - sym options: 0x614 - pdb path: .;C:\Program Files\Java\jdk-18.0.2\bin;C:\WINDOWS\SYSTEM32;C:\WINDOWS\WinSxS\amd64_microsoft.windows.common-controls_6595b64144ccf1df_6.0.19041.1110_none_60b5254171f9507e;C:\Program Files\Java\jdk-18.0.2\bin\server;C:\WINDOWS\System32\DriverStore\FileRepository\nv_dispi.inf_amd64_1c83a5d7cffd7bff

VM Arguments:
jvm_args: -Dfile.encoding=UTF-8 --module-path=C:\Users\Sumit\eclipse-workspace\LOgin\bin -XX:+ShowCodeDetailsInExceptionMessages -Djdk.module.main=LOgin 
java_command: LOgin/in.login.LGN
java_class_path (initial): H:\mysql-connector-j-8.0.32\mysql-connector-j-8.0.32.jar
Launcher Type: SUN_STANDARD

[Global flags]
     intx CICompilerCount                          = 3                                         {product} {ergonomic}
     uint ConcGCThreads                            = 1                                         {product} {ergonomic}
     uint G1ConcRefinementThreads                  = 4                                         {product} {ergonomic}
   size_t G1HeapRegionSize                         = 1048576                                   {product} {ergonomic}
    uintx GCDrainStackTargetSize                   = 64                                        {product} {ergonomic}
   size_t InitialHeapSize                          = 130023424                                 {product} {ergonomic}
   size_t MarkStackSize                            = 4194304                                   {product} {ergonomic}
   size_t MaxHeapSize                              = 2061500416                                {product} {ergonomic}
   size_t MaxNewSize                               = 1236271104                                {product} {ergonomic}
   size_t MinHeapDeltaBytes                        = 1048576                                   {product} {ergonomic}
   size_t MinHeapSize                              = 8388608                                   {product} {ergonomic}
    uintx NonNMethodCodeHeapSize                   = 5832780                                {pd product} {ergonomic}
    uintx NonProfiledCodeHeapSize                  = 122912730                              {pd product} {ergonomic}
    uintx ProfiledCodeHeapSize                     = 122912730                              {pd product} {ergonomic}
    uintx ReservedCodeCacheSize                    = 251658240                              {pd product} {ergonomic}
     bool SegmentedCodeCache                       = true                                      {product} {ergonomic}
     bool ShowCodeDetailsInExceptionMessages       = true                                   {manageable} {command line}
   size_t SoftMaxHeapSize                          = 2061500416                             {manageable} {ergonomic}
     bool UseCompressedClassPointers               = true                           {product lp64_product} {ergonomic}
     bool UseCompressedOops                        = true                           {product lp64_product} {ergonomic}
     bool UseG1GC                                  = true                                      {product} {ergonomic}
     bool UseLargePagesIndividualAllocation        = false                                  {pd product} {ergonomic}

Logging:
Log output configuration:
 #0: stdout all=warning uptime,level,tags foldmultilines=false
 #1: stderr all=off uptime,level,tags foldmultilines=false

Environment Variables:
PATH=C:/Program Files/Java/jdk-18.0.2/bin/server;C:/Program Files/Java/jdk-18.0.2/bin;C:\Program Files\Eclipse Adoptium\jdk-17.0.6.10-hotspot\bin;C:\Program Files\Python311\Scripts\;C:\Program Files\Python311\;C:\Program Files\Common Files\Oracle\Java\javapath;C:\WINDOWS\system32;C:\WINDOWS;C:\WINDOWS\System32\Wbem;C:\WINDOWS\System32\WindowsPowerShell\v1.0\;C:\MinGW\bin;C:\WINDOWS\System32\OpenSSH\;C:\Program Files\Java\jdk-18.0.2\bin;C:\Program Files\MySQL\MySQL Server 8.0\bin;C:\mysql-connector-j-8.1.0.jar;C:\Users\Sumit\AppData\Local\Microsoft\WindowsApps;C:\Users\Sumit\AppData\Local\Programs\Microsoft VS Code\bin;C:\MinGW\bin;C:\Program Files\Java\jdk-18.0.2\bin;C:\Program Files\JetBrains\PyCharm 2022.3\bin;;C:\Program Files\JetBrains\PyCharm Community Edition 2022.3\bin;;C:\xampp\mysql\bin;C:\mysql-connector-j-8.1.0.jar;;C:\WINDOWS\System32;
USERNAME=Sumit
OS=Windows_NT
PROCESSOR_IDENTIFIER=AMD64 Family 23 Model 17 Stepping 0, AuthenticAMD



---------------  S Y S T E M  ---------------

OS:
 Windows 10 , 64 bit Build 19041 (10.0.19041.3155)
OS uptime: 1 days 4:54 hours

CPU: total 4 (initial active 4) (4 cores per cpu, 1 threads per core) family 23 model 17 stepping 0 microcode 0x0, cx8, cmov, fxsr, mmx, 3dnowpref, sse, sse2, sse3, ssse3, sse4a, sse4.1, sse4.2, popcnt, lzcnt, tsc, tscinvbit, avx, avx2, aes, clmul, bmi1, bmi2, adx, sha, fma, vzeroupper, clflush, clflushopt

Memory: 4k page, system-wide physical 7862M (1162M free)
TotalPageFile size 22026M (AvailPageFile size 1M)
current process WorkingSet (physical memory assigned to process): 84M, peak: 85M
current process commit charge ("private bytes"): 253M, peak: 254M

vm_info: Java HotSpot(TM) 64-Bit Server VM (18.0.2+9-61) for windows-amd64 JRE (18.0.2+9-61), built on Jun  7 2022 13:09:01 by "mach5one" with MS VC++ 16.8 / 16.9 (VS2019)

END.
