#
# There is insufficient memory for the Java Runtime Environment to continue.
# Native memory allocation (mmap) failed to map 65536 bytes for Failed to commit metaspace.
# Possible reasons:
#   The system is out of physical RAM or swap space
#   The process is running with CompressedOops enabled, and the Java Heap may be blocking the growth of the native heap
# Possible solutions:
#   Reduce memory load on the system
#   Increase physical memory or swap space
#   Check if swap backing store is full
#   Decrease Java heap size (-Xmx/-Xms)
#   Decrease number of Java threads
#   Decrease Java thread stack sizes (-Xss)
#   Set larger code cache with -XX:ReservedCodeCacheSize=
#   JVM is running with Unscaled Compressed Oops mode in which the Java heap is
#     placed in the first 4GB address space. The Java Heap base address is the
#     maximum limit for the native heap growth. Please use -XX:HeapBaseMinAddress
#     to set the Java Heap base and to place the Java Heap above 4GB virtual address.
# This output file may be truncated or incomplete.
#
#  Out of Memory Error (virtualSpaceNode.cpp:110), pid=19352, tid=12488
#
# JRE version: Java(TM) SE Runtime Environment (18.0.2+9) (build 18.0.2+9-61)
# Java VM: Java HotSpot(TM) 64-Bit Server VM (18.0.2+9-61, mixed mode, sharing, tiered, compressed oops, compressed class ptrs, g1 gc, windows-amd64)
# No core dump will be written. Minidumps are not enabled by default on client versions of Windows
#

---------------  S U M M A R Y ------------

Command Line: -Dfile.encoding=UTF-8 --module-path=C:\Users\Sumit\eclipse-workspace\LOgin\bin -XX:+ShowCodeDetailsInExceptionMessages -Djdk.module.main=LOgin LOgin/in.login.LGN

Host: AMD Ryzen 3 2200G with Radeon Vega Graphics    , 4 cores, 7G,  Windows 10 , 64 bit Build 19041 (10.0.19041.3155)
Time: Sat Sep  9 20:44:58 2023 India Standard Time elapsed time: 87.348569 seconds (0d 0h 1m 27s)

---------------  T H R E A D  ---------------

Current thread (0x0000013a58b66940):  JavaThread "AWT-EventQueue-0" [_thread_in_vm, id=12488, stack(0x0000000da6700000,0x0000000da6800000)]

Stack: [0x0000000da6700000,0x0000000da6800000]
Native frames: (J=compiled Java code, j=interpreted, Vv=VM code, C=native code)
V  [jvm.dll+0x6993ca]
V  [jvm.dll+0x7f481d]
V  [jvm.dll+0x7f612e]
V  [jvm.dll+0x7f67e3]
V  [jvm.dll+0x25cdaf]
V  [jvm.dll+0x7f052b]
V  [jvm.dll+0x63f546]
V  [jvm.dll+0x63f5aa]
V  [jvm.dll+0x641e2e]
V  [jvm.dll+0x641cee]
V  [jvm.dll+0x63ff0e]
V  [jvm.dll+0x25152f]
V  [jvm.dll+0x64a545]
V  [jvm.dll+0x2027b1]
V  [jvm.dll+0x202ce5]
V  [jvm.dll+0x20371f]
V  [jvm.dll+0x1f8bb1]
V  [jvm.dll+0x55dc05]
V  [jvm.dll+0x209a67]
V  [jvm.dll+0x76dddd]
V  [jvm.dll+0x76f116]
V  [jvm.dll+0x76f448]
V  [jvm.dll+0x2551d6]
V  [jvm.dll+0x3a13de]
C  0x0000013a3deeb7f7

Java frames: (J=compiled Java code, j=interpreted, Vv=VM code)
j  sun.java2d.loops.DrawGlyphListColor.makePrimitive(Lsun/java2d/loops/SurfaceType;Lsun/java2d/loops/CompositeType;Lsun/java2d/loops/SurfaceType;)Lsun/java2d/loops/GraphicsPrimitive;+0 java.desktop@18.0.2
j  sun.java2d.loops.GraphicsPrimitiveMgr.locate(ILsun/java2d/loops/SurfaceType;Lsun/java2d/loops/CompositeType;Lsun/java2d/loops/SurfaceType;)Lsun/java2d/loops/GraphicsPrimitive;+30 java.desktop@18.0.2
j  sun.java2d.loops.DrawGlyphListColor.locate(Lsun/java2d/loops/SurfaceType;Lsun/java2d/loops/CompositeType;Lsun/java2d/loops/SurfaceType;)Lsun/java2d/loops/DrawGlyphListColor;+6 java.desktop@18.0.2
j  sun.java2d.SurfaceData.makeRenderLoops(Lsun/java2d/loops/SurfaceType;Lsun/java2d/loops/CompositeType;Lsun/java2d/loops/SurfaceType;)Lsun/java2d/loops/RenderLoops;+132 java.desktop@18.0.2
j  sun.awt.image.BufImgSurfaceData.getSolidLoops(Lsun/java2d/loops/SurfaceType;)Lsun/java2d/loops/RenderLoops;+43 java.desktop@18.0.2
j  sun.awt.image.BufImgSurfaceData.initSolidLoops()V+5 java.desktop@18.0.2
j  sun.awt.image.BufImgSurfaceData.createData(Ljava/awt/image/BufferedImage;DD)Lsun/java2d/SurfaceData;+903 java.desktop@18.0.2
j  sun.awt.image.VolatileSurfaceManager.getBackupSurface()Lsun/java2d/SurfaceData;+63 java.desktop@18.0.2
j  sun.awt.image.VolatileSurfaceManager.displayChanged()V+33 java.desktop@18.0.2
j  sun.awt.SunDisplayChanger.notifyListeners()V+105 java.desktop@18.0.2
j  sun.awt.Win32GraphicsEnvironment.displayChanged()V+291 java.desktop@18.0.2
j  sun.awt.windows.WToolkit.lambda$displayChanged$4()V+15 java.desktop@18.0.2
j  sun.awt.windows.WToolkit$$Lambda$146+0x0000000800cfead8.run()V+0 java.desktop@18.0.2
j  java.awt.event.InvocationEvent.dispatch()V+47 java.desktop@18.0.2
j  java.awt.EventQueue.dispatchEventImpl(Ljava/awt/AWTEvent;Ljava/lang/Object;)V+21 java.desktop@18.0.2
j  java.awt.EventQueue$4.run()Ljava/lang/Void;+32 java.desktop@18.0.2
j  java.awt.EventQueue$4.run()Ljava/lang/Object;+1 java.desktop@18.0.2
J 1045 c1 java.security.AccessController.executePrivileged(Ljava/security/PrivilegedAction;Ljava/security/AccessControlContext;Ljava/lang/Class;)Ljava/lang/Object; java.base@18.0.2 (65 bytes) @ 0x0000013a3e6187bc [0x0000013a3e618660+0x000000000000015c]
j  java.security.AccessController.doPrivileged(Ljava/security/PrivilegedAction;Ljava/security/AccessControlContext;)Ljava/lang/Object;+13 java.base@18.0.2
j  java.security.ProtectionDomain$JavaSecurityAccessImpl.doIntersectionPrivilege(Ljava/security/PrivilegedAction;Ljava/security/AccessControlContext;Ljava/security/AccessControlContext;)Ljava/lang/Object;+18 java.base@18.0.2
j  java.awt.EventQueue.dispatchEvent(Ljava/awt/AWTEvent;)V+46 java.desktop@18.0.2
j  java.awt.EventDispatchThread.pumpOneEventForFilters(I)V+78 java.desktop@18.0.2
j  java.awt.EventDispatchThread.pumpEventsForFilter(ILjava/awt/Conditional;Ljava/awt/EventFilter;)V+35 java.desktop@18.0.2
j  java.awt.EventDispatchThread.pumpEventsForHierarchy(ILjava/awt/Conditional;Ljava/awt/Component;)V+11 java.desktop@18.0.2
j  java.awt.EventDispatchThread.pumpEvents(ILjava/awt/Conditional;)V+4 java.desktop@18.0.2
j  java.awt.EventDispatchThread.pumpEvents(Ljava/awt/Conditional;)V+3 java.desktop@18.0.2
j  java.awt.EventDispatchThread.run()V+9 java.desktop@18.0.2
v  ~StubRoutines::call_stub

---------------  P R O C E S S  ---------------

Threads class SMR info:
_java_thread_list=0x0000013a58d2a9e0, length=17, elements={
0x0000013a53c46ef0, 0x0000013a53c48200, 0x0000013a53c61290, 0x0000013a53c81f50,
0x0000013a53c831b0, 0x0000013a53c84340, 0x0000013a53c88110, 0x0000013a53c90f00,
0x0000013a53c9efa0, 0x0000013a58077400, 0x0000013a580f2ec0, 0x0000013a582ab630,
0x0000013a582abaf0, 0x0000013a582abfb0, 0x0000013a58b66940, 0x0000013a58ba1030,
0x0000013a3658e730
}

Java Threads: ( => current thread )
  0x0000013a53c46ef0 JavaThread "Reference Handler" daemon [_thread_blocked, id=19232, stack(0x0000000da5600000,0x0000000da5700000)]
  0x0000013a53c48200 JavaThread "Finalizer" daemon [_thread_blocked, id=18884, stack(0x0000000da5700000,0x0000000da5800000)]
  0x0000013a53c61290 JavaThread "Signal Dispatcher" daemon [_thread_blocked, id=9312, stack(0x0000000da5800000,0x0000000da5900000)]
  0x0000013a53c81f50 JavaThread "Attach Listener" daemon [_thread_blocked, id=7936, stack(0x0000000da5900000,0x0000000da5a00000)]
  0x0000013a53c831b0 JavaThread "Service Thread" daemon [_thread_blocked, id=16360, stack(0x0000000da5a00000,0x0000000da5b00000)]
  0x0000013a53c84340 JavaThread "Monitor Deflation Thread" daemon [_thread_blocked, id=9152, stack(0x0000000da5b00000,0x0000000da5c00000)]
  0x0000013a53c88110 JavaThread "C2 CompilerThread0" daemon [_thread_blocked, id=19372, stack(0x0000000da5c00000,0x0000000da5d00000)]
  0x0000013a53c90f00 JavaThread "C1 CompilerThread0" daemon [_thread_blocked, id=18348, stack(0x0000000da5d00000,0x0000000da5e00000)]
  0x0000013a53c9efa0 JavaThread "Sweeper thread" daemon [_thread_blocked, id=19284, stack(0x0000000da5e00000,0x0000000da5f00000)]
  0x0000013a58077400 JavaThread "Common-Cleaner" daemon [_thread_blocked, id=6188, stack(0x0000000da5f00000,0x0000000da6000000)]
  0x0000013a580f2ec0 JavaThread "Notification Thread" daemon [_thread_blocked, id=16052, stack(0x0000000da6000000,0x0000000da6100000)]
  0x0000013a582ab630 JavaThread "Java2D Disposer" daemon [_thread_blocked, id=18080, stack(0x0000000da6200000,0x0000000da6300000)]
  0x0000013a582abaf0 JavaThread "AWT-Shutdown" [_thread_blocked, id=13152, stack(0x0000000da6300000,0x0000000da6400000)]
  0x0000013a582abfb0 JavaThread "AWT-Windows" daemon [_thread_in_native, id=18620, stack(0x0000000da6400000,0x0000000da6500000)]
=>0x0000013a58b66940 JavaThread "AWT-EventQueue-0" [_thread_in_vm, id=12488, stack(0x0000000da6700000,0x0000000da6800000)]
  0x0000013a58ba1030 JavaThread "D3D Screen Updater" daemon [_thread_blocked, id=4168, stack(0x0000000da6800000,0x0000000da6900000)]
  0x0000013a3658e730 JavaThread "DestroyJavaVM" [_thread_blocked, id=19332, stack(0x0000000da4f00000,0x0000000da5000000)]

Other Threads:
  0x0000013a53c42830 VMThread "VM Thread" [stack: 0x0000000da5500000,0x0000000da5600000] [id=18788]
  0x0000013a580f3380 WatcherThread "VM Periodic Task Thread" [stack: 0x0000000da6100000,0x0000000da6200000] [id=9908]
  0x0000013a365ebcc0 WorkerThread "GC Thread#0" [stack: 0x0000000da5000000,0x0000000da5100000] [id=16344]
  0x0000013a58c3c130 WorkerThread "GC Thread#1" [stack: 0x0000000da6a00000,0x0000000da6b00000] [id=18616]
  0x0000013a58ca7010 WorkerThread "GC Thread#2" [stack: 0x0000000da6b00000,0x0000000da6c00000] [id=6272]
  0x0000013a58ca72b0 WorkerThread "GC Thread#3" [stack: 0x0000000da6c00000,0x0000000da6d00000] [id=18476]
  0x0000013a365fe0e0 ConcurrentGCThread "G1 Main Marker" [stack: 0x0000000da5100000,0x0000000da5200000] [id=18272]
  0x0000013a365fe9e0 WorkerThread "G1 Conc#0" [stack: 0x0000000da5200000,0x0000000da5300000] [id=11540]
  0x0000013a3663e110 ConcurrentGCThread "G1 Refine#0" [stack: 0x0000000da5300000,0x0000000da5400000] [id=9572]
  0x0000013a3663e930 ConcurrentGCThread "G1 Service" [stack: 0x0000000da5400000,0x0000000da5500000] [id=3544]

Threads with active compile tasks:

VM state: not at safepoint (normal execution)

VM Mutex/Monitor currently owned by a thread:  ([mutex/lock_event])
[0x0000013a3435bac0] Metaspace_lock - owner thread: 0x0000013a58b66940

Heap address: 0x0000000085200000, size: 1966 MB, Compressed Oops mode: 32-bit

CDS archive(s) mapped at: [0x0000000800000000-0x0000000800ba0000-0x0000000800ba0000), size 12189696, SharedBaseAddress: 0x0000000800000000, ArchiveRelocationMode: 0.
Compressed class space mapped at: 0x0000000800c00000-0x0000000840c00000, reserved size: 1073741824
Narrow klass base: 0x0000000800000000, Narrow klass shift: 0, Narrow klass range: 0x100000000

GC Precious Log:
 CardTable entry size: 512
 Card Set container configuration: InlinePtr #cards 5 size 8 Array Of Cards #cards 12 size 40 Howl #buckets 4 coarsen threshold 1843 Howl Bitmap #cards 512 size 80 coarsen threshold 460 Card regions per heap region 1 cards per card region 2048
 CPUs: 4 total, 4 available
 Memory: 7862M
 Large Page Support: Disabled
 NUMA Support: Disabled
 Compressed Oops: Enabled (32-bit)
 Heap Region Size: 1M
 Heap Min Capacity: 8M
 Heap Initial Capacity: 124M
 Heap Max Capacity: 1966M
 Pre-touch: Disabled
 Parallel Workers: 4
 Concurrent Workers: 1
 Concurrent Refinement Workers: 4
 Periodic GC: Disabled

Heap:
 garbage-first heap   total 126976K, used 12974K [0x0000000085200000, 0x0000000100000000)
  region size 1024K, 5 young (5120K), 2 survivors (2048K)
 Metaspace       used 7886K, committed 8064K, reserved 1114112K
  class space    used 878K, committed 1024K, reserved 1048576K

Heap Regions: E=young(eden), S=young(survivor), O=old, HS=humongous(starts), HC=humongous(continues), CS=collection set, F=free, OA=open archive, CA=closed archive, TAMS=top-at-mark-start (previous, next)
|   0|0x0000000085200000, 0x00000000852ab800, 0x0000000085300000| 66%| O|  |TAMS 0x0000000085200000, 0x0000000085200000| Untracked 
|   1|0x0000000085300000, 0x0000000085400000, 0x0000000085400000|100%|HS|  |TAMS 0x0000000085300000, 0x0000000085300000| Complete 
|   2|0x0000000085400000, 0x0000000085500000, 0x0000000085500000|100%|HC|  |TAMS 0x0000000085400000, 0x0000000085400000| Complete 
|   3|0x0000000085500000, 0x0000000085600000, 0x0000000085600000|100%|HC|  |TAMS 0x0000000085500000, 0x0000000085500000| Complete 
|   4|0x0000000085600000, 0x0000000085700000, 0x0000000085700000|100%|HC|  |TAMS 0x0000000085600000, 0x0000000085600000| Complete 
|   5|0x0000000085700000, 0x0000000085800000, 0x0000000085800000|100%|HC|  |TAMS 0x0000000085700000, 0x0000000085700000| Complete 
|   6|0x0000000085800000, 0x0000000085900000, 0x0000000085900000|100%|HC|  |TAMS 0x0000000085800000, 0x0000000085800000| Complete 
|   7|0x0000000085900000, 0x0000000085a00000, 0x0000000085a00000|100%|HC|  |TAMS 0x0000000085900000, 0x0000000085900000| Complete 
|   8|0x0000000085a00000, 0x0000000085b00000, 0x0000000085b00000|100%|HC|  |TAMS 0x0000000085a00000, 0x0000000085a00000| Complete 
|   9|0x0000000085b00000, 0x0000000085b00000, 0x0000000085c00000|  0%| F|  |TAMS 0x0000000085b00000, 0x0000000085b00000| Untracked 
|  10|0x0000000085c00000, 0x0000000085c00000, 0x0000000085d00000|  0%| F|  |TAMS 0x0000000085c00000, 0x0000000085c00000| Untracked 
|  11|0x0000000085d00000, 0x0000000085d00000, 0x0000000085e00000|  0%| F|  |TAMS 0x0000000085d00000, 0x0000000085d00000| Untracked 
|  12|0x0000000085e00000, 0x0000000085e00000, 0x0000000085f00000|  0%| F|  |TAMS 0x0000000085e00000, 0x0000000085e00000| Untracked 
|  13|0x0000000085f00000, 0x0000000085f00000, 0x0000000086000000|  0%| F|  |TAMS 0x0000000085f00000, 0x0000000085f00000| Untracked 
|  14|0x0000000086000000, 0x0000000086000000, 0x0000000086100000|  0%| F|  |TAMS 0x0000000086000000, 0x0000000086000000| Untracked 
|  15|0x0000000086100000, 0x0000000086100000, 0x0000000086200000|  0%| F|  |TAMS 0x0000000086100000, 0x0000000086100000| Untracked 
|  16|0x0000000086200000, 0x0000000086200000, 0x0000000086300000|  0%| F|  |TAMS 0x0000000086200000, 0x0000000086200000| Untracked 
|  17|0x0000000086300000, 0x0000000086300000, 0x0000000086400000|  0%| F|  |TAMS 0x0000000086300000, 0x0000000086300000| Untracked 
|  18|0x0000000086400000, 0x0000000086400000, 0x0000000086500000|  0%| F|  |TAMS 0x0000000086400000, 0x0000000086400000| Untracked 
|  19|0x0000000086500000, 0x0000000086500000, 0x0000000086600000|  0%| F|  |TAMS 0x0000000086500000, 0x0000000086500000| Untracked 
|  20|0x0000000086600000, 0x0000000086600000, 0x0000000086700000|  0%| F|  |TAMS 0x0000000086600000, 0x0000000086600000| Untracked 
|  21|0x0000000086700000, 0x0000000086700000, 0x0000000086800000|  0%| F|  |TAMS 0x0000000086700000, 0x0000000086700000| Untracked 
|  22|0x0000000086800000, 0x0000000086800000, 0x0000000086900000|  0%| F|  |TAMS 0x0000000086800000, 0x0000000086800000| Untracked 
|  23|0x0000000086900000, 0x0000000086900000, 0x0000000086a00000|  0%| F|  |TAMS 0x0000000086900000, 0x0000000086900000| Untracked 
|  24|0x0000000086a00000, 0x0000000086a00000, 0x0000000086b00000|  0%| F|  |TAMS 0x0000000086a00000, 0x0000000086a00000| Untracked 
|  25|0x0000000086b00000, 0x0000000086b00000, 0x0000000086c00000|  0%| F|  |TAMS 0x0000000086b00000, 0x0000000086b00000| Untracked 
|  26|0x0000000086c00000, 0x0000000086c00000, 0x0000000086d00000|  0%| F|  |TAMS 0x0000000086c00000, 0x0000000086c00000| Untracked 
|  27|0x0000000086d00000, 0x0000000086d00000, 0x0000000086e00000|  0%| F|  |TAMS 0x0000000086d00000, 0x0000000086d00000| Untracked 
|  28|0x0000000086e00000, 0x0000000086e00000, 0x0000000086f00000|  0%| F|  |TAMS 0x0000000086e00000, 0x0000000086e00000| Untracked 
|  29|0x0000000086f00000, 0x0000000086f00000, 0x0000000087000000|  0%| F|  |TAMS 0x0000000086f00000, 0x0000000086f00000| Untracked 
|  30|0x0000000087000000, 0x0000000087000000, 0x0000000087100000|  0%| F|  |TAMS 0x0000000087000000, 0x0000000087000000| Untracked 
|  31|0x0000000087100000, 0x0000000087100000, 0x0000000087200000|  0%| F|  |TAMS 0x0000000087100000, 0x0000000087100000| Untracked 
|  32|0x0000000087200000, 0x0000000087200000, 0x0000000087300000|  0%| F|  |TAMS 0x0000000087200000, 0x0000000087200000| Untracked 
|  33|0x0000000087300000, 0x0000000087300000, 0x0000000087400000|  0%| F|  |TAMS 0x0000000087300000, 0x0000000087300000| Untracked 
|  34|0x0000000087400000, 0x0000000087400000, 0x0000000087500000|  0%| F|  |TAMS 0x0000000087400000, 0x0000000087400000| Untracked 
|  35|0x0000000087500000, 0x0000000087500000, 0x0000000087600000|  0%| F|  |TAMS 0x0000000087500000, 0x0000000087500000| Untracked 
|  36|0x0000000087600000, 0x0000000087600000, 0x0000000087700000|  0%| F|  |TAMS 0x0000000087600000, 0x0000000087600000| Untracked 
|  37|0x0000000087700000, 0x0000000087700000, 0x0000000087800000|  0%| F|  |TAMS 0x0000000087700000, 0x0000000087700000| Untracked 
|  38|0x0000000087800000, 0x0000000087800000, 0x0000000087900000|  0%| F|  |TAMS 0x0000000087800000, 0x0000000087800000| Untracked 
|  39|0x0000000087900000, 0x0000000087900000, 0x0000000087a00000|  0%| F|  |TAMS 0x0000000087900000, 0x0000000087900000| Untracked 
|  40|0x0000000087a00000, 0x0000000087a00000, 0x0000000087b00000|  0%| F|  |TAMS 0x0000000087a00000, 0x0000000087a00000| Untracked 
|  41|0x0000000087b00000, 0x0000000087b00000, 0x0000000087c00000|  0%| F|  |TAMS 0x0000000087b00000, 0x0000000087b00000| Untracked 
|  42|0x0000000087c00000, 0x0000000087c00000, 0x0000000087d00000|  0%| F|  |TAMS 0x0000000087c00000, 0x0000000087c00000| Untracked 
|  43|0x0000000087d00000, 0x0000000087d00000, 0x0000000087e00000|  0%| F|  |TAMS 0x0000000087d00000, 0x0000000087d00000| Untracked 
|  44|0x0000000087e00000, 0x0000000087e00000, 0x0000000087f00000|  0%| F|  |TAMS 0x0000000087e00000, 0x0000000087e00000| Untracked 
|  45|0x0000000087f00000, 0x0000000087f00000, 0x0000000088000000|  0%| F|  |TAMS 0x0000000087f00000, 0x0000000087f00000| Untracked 
|  46|0x0000000088000000, 0x0000000088000000, 0x0000000088100000|  0%| F|  |TAMS 0x0000000088000000, 0x0000000088000000| Untracked 
|  47|0x0000000088100000, 0x0000000088100000, 0x0000000088200000|  0%| F|  |TAMS 0x0000000088100000, 0x0000000088100000| Untracked 
|  48|0x0000000088200000, 0x0000000088200000, 0x0000000088300000|  0%| F|  |TAMS 0x0000000088200000, 0x0000000088200000| Untracked 
|  49|0x0000000088300000, 0x0000000088300000, 0x0000000088400000|  0%| F|  |TAMS 0x0000000088300000, 0x0000000088300000| Untracked 
|  50|0x0000000088400000, 0x0000000088400000, 0x0000000088500000|  0%| F|  |TAMS 0x0000000088400000, 0x0000000088400000| Untracked 
|  51|0x0000000088500000, 0x0000000088500000, 0x0000000088600000|  0%| F|  |TAMS 0x0000000088500000, 0x0000000088500000| Untracked 
|  52|0x0000000088600000, 0x0000000088600000, 0x0000000088700000|  0%| F|  |TAMS 0x0000000088600000, 0x0000000088600000| Untracked 
|  53|0x0000000088700000, 0x0000000088700000, 0x0000000088800000|  0%| F|  |TAMS 0x0000000088700000, 0x0000000088700000| Untracked 
|  54|0x0000000088800000, 0x0000000088800000, 0x0000000088900000|  0%| F|  |TAMS 0x0000000088800000, 0x0000000088800000| Untracked 
|  55|0x0000000088900000, 0x0000000088900000, 0x0000000088a00000|  0%| F|  |TAMS 0x0000000088900000, 0x0000000088900000| Untracked 
|  56|0x0000000088a00000, 0x0000000088a00000, 0x0000000088b00000|  0%| F|  |TAMS 0x0000000088a00000, 0x0000000088a00000| Untracked 
|  57|0x0000000088b00000, 0x0000000088b00000, 0x0000000088c00000|  0%| F|  |TAMS 0x0000000088b00000, 0x0000000088b00000| Untracked 
|  58|0x0000000088c00000, 0x0000000088c00000, 0x0000000088d00000|  0%| F|  |TAMS 0x0000000088c00000, 0x0000000088c00000| Untracked 
|  59|0x0000000088d00000, 0x0000000088d00000, 0x0000000088e00000|  0%| F|  |TAMS 0x0000000088d00000, 0x0000000088d00000| Untracked 
|  60|0x0000000088e00000, 0x0000000088e00000, 0x0000000088f00000|  0%| F|  |TAMS 0x0000000088e00000, 0x0000000088e00000| Untracked 
|  61|0x0000000088f00000, 0x0000000088f00000, 0x0000000089000000|  0%| F|  |TAMS 0x0000000088f00000, 0x0000000088f00000| Untracked 
|  62|0x0000000089000000, 0x0000000089000000, 0x0000000089100000|  0%| F|  |TAMS 0x0000000089000000, 0x0000000089000000| Untracked 
|  63|0x0000000089100000, 0x0000000089100000, 0x0000000089200000|  0%| F|  |TAMS 0x0000000089100000, 0x0000000089100000| Untracked 
|  64|0x0000000089200000, 0x0000000089200000, 0x0000000089300000|  0%| F|  |TAMS 0x0000000089200000, 0x0000000089200000| Untracked 
|  65|0x0000000089300000, 0x0000000089300000, 0x0000000089400000|  0%| F|  |TAMS 0x0000000089300000, 0x0000000089300000| Untracked 
|  66|0x0000000089400000, 0x0000000089400000, 0x0000000089500000|  0%| F|  |TAMS 0x0000000089400000, 0x0000000089400000| Untracked 
|  67|0x0000000089500000, 0x0000000089500000, 0x0000000089600000|  0%| F|  |TAMS 0x0000000089500000, 0x0000000089500000| Untracked 
|  68|0x0000000089600000, 0x0000000089600000, 0x0000000089700000|  0%| F|  |TAMS 0x0000000089600000, 0x0000000089600000| Untracked 
|  69|0x0000000089700000, 0x0000000089700000, 0x0000000089800000|  0%| F|  |TAMS 0x0000000089700000, 0x0000000089700000| Untracked 
|  70|0x0000000089800000, 0x0000000089800000, 0x0000000089900000|  0%| F|  |TAMS 0x0000000089800000, 0x0000000089800000| Untracked 
|  71|0x0000000089900000, 0x0000000089900000, 0x0000000089a00000|  0%| F|  |TAMS 0x0000000089900000, 0x0000000089900000| Untracked 
|  72|0x0000000089a00000, 0x0000000089a00000, 0x0000000089b00000|  0%| F|  |TAMS 0x0000000089a00000, 0x0000000089a00000| Untracked 
|  73|0x0000000089b00000, 0x0000000089b00000, 0x0000000089c00000|  0%| F|  |TAMS 0x0000000089b00000, 0x0000000089b00000| Untracked 
|  74|0x0000000089c00000, 0x0000000089c00000, 0x0000000089d00000|  0%| F|  |TAMS 0x0000000089c00000, 0x0000000089c00000| Untracked 
|  75|0x0000000089d00000, 0x0000000089d00000, 0x0000000089e00000|  0%| F|  |TAMS 0x0000000089d00000, 0x0000000089d00000| Untracked 
|  76|0x0000000089e00000, 0x0000000089e00000, 0x0000000089f00000|  0%| F|  |TAMS 0x0000000089e00000, 0x0000000089e00000| Untracked 
|  77|0x0000000089f00000, 0x0000000089f00000, 0x000000008a000000|  0%| F|  |TAMS 0x0000000089f00000, 0x0000000089f00000| Untracked 
|  78|0x000000008a000000, 0x000000008a000000, 0x000000008a100000|  0%| F|  |TAMS 0x000000008a000000, 0x000000008a000000| Untracked 
|  79|0x000000008a100000, 0x000000008a100000, 0x000000008a200000|  0%| F|  |TAMS 0x000000008a100000, 0x000000008a100000| Untracked 
|  80|0x000000008a200000, 0x000000008a200000, 0x000000008a300000|  0%| F|  |TAMS 0x000000008a200000, 0x000000008a200000| Untracked 
|  81|0x000000008a300000, 0x000000008a300000, 0x000000008a400000|  0%| F|  |TAMS 0x000000008a300000, 0x000000008a300000| Untracked 
|  82|0x000000008a400000, 0x000000008a400000, 0x000000008a500000|  0%| F|  |TAMS 0x000000008a400000, 0x000000008a400000| Untracked 
|  83|0x000000008a500000, 0x000000008a500000, 0x000000008a600000|  0%| F|  |TAMS 0x000000008a500000, 0x000000008a500000| Untracked 
|  84|0x000000008a600000, 0x000000008a600000, 0x000000008a700000|  0%| F|  |TAMS 0x000000008a600000, 0x000000008a600000| Untracked 
|  85|0x000000008a700000, 0x000000008a700000, 0x000000008a800000|  0%| F|  |TAMS 0x000000008a700000, 0x000000008a700000| Untracked 
|  86|0x000000008a800000, 0x000000008a800000, 0x000000008a900000|  0%| F|  |TAMS 0x000000008a800000, 0x000000008a800000| Untracked 
|  87|0x000000008a900000, 0x000000008a900000, 0x000000008aa00000|  0%| F|  |TAMS 0x000000008a900000, 0x000000008a900000| Untracked 
|  88|0x000000008aa00000, 0x000000008aa00000, 0x000000008ab00000|  0%| F|  |TAMS 0x000000008aa00000, 0x000000008aa00000| Untracked 
|  89|0x000000008ab00000, 0x000000008ab00000, 0x000000008ac00000|  0%| F|  |TAMS 0x000000008ab00000, 0x000000008ab00000| Untracked 
|  90|0x000000008ac00000, 0x000000008ac00000, 0x000000008ad00000|  0%| F|  |TAMS 0x000000008ac00000, 0x000000008ac00000| Untracked 
|  91|0x000000008ad00000, 0x000000008ad00000, 0x000000008ae00000|  0%| F|  |TAMS 0x000000008ad00000, 0x000000008ad00000| Untracked 
|  92|0x000000008ae00000, 0x000000008ae00000, 0x000000008af00000|  0%| F|  |TAMS 0x000000008ae00000, 0x000000008ae00000| Untracked 
|  93|0x000000008af00000, 0x000000008af00000, 0x000000008b000000|  0%| F|  |TAMS 0x000000008af00000, 0x000000008af00000| Untracked 
|  94|0x000000008b000000, 0x000000008b000000, 0x000000008b100000|  0%| F|  |TAMS 0x000000008b000000, 0x000000008b000000| Untracked 
|  95|0x000000008b100000, 0x000000008b100000, 0x000000008b200000|  0%| F|  |TAMS 0x000000008b100000, 0x000000008b100000| Untracked 
|  96|0x000000008b200000, 0x000000008b200000, 0x000000008b300000|  0%| F|  |TAMS 0x000000008b200000, 0x000000008b200000| Untracked 
|  97|0x000000008b300000, 0x000000008b300000, 0x000000008b400000|  0%| F|  |TAMS 0x000000008b300000, 0x000000008b300000| Untracked 
|  98|0x000000008b400000, 0x000000008b400000, 0x000000008b500000|  0%| F|  |TAMS 0x000000008b400000, 0x000000008b400000| Untracked 
|  99|0x000000008b500000, 0x000000008b500000, 0x000000008b600000|  0%| F|  |TAMS 0x000000008b500000, 0x000000008b500000| Untracked 
| 100|0x000000008b600000, 0x000000008b600000, 0x000000008b700000|  0%| F|  |TAMS 0x000000008b600000, 0x000000008b600000| Untracked 
| 101|0x000000008b700000, 0x000000008b700000, 0x000000008b800000|  0%| F|  |TAMS 0x000000008b700000, 0x000000008b700000| Untracked 
| 102|0x000000008b800000, 0x000000008b800000, 0x000000008b900000|  0%| F|  |TAMS 0x000000008b800000, 0x000000008b800000| Untracked 
| 103|0x000000008b900000, 0x000000008b900000, 0x000000008ba00000|  0%| F|  |TAMS 0x000000008b900000, 0x000000008b900000| Untracked 
| 104|0x000000008ba00000, 0x000000008ba00000, 0x000000008bb00000|  0%| F|  |TAMS 0x000000008ba00000, 0x000000008ba00000| Untracked 
| 105|0x000000008bb00000, 0x000000008bb00000, 0x000000008bc00000|  0%| F|  |TAMS 0x000000008bb00000, 0x000000008bb00000| Untracked 
| 106|0x000000008bc00000, 0x000000008bc00000, 0x000000008bd00000|  0%| F|  |TAMS 0x000000008bc00000, 0x000000008bc00000| Untracked 
| 107|0x000000008bd00000, 0x000000008bd00000, 0x000000008be00000|  0%| F|  |TAMS 0x000000008bd00000, 0x000000008bd00000| Untracked 
| 108|0x000000008be00000, 0x000000008be00000, 0x000000008bf00000|  0%| F|  |TAMS 0x000000008be00000, 0x000000008be00000| Untracked 
| 109|0x000000008bf00000, 0x000000008c000000, 0x000000008c000000|100%| S|CS|TAMS 0x000000008bf00000, 0x000000008bf00000| Complete 
| 110|0x000000008c000000, 0x000000008c100000, 0x000000008c100000|100%| S|CS|TAMS 0x000000008c000000, 0x000000008c000000| Complete 
| 111|0x000000008c100000, 0x000000008c100000, 0x000000008c200000|  0%| F|  |TAMS 0x000000008c100000, 0x000000008c100000| Untracked 
| 112|0x000000008c200000, 0x000000008c200000, 0x000000008c300000|  0%| F|  |TAMS 0x000000008c200000, 0x000000008c200000| Untracked 
| 113|0x000000008c300000, 0x000000008c300000, 0x000000008c400000|  0%| F|  |TAMS 0x000000008c300000, 0x000000008c300000| Untracked 
| 114|0x000000008c400000, 0x000000008c400000, 0x000000008c500000|  0%| F|  |TAMS 0x000000008c400000, 0x000000008c400000| Untracked 
| 115|0x000000008c500000, 0x000000008c500000, 0x000000008c600000|  0%| F|  |TAMS 0x000000008c500000, 0x000000008c500000| Untracked 
| 116|0x000000008c600000, 0x000000008c600000, 0x000000008c700000|  0%| F|  |TAMS 0x000000008c600000, 0x000000008c600000| Untracked 
| 117|0x000000008c700000, 0x000000008c700000, 0x000000008c800000|  0%| F|  |TAMS 0x000000008c700000, 0x000000008c700000| Untracked 
| 118|0x000000008c800000, 0x000000008c800000, 0x000000008c900000|  0%| F|  |TAMS 0x000000008c800000, 0x000000008c800000| Untracked 
| 119|0x000000008c900000, 0x000000008c900000, 0x000000008ca00000|  0%| F|  |TAMS 0x000000008c900000, 0x000000008c900000| Untracked 
| 120|0x000000008ca00000, 0x000000008ca00000, 0x000000008cb00000|  0%| F|  |TAMS 0x000000008ca00000, 0x000000008ca00000| Untracked 
| 121|0x000000008cb00000, 0x000000008cb49840, 0x000000008cc00000| 28%| E|  |TAMS 0x000000008cb00000, 0x000000008cb00000| Complete 
| 122|0x000000008cc00000, 0x000000008cd00000, 0x000000008cd00000|100%| E|CS|TAMS 0x000000008cc00000, 0x000000008cc00000| Complete 
| 123|0x000000008cd00000, 0x000000008ce00000, 0x000000008ce00000|100%| E|CS|TAMS 0x000000008cd00000, 0x000000008cd00000| Complete 

Card table byte_map: [0x0000013a4d2b0000,0x0000013a4d690000] _byte_map_base: 0x0000013a4ce87000

Marking Bits (Prev, Next): (CMBitMap*) 0x0000013a365ee1f0, (CMBitMap*) 0x0000013a365ee230
 Prev Bits: [0x0000013a4da70000, 0x0000013a4f928000)
 Next Bits: [0x0000013a4f930000, 0x0000013a517e8000)

Polling page: 0x0000013a344e0000

Metaspace:

Usage:
  Non-class:      6.84 MB used.
      Class:    878.84 KB used.
       Both:      7.70 MB used.

Virtual space:
  Non-class space:       64.00 MB reserved,       6.88 MB ( 11%) committed,  1 nodes.
      Class space:        1.00 GB reserved,       1.00 MB ( <1%) committed,  1 nodes.
             Both:        1.06 GB reserved,       7.88 MB ( <1%) committed. 

Chunk freelists:
   Non-Class:  1.00 MB
       Class:  3.06 MB
        Both:  4.06 MB

MaxMetaspaceSize: unlimited
CompressedClassSpaceSize: 1.00 GB
Initial GC threshold: 21.00 MB
Current GC threshold: 21.00 MB
CDS: on
MetaspaceReclaimPolicy: balanced
 - commit_granule_bytes: 65536.
 - commit_granule_words: 8192.
 - virtual_space_node_default_size: 8388608.
 - enlarge_chunks_in_place: 1.
 - new_chunks_are_fully_committed: 0.
 - uncommit_free_chunks: 1.
 - use_allocation_guard: 0.


Internal statistics:

num_allocs_failed_limit: 0.
num_arena_births: 116.
num_arena_deaths: 0.
num_vsnodes_births: 2.
num_vsnodes_deaths: 0.
num_space_committed: 126.
num_space_uncommitted: 0.
num_chunks_returned_to_freelist: 0.
num_chunks_taken_from_freelist: 164.
num_chunk_merges: 0.
num_chunk_splits: 89.
num_chunks_enlarged: 24.
num_inconsistent_stats: 0.

CodeHeap 'non-profiled nmethods': size=120000Kb used=299Kb max_used=299Kb free=119700Kb
 bounds [0x0000013a459a0000, 0x0000013a45c10000, 0x0000013a4ced0000]
CodeHeap 'profiled nmethods': size=120000Kb used=1750Kb max_used=1750Kb free=118250Kb
 bounds [0x0000013a3e470000, 0x0000013a3e6e0000, 0x0000013a459a0000]
CodeHeap 'non-nmethods': size=5760Kb used=1286Kb max_used=1287Kb free=4473Kb
 bounds [0x0000013a3ded0000, 0x0000013a3e140000, 0x0000013a3e470000]
 total_blobs=1685 nmethods=1082 adapters=516
 compilation: enabled
              stopped_count=0, restarted_count=0
 full_count=0

Compilation events (20 events):
Event: 2.812 Thread 0x0000013a53c90f00 nmethod 1069 0x0000013a3e621e90 code [0x0000013a3e622020, 0x0000013a3e622178]
Event: 2.812 Thread 0x0000013a53c90f00 1070       1       java.awt.EventDispatchThread$1::evaluate (2 bytes)
Event: 2.812 Thread 0x0000013a53c90f00 nmethod 1070 0x0000013a459e9e10 code [0x0000013a459e9fa0, 0x0000013a459ea078]
Event: 2.812 Thread 0x0000013a53c90f00 1071  s    1       java.awt.EventDispatchThread::getEventQueue (5 bytes)
Event: 2.812 Thread 0x0000013a53c90f00 nmethod 1071 0x0000013a459ea110 code [0x0000013a459ea2a0, 0x0000013a459ea418]
Event: 2.820 Thread 0x0000013a53c90f00 1072       3       sun.awt.EventQueueItem::<init> (10 bytes)
Event: 2.820 Thread 0x0000013a53c90f00 nmethod 1072 0x0000013a3e622210 code [0x0000013a3e6223a0, 0x0000013a3e622558]
Event: 24.255 Thread 0x0000013a53c90f00 1073       3       java.util.ArrayList::toArray (57 bytes)
Event: 24.255 Thread 0x0000013a53c90f00 nmethod 1073 0x0000013a3e622610 code [0x0000013a3e6227e0, 0x0000013a3e622d58]
Event: 27.893 Thread 0x0000013a53c90f00 1075       3       sun.java2d.d3d.D3DSurfaceData$D3DWindowSurfaceData::isDirty (18 bytes)
Event: 27.893 Thread 0x0000013a53c90f00 nmethod 1075 0x0000013a3e622e90 code [0x0000013a3e623040, 0x0000013a3e623268]
Event: 27.893 Thread 0x0000013a53c90f00 1076       3       sun.java2d.StateTrackableDelegate$1::isCurrent (17 bytes)
Event: 27.893 Thread 0x0000013a53c90f00 nmethod 1076 0x0000013a3e623310 code [0x0000013a3e6234a0, 0x0000013a3e623618]
Event: 87.346 Thread 0x0000013a53c90f00 1077       3       sun.java2d.loops.GraphicsPrimitiveMgr$2::compare (39 bytes)
Event: 87.346 Thread 0x0000013a53c90f00 nmethod 1077 0x0000013a3e623710 code [0x0000013a3e6238e0, 0x0000013a3e623cf8]
Event: 87.346 Thread 0x0000013a53c90f00 1078       1       sun.java2d.loops.CompositeType::getSuperType (5 bytes)
Event: 87.347 Thread 0x0000013a53c90f00 nmethod 1078 0x0000013a459ea890 code [0x0000013a459eaa20, 0x0000013a459eaaf8]
Event: 87.347 Thread 0x0000013a53c90f00 1079       3       java.util.Arrays::binarySearch0 (95 bytes)
Event: 87.347 Thread 0x0000013a53c90f00 nmethod 1079 0x0000013a3e623e10 code [0x0000013a3e623fe0, 0x0000013a3e624418]
Event: 87.347 Thread 0x0000013a53c90f00 1080       3       sun.java2d.loops.GraphicsPrimitiveMgr::locate (104 bytes)

GC Heap History (2 events):
Event: 0.722 GC heap before
{Heap before GC invocations=0 (full 0):
 garbage-first heap   total 126976K, used 13312K [0x0000000085200000, 0x0000000100000000)
  region size 1024K, 13 young (13312K), 0 survivors (0K)
 Metaspace       used 6574K, committed 6720K, reserved 1114112K
  class space    used 729K, committed 832K, reserved 1048576K
}
Event: 0.725 GC heap after
{Heap after GC invocations=1 (full 0):
 garbage-first heap   total 126976K, used 2734K [0x0000000085200000, 0x0000000100000000)
  region size 1024K, 2 young (2048K), 2 survivors (2048K)
 Metaspace       used 6574K, committed 6720K, reserved 1114112K
  class space    used 729K, committed 832K, reserved 1048576K
}

Deoptimization events (20 events):
Event: 0.763 Thread 0x0000013a3658e730 Uncommon trap: trap_request=0xffffffde fr.pc=0x0000013a459d53c0 relative=0x0000000000000280
Event: 0.763 Thread 0x0000013a3658e730 Uncommon trap: reason=class_check action=maybe_recompile pc=0x0000013a459d53c0 method=java.util.HashMap.getNode(Ljava/lang/Object;)Ljava/util/HashMap$Node; @ 63 c2
Event: 0.763 Thread 0x0000013a3658e730 DEOPT PACKING pc=0x0000013a459d53c0 sp=0x0000000da4ffef60
Event: 0.763 Thread 0x0000013a3658e730 DEOPT UNPACKING pc=0x0000013a3df223a3 sp=0x0000000da4ffeec8 mode 2
Event: 0.763 Thread 0x0000013a3658e730 Uncommon trap: trap_request=0xffffffde fr.pc=0x0000013a459d53c0 relative=0x0000000000000280
Event: 0.763 Thread 0x0000013a3658e730 Uncommon trap: reason=class_check action=maybe_recompile pc=0x0000013a459d53c0 method=java.util.HashMap.getNode(Ljava/lang/Object;)Ljava/util/HashMap$Node; @ 63 c2
Event: 0.763 Thread 0x0000013a3658e730 DEOPT PACKING pc=0x0000013a459d53c0 sp=0x0000000da4ffef60
Event: 0.763 Thread 0x0000013a3658e730 DEOPT UNPACKING pc=0x0000013a3df223a3 sp=0x0000000da4ffeec8 mode 2
Event: 0.763 Thread 0x0000013a3658e730 Uncommon trap: trap_request=0xffffffde fr.pc=0x0000013a459d53c0 relative=0x0000000000000280
Event: 0.763 Thread 0x0000013a3658e730 Uncommon trap: reason=class_check action=maybe_recompile pc=0x0000013a459d53c0 method=java.util.HashMap.getNode(Ljava/lang/Object;)Ljava/util/HashMap$Node; @ 63 c2
Event: 0.763 Thread 0x0000013a3658e730 DEOPT PACKING pc=0x0000013a459d53c0 sp=0x0000000da4ffef60
Event: 0.763 Thread 0x0000013a3658e730 DEOPT UNPACKING pc=0x0000013a3df223a3 sp=0x0000000da4ffeec8 mode 2
Event: 0.781 Thread 0x0000013a58b66940 Uncommon trap: trap_request=0xffffffde fr.pc=0x0000013a459d53c0 relative=0x0000000000000280
Event: 0.781 Thread 0x0000013a58b66940 Uncommon trap: reason=class_check action=maybe_recompile pc=0x0000013a459d53c0 method=java.util.HashMap.getNode(Ljava/lang/Object;)Ljava/util/HashMap$Node; @ 63 c2
Event: 0.781 Thread 0x0000013a58b66940 DEOPT PACKING pc=0x0000013a459d53c0 sp=0x0000000da67fd8c0
Event: 0.781 Thread 0x0000013a58b66940 DEOPT UNPACKING pc=0x0000013a3df223a3 sp=0x0000000da67fd828 mode 2
Event: 1.614 Thread 0x0000013a58b66940 Uncommon trap: trap_request=0xffffffc6 fr.pc=0x0000013a459e0a70 relative=0x00000000000002b0
Event: 1.614 Thread 0x0000013a58b66940 Uncommon trap: reason=bimorphic_or_optimized_type_check action=maybe_recompile pc=0x0000013a459e0a70 method=java.util.concurrent.ConcurrentHashMap.get(Ljava/lang/Object;)Ljava/lang/Object; @ 149 c2
Event: 1.614 Thread 0x0000013a58b66940 DEOPT PACKING pc=0x0000013a459e0a70 sp=0x0000000da67fd5d0
Event: 1.614 Thread 0x0000013a58b66940 DEOPT UNPACKING pc=0x0000013a3df223a3 sp=0x0000000da67fd540 mode 2

Classes loaded (20 events):
Event: 87.344 Loading class sun/awt/image/NativeLibLoader done
Event: 87.344 Loading class sun/awt/image/NativeLibLoader$1
Event: 87.344 Loading class sun/awt/image/NativeLibLoader$1 done
Event: 87.345 Loading class java/awt/image/BufferedImage
Event: 87.345 Loading class java/awt/image/WritableRenderedImage
Event: 87.345 Loading class java/awt/image/RenderedImage
Event: 87.345 Loading class java/awt/image/RenderedImage done
Event: 87.345 Loading class java/awt/image/WritableRenderedImage done
Event: 87.345 Loading class java/awt/image/BufferedImage done
Event: 87.346 Loading class java/awt/image/BufferedImage$1
Event: 87.346 Loading class java/awt/image/BufferedImage$1 done
Event: 87.346 Loading class sun/awt/image/BufImgSurfaceData
Event: 87.346 Loading class sun/awt/image/BufImgSurfaceData done
Event: 87.346 Loading class sun/awt/image/BufImgSurfaceData$ICMColorData
Event: 87.346 Loading class sun/awt/image/BufImgSurfaceData$ICMColorData done
Event: 87.346 Loading class sun/java2d/loops/RenderLoops
Event: 87.346 Loading class sun/java2d/loops/RenderLoops done
Event: 87.347 Loading class sun/java2d/loops/DrawGlyphListColor
Event: 87.347 Loading class sun/java2d/loops/DrawGlyphListColor done
Event: 87.347 Loading class sun/java2d/loops/DrawGlyphListColor$General

Classes unloaded (0 events):
No events

Classes redefined (0 events):
No events

Internal exceptions (14 events):
Event: 0.095 Thread 0x0000013a3658e730 Exception <a 'java/lang/NoSuchMethodError'{0x000000008cc2a0e0}: 'void java.lang.invoke.DirectMethodHandle$Holder.invokeVirtual(java.lang.Object, java.lang.Object)'> (0x000000008cc2a0e0) 
thrown [s\open\src\hotspot\share\interpreter\linkResolver.cpp, line 759]
Event: 0.155 Thread 0x0000013a3658e730 Exception <a 'sun/nio/fs/WindowsException'{0x000000008ccbf868}> (0x000000008ccbf868) 
thrown [s\open\src\hotspot\share\prims\jni.cpp, line 516]
Event: 0.163 Thread 0x0000013a3658e730 Exception <a 'java/lang/ClassNotFoundException'{0x000000008cce8e60}: sun/awt/resources/spi/awtProvider> (0x000000008cce8e60) 
thrown [s\open\src\hotspot\share\classfile\systemDictionary.cpp, line 255]
Event: 0.182 Thread 0x0000013a3658e730 Exception <a 'java/io/FileNotFoundException'{0x000000008cb3be98}> (0x000000008cb3be98) 
thrown [s\open\src\hotspot\share\prims\jni.cpp, line 516]
Event: 0.189 Thread 0x0000013a3658e730 Exception <a 'java/io/FileNotFoundException'{0x000000008cb690a0}> (0x000000008cb690a0) 
thrown [s\open\src\hotspot\share\prims\jni.cpp, line 516]
Event: 0.222 Thread 0x0000013a3658e730 Exception <a 'java/lang/NoSuchMethodError'{0x000000008cbad900}: 'java.lang.Object java.lang.invoke.DirectMethodHandle$Holder.invokeStaticInit(java.lang.Object)'> (0x000000008cbad900) 
thrown [s\open\src\hotspot\share\interpreter\linkResolver.cpp, line 759]
Event: 0.376 Thread 0x0000013a3658e730 Exception <a 'java/lang/NoSuchMethodError'{0x000000008ca2fd58}: 'void java.lang.invoke.DirectMethodHandle$Holder.invokeSpecial(java.lang.Object, java.lang.Object, java.lang.Object)'> (0x000000008ca2fd58) 
thrown [s\open\src\hotspot\share\interpreter\linkResolver.cpp, line 759]
Event: 0.385 Thread 0x0000013a3658e730 Exception <a 'java/lang/NoSuchMethodError'{0x000000008ca5b2a8}: 'java.lang.Object java.lang.invoke.DirectMethodHandle$Holder.newInvokeSpecial(java.lang.Object, java.lang.Object, java.lang.Object, java.lang.Object, java.lang.Object)'> (0x000000008ca5b2a8) 
thrown [s\open\src\hotspot\share\interpreter\linkResolver.cpp, line 759]
Event: 0.391 Thread 0x0000013a3658e730 Exception <a 'java/lang/NoSuchMethodError'{0x000000008ca8cff8}: 'java.lang.Object java.lang.invoke.DirectMethodHandle$Holder.invokeStatic(java.lang.Object, int, java.lang.Object)'> (0x000000008ca8cff8) 
thrown [s\open\src\hotspot\share\interpreter\linkResolver.cpp, line 759]
Event: 0.413 Thread 0x0000013a3658e730 Exception <a 'java/lang/ClassNotFoundException'{0x000000008c94a338}: com/sun/swing/internal/plaf/metal/resources/spi/metalProvider> (0x000000008c94a338) 
thrown [s\open\src\hotspot\share\classfile\systemDictionary.cpp, line 255]
Event: 0.414 Thread 0x0000013a3658e730 Exception <a 'java/lang/ClassNotFoundException'{0x000000008c94e320}: com/sun/swing/internal/plaf/basic/resources/spi/basicProvider> (0x000000008c94e320) 
thrown [s\open\src\hotspot\share\classfile\systemDictionary.cpp, line 255]
Event: 0.423 Thread 0x0000013a3658e730 Exception <a 'java/lang/NoSuchMethodError'{0x000000008c96e6c8}: 'int java.lang.invoke.Invokers$Holder.invokeExact_MT(java.lang.Object, java.lang.Object)'> (0x000000008c96e6c8) 
thrown [s\open\src\hotspot\share\interpreter\linkResolver.cpp, line 759]
Event: 0.449 Thread 0x0000013a3658e730 Exception <a 'java/lang/NoSuchMethodError'{0x000000008c9dc1d8}: 'void java.lang.invoke.DirectMethodHandle$Holder.invokeStaticInit(java.lang.Object)'> (0x000000008c9dc1d8) 
thrown [s\open\src\hotspot\share\interpreter\linkResolver.cpp, line 759]
Event: 0.478 Thread 0x0000013a3658e730 Exception <a 'sun/nio/fs/WindowsException'{0x000000008c831d48}> (0x000000008c831d48) 
thrown [s\open\src\hotspot\share\prims\jni.cpp, line 516]

VM Operations (16 events):
Event: 0.119 Executing VM operation: HandshakeAllThreads
Event: 0.119 Executing VM operation: HandshakeAllThreads done
Event: 0.439 Executing VM operation: HandshakeAllThreads
Event: 0.439 Executing VM operation: HandshakeAllThreads done
Event: 0.501 Executing VM operation: HandshakeAllThreads
Event: 0.501 Executing VM operation: HandshakeAllThreads done
Event: 0.722 Executing VM operation: G1CollectForAllocation
Event: 0.725 Executing VM operation: G1CollectForAllocation done
Event: 0.738 Executing VM operation: HandshakeAllThreads
Event: 0.738 Executing VM operation: HandshakeAllThreads done
Event: 0.738 Executing VM operation: HandshakeAllThreads
Event: 0.738 Executing VM operation: HandshakeAllThreads done
Event: 1.739 Executing VM operation: Cleanup
Event: 1.739 Executing VM operation: Cleanup done
Event: 2.744 Executing VM operation: Cleanup
Event: 2.744 Executing VM operation: Cleanup done

Events (20 events):
Event: 0.039 Thread 0x0000013a53c90f00 Thread added: 0x0000013a53c90f00
Event: 0.039 Thread 0x0000013a53c9efa0 Thread added: 0x0000013a53c9efa0
Event: 0.069 Thread 0x0000013a58077400 Thread added: 0x0000013a58077400
Event: 0.078 Loaded shared library C:\Program Files\Java\jdk-18.0.2\bin\net.dll
Event: 0.080 Loaded shared library C:\Program Files\Java\jdk-18.0.2\bin\nio.dll
Event: 0.135 Thread 0x0000013a580f2ec0 Thread added: 0x0000013a580f2ec0
Event: 0.151 Loaded shared library C:\Program Files\Java\jdk-18.0.2\bin\jimage.dll
Event: 0.160 Loaded shared library C:\Program Files\Java\jdk-18.0.2\bin\zip.dll
Event: 0.172 Loaded shared library C:\Program Files\Java\jdk-18.0.2\bin\awt.dll
Event: 0.223 Thread 0x0000013a582ab630 Thread added: 0x0000013a582ab630
Event: 0.224 Thread 0x0000013a582abaf0 Thread added: 0x0000013a582abaf0
Event: 0.225 Thread 0x0000013a582abfb0 Thread added: 0x0000013a582abfb0
Event: 0.435 Thread 0x0000013a58b66940 Thread added: 0x0000013a58b66940
Event: 0.454 Loaded shared library C:\Program Files\Java\jdk-18.0.2\bin\freetype.dll
Event: 0.455 Loaded shared library C:\Program Files\Java\jdk-18.0.2\bin\fontmanager.dll
Event: 0.507 Thread 0x0000013a58ba1030 Thread added: 0x0000013a58ba1030
Event: 0.702 Thread 0x0000013a53c93270 Thread added: 0x0000013a53c93270
Event: 0.792 Thread 0x0000013a3658e730 Thread exited: 0x0000013a3658e730
Event: 0.792 Thread 0x0000013a3658e730 Thread added: 0x0000013a3658e730
Event: 1.152 Thread 0x0000013a53c93270 Thread exited: 0x0000013a53c93270


Dynamic libraries:
0x00007ff77ec40000 - 0x00007ff77ec50000 	C:\Program Files\Java\jdk-18.0.2\bin\javaw.exe
0x00007ff958610000 - 0x00007ff958808000 	C:\WINDOWS\SYSTEM32\ntdll.dll
0x00007ff956670000 - 0x00007ff95672f000 	C:\WINDOWS\System32\KERNEL32.DLL
0x00007ff955d20000 - 0x00007ff956016000 	C:\WINDOWS\System32\KERNELBASE.dll
0x00007ff956250000 - 0x00007ff956350000 	C:\WINDOWS\System32\ucrtbase.dll
0x00007ff94d2f0000 - 0x00007ff94d308000 	C:\Program Files\Java\jdk-18.0.2\bin\jli.dll
0x00007ff957240000 - 0x00007ff9572ef000 	C:\WINDOWS\System32\ADVAPI32.dll
0x00007ff958510000 - 0x00007ff9585ae000 	C:\WINDOWS\System32\msvcrt.dll
0x00007ff957130000 - 0x00007ff9571cc000 	C:\WINDOWS\System32\sechost.dll
0x00007ff957a30000 - 0x00007ff957b56000 	C:\WINDOWS\System32\RPCRT4.dll
0x00007ff957890000 - 0x00007ff957a2d000 	C:\WINDOWS\System32\USER32.dll
0x00007ff956640000 - 0x00007ff956662000 	C:\WINDOWS\System32\win32u.dll
0x00007ff957050000 - 0x00007ff95707c000 	C:\WINDOWS\System32\GDI32.dll
0x00007ff94d2d0000 - 0x00007ff94d2ea000 	C:\Program Files\Java\jdk-18.0.2\bin\VCRUNTIME140.dll
0x00007ff956130000 - 0x00007ff956245000 	C:\WINDOWS\System32\gdi32full.dll
0x00007ff956090000 - 0x00007ff95612d000 	C:\WINDOWS\System32\msvcp_win.dll
0x00007ff943cd0000 - 0x00007ff943f6a000 	C:\WINDOWS\WinSxS\amd64_microsoft.windows.common-controls_6595b64144ccf1df_6.0.19041.1110_none_60b5254171f9507e\COMCTL32.dll
0x00007ff950630000 - 0x00007ff95063a000 	C:\WINDOWS\SYSTEM32\VERSION.dll
0x00007ff957860000 - 0x00007ff957890000 	C:\WINDOWS\System32\IMM32.DLL
0x00007ff950da0000 - 0x00007ff950dac000 	C:\Program Files\Java\jdk-18.0.2\bin\vcruntime140_1.dll
0x00007ff930de0000 - 0x00007ff930e6d000 	C:\Program Files\Java\jdk-18.0.2\bin\msvcp140.dll
0x00007ff8c6ed0000 - 0x00007ff8c7ae1000 	C:\Program Files\Java\jdk-18.0.2\bin\server\jvm.dll
0x00007ff9577e0000 - 0x00007ff9577e8000 	C:\WINDOWS\System32\PSAPI.DLL
0x00007ff94d140000 - 0x00007ff94d149000 	C:\WINDOWS\SYSTEM32\WSOCK32.dll
0x00007ff947800000 - 0x00007ff947827000 	C:\WINDOWS\SYSTEM32\WINMM.dll
0x00007ff9577f0000 - 0x00007ff95785b000 	C:\WINDOWS\System32\WS2_32.dll
0x00007ff953bb0000 - 0x00007ff953bc2000 	C:\WINDOWS\SYSTEM32\kernel.appcore.dll
0x00007ff93f1e0000 - 0x00007ff93f1ea000 	C:\Program Files\Java\jdk-18.0.2\bin\jimage.dll
0x00007ff94f6e0000 - 0x00007ff94f8c4000 	C:\WINDOWS\SYSTEM32\DBGHELP.DLL
0x00007ff941bc0000 - 0x00007ff941bf4000 	C:\WINDOWS\SYSTEM32\dbgcore.DLL
0x00007ff9563a0000 - 0x00007ff956422000 	C:\WINDOWS\System32\bcryptPrimitives.dll
0x00007ff9086b0000 - 0x00007ff9086d5000 	C:\Program Files\Java\jdk-18.0.2\bin\java.dll
0x00007ff907f80000 - 0x00007ff908056000 	C:\Program Files\Java\jdk-18.0.2\bin\jsvml.dll
0x00007ff956730000 - 0x00007ff956e74000 	C:\WINDOWS\System32\SHELL32.dll
0x00007ff953db0000 - 0x00007ff954543000 	C:\WINDOWS\SYSTEM32\windows.storage.dll
0x00007ff9572f0000 - 0x00007ff957644000 	C:\WINDOWS\System32\combase.dll
0x00007ff9556c0000 - 0x00007ff9556ee000 	C:\WINDOWS\SYSTEM32\Wldp.dll
0x00007ff957730000 - 0x00007ff9577dd000 	C:\WINDOWS\System32\SHCORE.dll
0x00007ff9584b0000 - 0x00007ff958505000 	C:\WINDOWS\System32\shlwapi.dll
0x00007ff955c20000 - 0x00007ff955c45000 	C:\WINDOWS\SYSTEM32\profapi.dll
0x00007ff930180000 - 0x00007ff930193000 	C:\Program Files\Java\jdk-18.0.2\bin\net.dll
0x00007ff950c00000 - 0x00007ff950d0a000 	C:\WINDOWS\SYSTEM32\WINHTTP.dll
0x00007ff955420000 - 0x00007ff95548a000 	C:\WINDOWS\system32\mswsock.dll
0x00007ff92f660000 - 0x00007ff92f676000 	C:\Program Files\Java\jdk-18.0.2\bin\nio.dll
0x00007ff91e070000 - 0x00007ff91e088000 	C:\Program Files\Java\jdk-18.0.2\bin\zip.dll
0x00007ff8f5a00000 - 0x00007ff8f5b8f000 	C:\Program Files\Java\jdk-18.0.2\bin\awt.dll
0x00007ff956e80000 - 0x00007ff956f4d000 	C:\WINDOWS\System32\OLEAUT32.dll
0x00007ff9535b0000 - 0x00007ff953641000 	C:\WINDOWS\SYSTEM32\apphelp.dll
0x00007ff9539d0000 - 0x00007ff9539ff000 	C:\WINDOWS\system32\DWMAPI.DLL
0x00007ff9536e0000 - 0x00007ff95377e000 	C:\WINDOWS\system32\uxtheme.dll
0x00007ff907690000 - 0x00007ff9077b5000 	C:\WINDOWS\system32\opengl32.dll
0x00007ff94d290000 - 0x00007ff94d2bc000 	C:\WINDOWS\SYSTEM32\GLU32.dll
0x00007ff958390000 - 0x00007ff9584a4000 	C:\WINDOWS\System32\MSCTF.dll
0x00007ff9581e0000 - 0x00007ff95830a000 	C:\WINDOWS\System32\ole32.dll
0x00007ff947ca0000 - 0x00007ff947e6d000 	C:\WINDOWS\system32\d3d9.dll
0x00007ff94b650000 - 0x00007ff94b752000 	C:\WINDOWS\System32\DriverStore\FileRepository\nv_dispi.inf_amd64_1c83a5d7cffd7bff\nvldumdx.dll
0x00007ff955850000 - 0x00007ff955862000 	C:\WINDOWS\SYSTEM32\msasn1.dll
0x00007ff950330000 - 0x00007ff950361000 	C:\WINDOWS\SYSTEM32\cryptnet.dll
0x00007ff956430000 - 0x00007ff95658e000 	C:\WINDOWS\System32\CRYPT32.dll
0x00007ff955610000 - 0x00007ff95561c000 	C:\WINDOWS\SYSTEM32\cryptbase.dll
0x00007ff956020000 - 0x00007ff956087000 	C:\WINDOWS\System32\WINTRUST.DLL
0x00007ff9585b0000 - 0x00007ff9585cd000 	C:\WINDOWS\System32\imagehlp.dll
0x00007ff955620000 - 0x00007ff955638000 	C:\WINDOWS\SYSTEM32\CRYPTSP.dll
0x00007ff954cd0000 - 0x00007ff954d04000 	C:\WINDOWS\system32\rsaenh.dll
0x00007ff955cf0000 - 0x00007ff955d17000 	C:\WINDOWS\System32\bcrypt.dll
0x00007ff8c54b0000 - 0x00007ff8c6ecb000 	C:\WINDOWS\System32\DriverStore\FileRepository\nv_dispi.inf_amd64_1c83a5d7cffd7bff\nvd3dumx.dll
0x00007ff954560000 - 0x00007ff954583000 	C:\WINDOWS\SYSTEM32\gpapi.dll
0x00007ff94bd30000 - 0x00007ff94bd6b000 	C:\WINDOWS\SYSTEM32\dxcore.dll
0x00007ff956350000 - 0x00007ff95639e000 	C:\WINDOWS\System32\cfgmgr32.dll
0x00007ff91e370000 - 0x00007ff91e3f6000 	C:\Program Files\Java\jdk-18.0.2\bin\freetype.dll
0x00007ff908dd0000 - 0x00007ff908e78000 	C:\Program Files\Java\jdk-18.0.2\bin\fontmanager.dll
0x00007ff94afb0000 - 0x00007ff94b0aa000 	C:\WINDOWS\SYSTEM32\textinputframework.dll
0x00007ff952ea0000 - 0x00007ff9531fe000 	C:\WINDOWS\System32\CoreUIComponents.dll
0x00007ff953200000 - 0x00007ff9532f2000 	C:\WINDOWS\System32\CoreMessaging.dll
0x00007ff954df0000 - 0x00007ff954e23000 	C:\WINDOWS\SYSTEM32\ntmarta.dll
0x00007ff952790000 - 0x00007ff9528e4000 	C:\WINDOWS\SYSTEM32\wintypes.dll
0x00007ff957080000 - 0x00007ff957129000 	C:\WINDOWS\System32\clbcatq.dll
0x00007ff94f110000 - 0x00007ff94f2c4000 	C:\WINDOWS\SYSTEM32\WindowsCodecs.dll
0x00007ff93ef70000 - 0x00007ff93efae000 	C:\WINDOWS\system32\dataexchange.dll
0x00007ff9519b0000 - 0x00007ff951c13000 	C:\WINDOWS\system32\d3d11.dll
0x00007ff952930000 - 0x00007ff952b13000 	C:\WINDOWS\system32\dcomp.dll
0x00007ff954590000 - 0x00007ff954683000 	C:\WINDOWS\system32\dxgi.dll
0x00007ff94f4d0000 - 0x00007ff94f6d7000 	C:\WINDOWS\system32\twinapi.appcore.dll

dbghelp: loaded successfully - version: 4.0.5 - missing functions: none
symbol engine: initialized successfully - sym options: 0x614 - pdb path: .;C:\Program Files\Java\jdk-18.0.2\bin;C:\WINDOWS\SYSTEM32;C:\WINDOWS\WinSxS\amd64_microsoft.windows.common-controls_6595b64144ccf1df_6.0.19041.1110_none_60b5254171f9507e;C:\Program Files\Java\jdk-18.0.2\bin\server;C:\WINDOWS\System32\DriverStore\FileRepository\nv_dispi.inf_amd64_1c83a5d7cffd7bff

VM Arguments:
jvm_args: -Dfile.encoding=UTF-8 --module-path=C:\Users\Sumit\eclipse-workspace\LOgin\bin -XX:+ShowCodeDetailsInExceptionMessages -Djdk.module.main=LOgin 
java_command: LOgin/in.login.LGN
java_class_path (initial): H:\mysql-connector-j-8.0.32\mysql-connector-j-8.0.32.jar
Launcher Type: SUN_STANDARD

[Global flags]
     intx CICompilerCount                          = 3                                         {product} {ergonomic}
     uint ConcGCThreads                            = 1                                         {product} {ergonomic}
     uint G1ConcRefinementThreads                  = 4                                         {product} {ergonomic}
   size_t G1HeapRegionSize                         = 1048576                                   {product} {ergonomic}
    uintx GCDrainStackTargetSize                   = 64                                        {product} {ergonomic}
   size_t InitialHeapSize                          = 130023424                                 {product} {ergonomic}
   size_t MarkStackSize                            = 4194304                                   {product} {ergonomic}
   size_t MaxHeapSize                              = 2061500416                                {product} {ergonomic}
   size_t MaxNewSize                               = 1236271104                                {product} {ergonomic}
   size_t MinHeapDeltaBytes                        = 1048576                                   {product} {ergonomic}
   size_t MinHeapSize                              = 8388608                                   {product} {ergonomic}
    uintx NonNMethodCodeHeapSize                   = 5832780                                {pd product} {ergonomic}
    uintx NonProfiledCodeHeapSize                  = 122912730                              {pd product} {ergonomic}
    uintx ProfiledCodeHeapSize                     = 122912730                              {pd product} {ergonomic}
    uintx ReservedCodeCacheSize                    = 251658240                              {pd product} {ergonomic}
     bool SegmentedCodeCache                       = true                                      {product} {ergonomic}
     bool ShowCodeDetailsInExceptionMessages       = true                                   {manageable} {command line}
   size_t SoftMaxHeapSize                          = 2061500416                             {manageable} {ergonomic}
     bool UseCompressedClassPointers               = true                           {product lp64_product} {ergonomic}
     bool UseCompressedOops                        = true                           {product lp64_product} {ergonomic}
     bool UseG1GC                                  = true                                      {product} {ergonomic}
     bool UseLargePagesIndividualAllocation        = false                                  {pd product} {ergonomic}

Logging:
Log output configuration:
 #0: stdout all=warning uptime,level,tags foldmultilines=false
 #1: stderr all=off uptime,level,tags foldmultilines=false

Environment Variables:
PATH=C:/Program Files/Java/jdk-18.0.2/bin/server;C:/Program Files/Java/jdk-18.0.2/bin;C:\Program Files\Eclipse Adoptium\jdk-17.0.6.10-hotspot\bin;C:\Program Files\Python311\Scripts\;C:\Program Files\Python311\;C:\Program Files\Common Files\Oracle\Java\javapath;C:\WINDOWS\system32;C:\WINDOWS;C:\WINDOWS\System32\Wbem;C:\WINDOWS\System32\WindowsPowerShell\v1.0\;C:\MinGW\bin;C:\WINDOWS\System32\OpenSSH\;C:\Program Files\Java\jdk-18.0.2\bin;C:\Program Files\MySQL\MySQL Server 8.0\bin;C:\mysql-connector-j-8.1.0.jar;C:\Users\Sumit\AppData\Local\Microsoft\WindowsApps;C:\Users\Sumit\AppData\Local\Programs\Microsoft VS Code\bin;C:\MinGW\bin;C:\Program Files\Java\jdk-18.0.2\bin;C:\Program Files\JetBrains\PyCharm 2022.3\bin;;C:\Program Files\JetBrains\PyCharm Community Edition 2022.3\bin;;C:\xampp\mysql\bin;C:\mysql-connector-j-8.1.0.jar;;C:\WINDOWS\System32;
USERNAME=Sumit
OS=Windows_NT
PROCESSOR_IDENTIFIER=AMD64 Family 23 Model 17 Stepping 0, AuthenticAMD



---------------  S Y S T E M  ---------------

OS:
 Windows 10 , 64 bit Build 19041 (10.0.19041.3155)
OS uptime: 1 days 4:54 hours

CPU: total 4 (initial active 4) (4 cores per cpu, 1 threads per core) family 23 model 17 stepping 0 microcode 0x0, cx8, cmov, fxsr, mmx, 3dnowpref, sse, sse2, sse3, ssse3, sse4a, sse4.1, sse4.2, popcnt, lzcnt, tsc, tscinvbit, avx, avx2, aes, clmul, bmi1, bmi2, adx, sha, fma, vzeroupper, clflush, clflushopt

Memory: 4k page, system-wide physical 7862M (1193M free)
TotalPageFile size 22026M (AvailPageFile size 2M)
current process WorkingSet (physical memory assigned to process): 91M, peak: 91M
current process commit charge ("private bytes"): 252M, peak: 254M

vm_info: Java HotSpot(TM) 64-Bit Server VM (18.0.2+9-61) for windows-amd64 JRE (18.0.2+9-61), built on Jun  7 2022 13:09:01 by "mach5one" with MS VC++ 16.8 / 16.9 (VS2019)

END.
