#
# There is insufficient memory for the Java Runtime Environment to continue.
# Native memory allocation (mmap) failed to map 65536 bytes for Failed to commit metaspace.
# Possible reasons:
#   The system is out of physical RAM or swap space
#   The process is running with CompressedOops enabled, and the Java Heap may be blocking the growth of the native heap
# Possible solutions:
#   Reduce memory load on the system
#   Increase physical memory or swap space
#   Check if swap backing store is full
#   Decrease Java heap size (-Xmx/-Xms)
#   Decrease number of Java threads
#   Decrease Java thread stack sizes (-Xss)
#   Set larger code cache with -XX:ReservedCodeCacheSize=
#   JVM is running with Unscaled Compressed Oops mode in which the Java heap is
#     placed in the first 4GB address space. The Java Heap base address is the
#     maximum limit for the native heap growth. Please use -XX:HeapBaseMinAddress
#     to set the Java Heap base and to place the Java Heap above 4GB virtual address.
# This output file may be truncated or incomplete.
#
#  Out of Memory Error (virtualSpaceNode.cpp:110), pid=19004, tid=12180
#
# JRE version: Java(TM) SE Runtime Environment (18.0.2+9) (build 18.0.2+9-61)
# Java VM: Java HotSpot(TM) 64-Bit Server VM (18.0.2+9-61, mixed mode, sharing, tiered, compressed oops, compressed class ptrs, g1 gc, windows-amd64)
# No core dump will be written. Minidumps are not enabled by default on client versions of Windows
#

---------------  S U M M A R Y ------------

Command Line: -Dfile.encoding=UTF-8 --module-path=C:\Users\Sumit\eclipse-workspace\LOgin\bin -XX:+ShowCodeDetailsInExceptionMessages -Djdk.module.main=LOgin LOgin/in.login.LGN

Host: AMD Ryzen 3 2200G with Radeon Vega Graphics    , 4 cores, 7G,  Windows 10 , 64 bit Build 19041 (10.0.19041.3155)
Time: Sat Sep  9 20:44:58 2023 India Standard Time elapsed time: 97.397437 seconds (0d 0h 1m 37s)

---------------  T H R E A D  ---------------

Current thread (0x0000014f3d0f0d20):  JavaThread "AWT-EventQueue-0" [_thread_in_vm, id=12180, stack(0x00000006c2d00000,0x00000006c2e00000)]

Stack: [0x00000006c2d00000,0x00000006c2e00000]
Native frames: (J=compiled Java code, j=interpreted, Vv=VM code, C=native code)
V  [jvm.dll+0x6993ca]
V  [jvm.dll+0x7f481d]
V  [jvm.dll+0x7f612e]
V  [jvm.dll+0x7f67e3]
V  [jvm.dll+0x25cdaf]
V  [jvm.dll+0x7f052b]
V  [jvm.dll+0x63f546]
V  [jvm.dll+0x1d741e]
V  [jvm.dll+0x641eeb]
V  [jvm.dll+0x641cee]
V  [jvm.dll+0x63ff0e]
V  [jvm.dll+0x38e1f2]
V  [jvm.dll+0x1fa45b]
V  [jvm.dll+0x55dc2e]
V  [jvm.dll+0x209a67]
V  [jvm.dll+0x76dddd]
V  [jvm.dll+0x76f116]
V  [jvm.dll+0x76f8a1]
V  [jvm.dll+0x2039b4]
V  [jvm.dll+0x1f8bca]
V  [jvm.dll+0x55dc05]
V  [jvm.dll+0x209a67]
V  [jvm.dll+0x76dddd]
V  [jvm.dll+0x76f116]
V  [jvm.dll+0x76f448]
V  [jvm.dll+0x2551d6]
V  [jvm.dll+0x25541f]
V  [jvm.dll+0x57c6c8]
V  [jvm.dll+0x57f537]
V  [jvm.dll+0x3a4da3]
V  [jvm.dll+0x3a443f]
C  0x0000014f2244a602

Java frames: (J=compiled Java code, j=interpreted, Vv=VM code)
j  java.awt.image.DataBuffer.<clinit>()V+44 java.desktop@18.0.2
v  ~StubRoutines::call_stub
j  java.awt.image.Raster.createPackedRaster(III[ILjava/awt/Point;)Ljava/awt/image/WritableRaster;+62 java.desktop@18.0.2
j  java.awt.image.DirectColorModel.createCompatibleWritableRaster(II)Ljava/awt/image/WritableRaster;+83 java.desktop@18.0.2
j  java.awt.GraphicsConfiguration.createCompatibleImage(II)Ljava/awt/image/BufferedImage;+8 java.desktop@18.0.2
j  java.awt.GraphicsConfiguration.createCompatibleImage(III)Ljava/awt/image/BufferedImage;+14 java.desktop@18.0.2
j  sun.awt.image.SunVolatileImage.getBackupImage(DD)Ljava/awt/image/BufferedImage;+36 java.desktop@18.0.2
j  sun.awt.image.VolatileSurfaceManager.getBackupSurface()Lsun/java2d/SurfaceData;+38 java.desktop@18.0.2
j  sun.awt.image.VolatileSurfaceManager.displayChanged()V+33 java.desktop@18.0.2
j  sun.awt.SunDisplayChanger.notifyListeners()V+105 java.desktop@18.0.2
j  sun.awt.Win32GraphicsEnvironment.displayChanged()V+291 java.desktop@18.0.2
j  sun.awt.windows.WToolkit.lambda$displayChanged$4()V+15 java.desktop@18.0.2
j  sun.awt.windows.WToolkit$$Lambda$146+0x0000000800cfea20.run()V+0 java.desktop@18.0.2
j  java.awt.event.InvocationEvent.dispatch()V+47 java.desktop@18.0.2
j  java.awt.EventQueue.dispatchEventImpl(Ljava/awt/AWTEvent;Ljava/lang/Object;)V+21 java.desktop@18.0.2
j  java.awt.EventQueue$4.run()Ljava/lang/Void;+32 java.desktop@18.0.2
j  java.awt.EventQueue$4.run()Ljava/lang/Object;+1 java.desktop@18.0.2
J 1053 c1 java.security.AccessController.executePrivileged(Ljava/security/PrivilegedAction;Ljava/security/AccessControlContext;Ljava/lang/Class;)Ljava/lang/Object; java.base@18.0.2 (65 bytes) @ 0x0000014f22b7b7bc [0x0000014f22b7b660+0x000000000000015c]
j  java.security.AccessController.doPrivileged(Ljava/security/PrivilegedAction;Ljava/security/AccessControlContext;)Ljava/lang/Object;+13 java.base@18.0.2
j  java.security.ProtectionDomain$JavaSecurityAccessImpl.doIntersectionPrivilege(Ljava/security/PrivilegedAction;Ljava/security/AccessControlContext;Ljava/security/AccessControlContext;)Ljava/lang/Object;+18 java.base@18.0.2
j  java.awt.EventQueue.dispatchEvent(Ljava/awt/AWTEvent;)V+46 java.desktop@18.0.2
j  java.awt.EventDispatchThread.pumpOneEventForFilters(I)V+78 java.desktop@18.0.2
j  java.awt.EventDispatchThread.pumpEventsForFilter(ILjava/awt/Conditional;Ljava/awt/EventFilter;)V+35 java.desktop@18.0.2
j  java.awt.EventDispatchThread.pumpEventsForHierarchy(ILjava/awt/Conditional;Ljava/awt/Component;)V+11 java.desktop@18.0.2
j  java.awt.EventDispatchThread.pumpEvents(ILjava/awt/Conditional;)V+4 java.desktop@18.0.2
j  java.awt.EventDispatchThread.pumpEvents(Ljava/awt/Conditional;)V+3 java.desktop@18.0.2
j  java.awt.EventDispatchThread.run()V+9 java.desktop@18.0.2
v  ~StubRoutines::call_stub

---------------  P R O C E S S  ---------------

Threads class SMR info:
_java_thread_list=0x0000014f3d1a0030, length=17, elements={
0x0000014f381ad2d0, 0x0000014f381ae650, 0x0000014f381bfc30, 0x0000014f381c44f0,
0x0000014f381c4fb0, 0x0000014f381c59a0, 0x0000014f381c9bc0, 0x0000014f381d7a50,
0x0000014f382636a0, 0x0000014f3c4366b0, 0x0000014f3c4e3ca0, 0x0000014f3c693ed0,
0x0000014f3c694390, 0x0000014f3c6c8890, 0x0000014f3d0f0d20, 0x0000014f3d14f590,
0x0000014f1aaf5910
}

Java Threads: ( => current thread )
  0x0000014f381ad2d0 JavaThread "Reference Handler" daemon [_thread_blocked, id=536, stack(0x00000006c1c00000,0x00000006c1d00000)]
  0x0000014f381ae650 JavaThread "Finalizer" daemon [_thread_blocked, id=6856, stack(0x00000006c1d00000,0x00000006c1e00000)]
  0x0000014f381bfc30 JavaThread "Signal Dispatcher" daemon [_thread_blocked, id=19192, stack(0x00000006c1e00000,0x00000006c1f00000)]
  0x0000014f381c44f0 JavaThread "Attach Listener" daemon [_thread_blocked, id=12752, stack(0x00000006c1f00000,0x00000006c2000000)]
  0x0000014f381c4fb0 JavaThread "Service Thread" daemon [_thread_blocked, id=17184, stack(0x00000006c2000000,0x00000006c2100000)]
  0x0000014f381c59a0 JavaThread "Monitor Deflation Thread" daemon [_thread_blocked, id=9324, stack(0x00000006c2100000,0x00000006c2200000)]
  0x0000014f381c9bc0 JavaThread "C2 CompilerThread0" daemon [_thread_blocked, id=2476, stack(0x00000006c2200000,0x00000006c2300000)]
  0x0000014f381d7a50 JavaThread "C1 CompilerThread0" daemon [_thread_blocked, id=19088, stack(0x00000006c2300000,0x00000006c2400000)]
  0x0000014f382636a0 JavaThread "Sweeper thread" daemon [_thread_blocked, id=16320, stack(0x00000006c2400000,0x00000006c2500000)]
  0x0000014f3c4366b0 JavaThread "Common-Cleaner" daemon [_thread_blocked, id=13688, stack(0x00000006c2500000,0x00000006c2600000)]
  0x0000014f3c4e3ca0 JavaThread "Notification Thread" daemon [_thread_blocked, id=15088, stack(0x00000006c2600000,0x00000006c2700000)]
  0x0000014f3c693ed0 JavaThread "Java2D Disposer" daemon [_thread_blocked, id=7480, stack(0x00000006c2800000,0x00000006c2900000)]
  0x0000014f3c694390 JavaThread "AWT-Shutdown" [_thread_blocked, id=13776, stack(0x00000006c2900000,0x00000006c2a00000)]
  0x0000014f3c6c8890 JavaThread "AWT-Windows" daemon [_thread_in_native, id=3968, stack(0x00000006c2a00000,0x00000006c2b00000)]
=>0x0000014f3d0f0d20 JavaThread "AWT-EventQueue-0" [_thread_in_vm, id=12180, stack(0x00000006c2d00000,0x00000006c2e00000)]
  0x0000014f3d14f590 JavaThread "D3D Screen Updater" daemon [_thread_blocked, id=10212, stack(0x00000006c2e00000,0x00000006c2f00000)]
  0x0000014f1aaf5910 JavaThread "DestroyJavaVM" [_thread_blocked, id=19156, stack(0x00000006c1500000,0x00000006c1600000)]

Other Threads:
  0x0000014f381a73a0 VMThread "VM Thread" [stack: 0x00000006c1b00000,0x00000006c1c00000] [id=10444]
  0x0000014f3c4b3970 WatcherThread "VM Periodic Task Thread" [stack: 0x00000006c2700000,0x00000006c2800000] [id=19144]
  0x0000014f1ab563d0 WorkerThread "GC Thread#0" [stack: 0x00000006c1600000,0x00000006c1700000] [id=904]
  0x0000014f3d1a7890 WorkerThread "GC Thread#1" [stack: 0x00000006c3000000,0x00000006c3100000] [id=18004]
  0x0000014f3d1a7b30 WorkerThread "GC Thread#2" [stack: 0x00000006c3100000,0x00000006c3200000] [id=5204]
  0x0000014f3d255120 WorkerThread "GC Thread#3" [stack: 0x00000006c3200000,0x00000006c3300000] [id=5580]
  0x0000014f1ab67b80 ConcurrentGCThread "G1 Main Marker" [stack: 0x00000006c1700000,0x00000006c1800000] [id=5724]
  0x0000014f1ab68480 WorkerThread "G1 Conc#0" [stack: 0x00000006c1800000,0x00000006c1900000] [id=1092]
  0x0000014f1aba0ce0 ConcurrentGCThread "G1 Refine#0" [stack: 0x00000006c1900000,0x00000006c1a00000] [id=7876]
  0x0000014f1aba1500 ConcurrentGCThread "G1 Service" [stack: 0x00000006c1a00000,0x00000006c1b00000] [id=9400]

Threads with active compile tasks:

VM state: not at safepoint (normal execution)

VM Mutex/Monitor currently owned by a thread:  ([mutex/lock_event])
[0x0000014f1aaf2050] Metaspace_lock - owner thread: 0x0000014f3d0f0d20

Heap address: 0x0000000085200000, size: 1966 MB, Compressed Oops mode: 32-bit

CDS archive(s) mapped at: [0x0000000800000000-0x0000000800ba0000-0x0000000800ba0000), size 12189696, SharedBaseAddress: 0x0000000800000000, ArchiveRelocationMode: 0.
Compressed class space mapped at: 0x0000000800c00000-0x0000000840c00000, reserved size: 1073741824
Narrow klass base: 0x0000000800000000, Narrow klass shift: 0, Narrow klass range: 0x100000000

GC Precious Log:
 CardTable entry size: 512
 Card Set container configuration: InlinePtr #cards 5 size 8 Array Of Cards #cards 12 size 40 Howl #buckets 4 coarsen threshold 1843 Howl Bitmap #cards 512 size 80 coarsen threshold 460 Card regions per heap region 1 cards per card region 2048
 CPUs: 4 total, 4 available
 Memory: 7862M
 Large Page Support: Disabled
 NUMA Support: Disabled
 Compressed Oops: Enabled (32-bit)
 Heap Region Size: 1M
 Heap Min Capacity: 8M
 Heap Initial Capacity: 124M
 Heap Max Capacity: 1966M
 Pre-touch: Disabled
 Parallel Workers: 4
 Concurrent Workers: 1
 Concurrent Refinement Workers: 4
 Periodic GC: Disabled

Heap:
 garbage-first heap   total 126976K, used 4789K [0x0000000085200000, 0x0000000100000000)
  region size 1024K, 5 young (5120K), 2 survivors (2048K)
 Metaspace       used 7745K, committed 7872K, reserved 1114112K
  class space    used 866K, committed 960K, reserved 1048576K

Heap Regions: E=young(eden), S=young(survivor), O=old, HS=humongous(starts), HC=humongous(continues), CS=collection set, F=free, OA=open archive, CA=closed archive, TAMS=top-at-mark-start (previous, next)
|   0|0x0000000085200000, 0x00000000852ad400, 0x0000000085300000| 67%| O|  |TAMS 0x0000000085200000, 0x0000000085200000| Untracked 
|   1|0x0000000085300000, 0x0000000085300000, 0x0000000085400000|  0%| F|  |TAMS 0x0000000085300000, 0x0000000085300000| Untracked 
|   2|0x0000000085400000, 0x0000000085400000, 0x0000000085500000|  0%| F|  |TAMS 0x0000000085400000, 0x0000000085400000| Untracked 
|   3|0x0000000085500000, 0x0000000085500000, 0x0000000085600000|  0%| F|  |TAMS 0x0000000085500000, 0x0000000085500000| Untracked 
|   4|0x0000000085600000, 0x0000000085600000, 0x0000000085700000|  0%| F|  |TAMS 0x0000000085600000, 0x0000000085600000| Untracked 
|   5|0x0000000085700000, 0x0000000085700000, 0x0000000085800000|  0%| F|  |TAMS 0x0000000085700000, 0x0000000085700000| Untracked 
|   6|0x0000000085800000, 0x0000000085800000, 0x0000000085900000|  0%| F|  |TAMS 0x0000000085800000, 0x0000000085800000| Untracked 
|   7|0x0000000085900000, 0x0000000085900000, 0x0000000085a00000|  0%| F|  |TAMS 0x0000000085900000, 0x0000000085900000| Untracked 
|   8|0x0000000085a00000, 0x0000000085a00000, 0x0000000085b00000|  0%| F|  |TAMS 0x0000000085a00000, 0x0000000085a00000| Untracked 
|   9|0x0000000085b00000, 0x0000000085b00000, 0x0000000085c00000|  0%| F|  |TAMS 0x0000000085b00000, 0x0000000085b00000| Untracked 
|  10|0x0000000085c00000, 0x0000000085c00000, 0x0000000085d00000|  0%| F|  |TAMS 0x0000000085c00000, 0x0000000085c00000| Untracked 
|  11|0x0000000085d00000, 0x0000000085d00000, 0x0000000085e00000|  0%| F|  |TAMS 0x0000000085d00000, 0x0000000085d00000| Untracked 
|  12|0x0000000085e00000, 0x0000000085e00000, 0x0000000085f00000|  0%| F|  |TAMS 0x0000000085e00000, 0x0000000085e00000| Untracked 
|  13|0x0000000085f00000, 0x0000000085f00000, 0x0000000086000000|  0%| F|  |TAMS 0x0000000085f00000, 0x0000000085f00000| Untracked 
|  14|0x0000000086000000, 0x0000000086000000, 0x0000000086100000|  0%| F|  |TAMS 0x0000000086000000, 0x0000000086000000| Untracked 
|  15|0x0000000086100000, 0x0000000086100000, 0x0000000086200000|  0%| F|  |TAMS 0x0000000086100000, 0x0000000086100000| Untracked 
|  16|0x0000000086200000, 0x0000000086200000, 0x0000000086300000|  0%| F|  |TAMS 0x0000000086200000, 0x0000000086200000| Untracked 
|  17|0x0000000086300000, 0x0000000086300000, 0x0000000086400000|  0%| F|  |TAMS 0x0000000086300000, 0x0000000086300000| Untracked 
|  18|0x0000000086400000, 0x0000000086400000, 0x0000000086500000|  0%| F|  |TAMS 0x0000000086400000, 0x0000000086400000| Untracked 
|  19|0x0000000086500000, 0x0000000086500000, 0x0000000086600000|  0%| F|  |TAMS 0x0000000086500000, 0x0000000086500000| Untracked 
|  20|0x0000000086600000, 0x0000000086600000, 0x0000000086700000|  0%| F|  |TAMS 0x0000000086600000, 0x0000000086600000| Untracked 
|  21|0x0000000086700000, 0x0000000086700000, 0x0000000086800000|  0%| F|  |TAMS 0x0000000086700000, 0x0000000086700000| Untracked 
|  22|0x0000000086800000, 0x0000000086800000, 0x0000000086900000|  0%| F|  |TAMS 0x0000000086800000, 0x0000000086800000| Untracked 
|  23|0x0000000086900000, 0x0000000086900000, 0x0000000086a00000|  0%| F|  |TAMS 0x0000000086900000, 0x0000000086900000| Untracked 
|  24|0x0000000086a00000, 0x0000000086a00000, 0x0000000086b00000|  0%| F|  |TAMS 0x0000000086a00000, 0x0000000086a00000| Untracked 
|  25|0x0000000086b00000, 0x0000000086b00000, 0x0000000086c00000|  0%| F|  |TAMS 0x0000000086b00000, 0x0000000086b00000| Untracked 
|  26|0x0000000086c00000, 0x0000000086c00000, 0x0000000086d00000|  0%| F|  |TAMS 0x0000000086c00000, 0x0000000086c00000| Untracked 
|  27|0x0000000086d00000, 0x0000000086d00000, 0x0000000086e00000|  0%| F|  |TAMS 0x0000000086d00000, 0x0000000086d00000| Untracked 
|  28|0x0000000086e00000, 0x0000000086e00000, 0x0000000086f00000|  0%| F|  |TAMS 0x0000000086e00000, 0x0000000086e00000| Untracked 
|  29|0x0000000086f00000, 0x0000000086f00000, 0x0000000087000000|  0%| F|  |TAMS 0x0000000086f00000, 0x0000000086f00000| Untracked 
|  30|0x0000000087000000, 0x0000000087000000, 0x0000000087100000|  0%| F|  |TAMS 0x0000000087000000, 0x0000000087000000| Untracked 
|  31|0x0000000087100000, 0x0000000087100000, 0x0000000087200000|  0%| F|  |TAMS 0x0000000087100000, 0x0000000087100000| Untracked 
|  32|0x0000000087200000, 0x0000000087200000, 0x0000000087300000|  0%| F|  |TAMS 0x0000000087200000, 0x0000000087200000| Untracked 
|  33|0x0000000087300000, 0x0000000087300000, 0x0000000087400000|  0%| F|  |TAMS 0x0000000087300000, 0x0000000087300000| Untracked 
|  34|0x0000000087400000, 0x0000000087400000, 0x0000000087500000|  0%| F|  |TAMS 0x0000000087400000, 0x0000000087400000| Untracked 
|  35|0x0000000087500000, 0x0000000087500000, 0x0000000087600000|  0%| F|  |TAMS 0x0000000087500000, 0x0000000087500000| Untracked 
|  36|0x0000000087600000, 0x0000000087600000, 0x0000000087700000|  0%| F|  |TAMS 0x0000000087600000, 0x0000000087600000| Untracked 
|  37|0x0000000087700000, 0x0000000087700000, 0x0000000087800000|  0%| F|  |TAMS 0x0000000087700000, 0x0000000087700000| Untracked 
|  38|0x0000000087800000, 0x0000000087800000, 0x0000000087900000|  0%| F|  |TAMS 0x0000000087800000, 0x0000000087800000| Untracked 
|  39|0x0000000087900000, 0x0000000087900000, 0x0000000087a00000|  0%| F|  |TAMS 0x0000000087900000, 0x0000000087900000| Untracked 
|  40|0x0000000087a00000, 0x0000000087a00000, 0x0000000087b00000|  0%| F|  |TAMS 0x0000000087a00000, 0x0000000087a00000| Untracked 
|  41|0x0000000087b00000, 0x0000000087b00000, 0x0000000087c00000|  0%| F|  |TAMS 0x0000000087b00000, 0x0000000087b00000| Untracked 
|  42|0x0000000087c00000, 0x0000000087c00000, 0x0000000087d00000|  0%| F|  |TAMS 0x0000000087c00000, 0x0000000087c00000| Untracked 
|  43|0x0000000087d00000, 0x0000000087d00000, 0x0000000087e00000|  0%| F|  |TAMS 0x0000000087d00000, 0x0000000087d00000| Untracked 
|  44|0x0000000087e00000, 0x0000000087e00000, 0x0000000087f00000|  0%| F|  |TAMS 0x0000000087e00000, 0x0000000087e00000| Untracked 
|  45|0x0000000087f00000, 0x0000000087f00000, 0x0000000088000000|  0%| F|  |TAMS 0x0000000087f00000, 0x0000000087f00000| Untracked 
|  46|0x0000000088000000, 0x0000000088000000, 0x0000000088100000|  0%| F|  |TAMS 0x0000000088000000, 0x0000000088000000| Untracked 
|  47|0x0000000088100000, 0x0000000088100000, 0x0000000088200000|  0%| F|  |TAMS 0x0000000088100000, 0x0000000088100000| Untracked 
|  48|0x0000000088200000, 0x0000000088200000, 0x0000000088300000|  0%| F|  |TAMS 0x0000000088200000, 0x0000000088200000| Untracked 
|  49|0x0000000088300000, 0x0000000088300000, 0x0000000088400000|  0%| F|  |TAMS 0x0000000088300000, 0x0000000088300000| Untracked 
|  50|0x0000000088400000, 0x0000000088400000, 0x0000000088500000|  0%| F|  |TAMS 0x0000000088400000, 0x0000000088400000| Untracked 
|  51|0x0000000088500000, 0x0000000088500000, 0x0000000088600000|  0%| F|  |TAMS 0x0000000088500000, 0x0000000088500000| Untracked 
|  52|0x0000000088600000, 0x0000000088600000, 0x0000000088700000|  0%| F|  |TAMS 0x0000000088600000, 0x0000000088600000| Untracked 
|  53|0x0000000088700000, 0x0000000088700000, 0x0000000088800000|  0%| F|  |TAMS 0x0000000088700000, 0x0000000088700000| Untracked 
|  54|0x0000000088800000, 0x0000000088800000, 0x0000000088900000|  0%| F|  |TAMS 0x0000000088800000, 0x0000000088800000| Untracked 
|  55|0x0000000088900000, 0x0000000088900000, 0x0000000088a00000|  0%| F|  |TAMS 0x0000000088900000, 0x0000000088900000| Untracked 
|  56|0x0000000088a00000, 0x0000000088a00000, 0x0000000088b00000|  0%| F|  |TAMS 0x0000000088a00000, 0x0000000088a00000| Untracked 
|  57|0x0000000088b00000, 0x0000000088b00000, 0x0000000088c00000|  0%| F|  |TAMS 0x0000000088b00000, 0x0000000088b00000| Untracked 
|  58|0x0000000088c00000, 0x0000000088c00000, 0x0000000088d00000|  0%| F|  |TAMS 0x0000000088c00000, 0x0000000088c00000| Untracked 
|  59|0x0000000088d00000, 0x0000000088d00000, 0x0000000088e00000|  0%| F|  |TAMS 0x0000000088d00000, 0x0000000088d00000| Untracked 
|  60|0x0000000088e00000, 0x0000000088e00000, 0x0000000088f00000|  0%| F|  |TAMS 0x0000000088e00000, 0x0000000088e00000| Untracked 
|  61|0x0000000088f00000, 0x0000000088f00000, 0x0000000089000000|  0%| F|  |TAMS 0x0000000088f00000, 0x0000000088f00000| Untracked 
|  62|0x0000000089000000, 0x0000000089000000, 0x0000000089100000|  0%| F|  |TAMS 0x0000000089000000, 0x0000000089000000| Untracked 
|  63|0x0000000089100000, 0x0000000089100000, 0x0000000089200000|  0%| F|  |TAMS 0x0000000089100000, 0x0000000089100000| Untracked 
|  64|0x0000000089200000, 0x0000000089200000, 0x0000000089300000|  0%| F|  |TAMS 0x0000000089200000, 0x0000000089200000| Untracked 
|  65|0x0000000089300000, 0x0000000089300000, 0x0000000089400000|  0%| F|  |TAMS 0x0000000089300000, 0x0000000089300000| Untracked 
|  66|0x0000000089400000, 0x0000000089400000, 0x0000000089500000|  0%| F|  |TAMS 0x0000000089400000, 0x0000000089400000| Untracked 
|  67|0x0000000089500000, 0x0000000089500000, 0x0000000089600000|  0%| F|  |TAMS 0x0000000089500000, 0x0000000089500000| Untracked 
|  68|0x0000000089600000, 0x0000000089600000, 0x0000000089700000|  0%| F|  |TAMS 0x0000000089600000, 0x0000000089600000| Untracked 
|  69|0x0000000089700000, 0x0000000089700000, 0x0000000089800000|  0%| F|  |TAMS 0x0000000089700000, 0x0000000089700000| Untracked 
|  70|0x0000000089800000, 0x0000000089800000, 0x0000000089900000|  0%| F|  |TAMS 0x0000000089800000, 0x0000000089800000| Untracked 
|  71|0x0000000089900000, 0x0000000089900000, 0x0000000089a00000|  0%| F|  |TAMS 0x0000000089900000, 0x0000000089900000| Untracked 
|  72|0x0000000089a00000, 0x0000000089a00000, 0x0000000089b00000|  0%| F|  |TAMS 0x0000000089a00000, 0x0000000089a00000| Untracked 
|  73|0x0000000089b00000, 0x0000000089b00000, 0x0000000089c00000|  0%| F|  |TAMS 0x0000000089b00000, 0x0000000089b00000| Untracked 
|  74|0x0000000089c00000, 0x0000000089c00000, 0x0000000089d00000|  0%| F|  |TAMS 0x0000000089c00000, 0x0000000089c00000| Untracked 
|  75|0x0000000089d00000, 0x0000000089d00000, 0x0000000089e00000|  0%| F|  |TAMS 0x0000000089d00000, 0x0000000089d00000| Untracked 
|  76|0x0000000089e00000, 0x0000000089e00000, 0x0000000089f00000|  0%| F|  |TAMS 0x0000000089e00000, 0x0000000089e00000| Untracked 
|  77|0x0000000089f00000, 0x0000000089f00000, 0x000000008a000000|  0%| F|  |TAMS 0x0000000089f00000, 0x0000000089f00000| Untracked 
|  78|0x000000008a000000, 0x000000008a000000, 0x000000008a100000|  0%| F|  |TAMS 0x000000008a000000, 0x000000008a000000| Untracked 
|  79|0x000000008a100000, 0x000000008a100000, 0x000000008a200000|  0%| F|  |TAMS 0x000000008a100000, 0x000000008a100000| Untracked 
|  80|0x000000008a200000, 0x000000008a200000, 0x000000008a300000|  0%| F|  |TAMS 0x000000008a200000, 0x000000008a200000| Untracked 
|  81|0x000000008a300000, 0x000000008a300000, 0x000000008a400000|  0%| F|  |TAMS 0x000000008a300000, 0x000000008a300000| Untracked 
|  82|0x000000008a400000, 0x000000008a400000, 0x000000008a500000|  0%| F|  |TAMS 0x000000008a400000, 0x000000008a400000| Untracked 
|  83|0x000000008a500000, 0x000000008a500000, 0x000000008a600000|  0%| F|  |TAMS 0x000000008a500000, 0x000000008a500000| Untracked 
|  84|0x000000008a600000, 0x000000008a600000, 0x000000008a700000|  0%| F|  |TAMS 0x000000008a600000, 0x000000008a600000| Untracked 
|  85|0x000000008a700000, 0x000000008a700000, 0x000000008a800000|  0%| F|  |TAMS 0x000000008a700000, 0x000000008a700000| Untracked 
|  86|0x000000008a800000, 0x000000008a800000, 0x000000008a900000|  0%| F|  |TAMS 0x000000008a800000, 0x000000008a800000| Untracked 
|  87|0x000000008a900000, 0x000000008a900000, 0x000000008aa00000|  0%| F|  |TAMS 0x000000008a900000, 0x000000008a900000| Untracked 
|  88|0x000000008aa00000, 0x000000008aa00000, 0x000000008ab00000|  0%| F|  |TAMS 0x000000008aa00000, 0x000000008aa00000| Untracked 
|  89|0x000000008ab00000, 0x000000008ab00000, 0x000000008ac00000|  0%| F|  |TAMS 0x000000008ab00000, 0x000000008ab00000| Untracked 
|  90|0x000000008ac00000, 0x000000008ac00000, 0x000000008ad00000|  0%| F|  |TAMS 0x000000008ac00000, 0x000000008ac00000| Untracked 
|  91|0x000000008ad00000, 0x000000008ad00000, 0x000000008ae00000|  0%| F|  |TAMS 0x000000008ad00000, 0x000000008ad00000| Untracked 
|  92|0x000000008ae00000, 0x000000008ae00000, 0x000000008af00000|  0%| F|  |TAMS 0x000000008ae00000, 0x000000008ae00000| Untracked 
|  93|0x000000008af00000, 0x000000008af00000, 0x000000008b000000|  0%| F|  |TAMS 0x000000008af00000, 0x000000008af00000| Untracked 
|  94|0x000000008b000000, 0x000000008b000000, 0x000000008b100000|  0%| F|  |TAMS 0x000000008b000000, 0x000000008b000000| Untracked 
|  95|0x000000008b100000, 0x000000008b100000, 0x000000008b200000|  0%| F|  |TAMS 0x000000008b100000, 0x000000008b100000| Untracked 
|  96|0x000000008b200000, 0x000000008b200000, 0x000000008b300000|  0%| F|  |TAMS 0x000000008b200000, 0x000000008b200000| Untracked 
|  97|0x000000008b300000, 0x000000008b300000, 0x000000008b400000|  0%| F|  |TAMS 0x000000008b300000, 0x000000008b300000| Untracked 
|  98|0x000000008b400000, 0x000000008b400000, 0x000000008b500000|  0%| F|  |TAMS 0x000000008b400000, 0x000000008b400000| Untracked 
|  99|0x000000008b500000, 0x000000008b500000, 0x000000008b600000|  0%| F|  |TAMS 0x000000008b500000, 0x000000008b500000| Untracked 
| 100|0x000000008b600000, 0x000000008b600000, 0x000000008b700000|  0%| F|  |TAMS 0x000000008b600000, 0x000000008b600000| Untracked 
| 101|0x000000008b700000, 0x000000008b700000, 0x000000008b800000|  0%| F|  |TAMS 0x000000008b700000, 0x000000008b700000| Untracked 
| 102|0x000000008b800000, 0x000000008b800000, 0x000000008b900000|  0%| F|  |TAMS 0x000000008b800000, 0x000000008b800000| Untracked 
| 103|0x000000008b900000, 0x000000008b900000, 0x000000008ba00000|  0%| F|  |TAMS 0x000000008b900000, 0x000000008b900000| Untracked 
| 104|0x000000008ba00000, 0x000000008ba00000, 0x000000008bb00000|  0%| F|  |TAMS 0x000000008ba00000, 0x000000008ba00000| Untracked 
| 105|0x000000008bb00000, 0x000000008bb00000, 0x000000008bc00000|  0%| F|  |TAMS 0x000000008bb00000, 0x000000008bb00000| Untracked 
| 106|0x000000008bc00000, 0x000000008bc00000, 0x000000008bd00000|  0%| F|  |TAMS 0x000000008bc00000, 0x000000008bc00000| Untracked 
| 107|0x000000008bd00000, 0x000000008bd00000, 0x000000008be00000|  0%| F|  |TAMS 0x000000008bd00000, 0x000000008bd00000| Untracked 
| 108|0x000000008be00000, 0x000000008be00000, 0x000000008bf00000|  0%| F|  |TAMS 0x000000008be00000, 0x000000008be00000| Untracked 
| 109|0x000000008bf00000, 0x000000008c000000, 0x000000008c000000|100%| S|CS|TAMS 0x000000008bf00000, 0x000000008bf00000| Complete 
| 110|0x000000008c000000, 0x000000008c100000, 0x000000008c100000|100%| S|CS|TAMS 0x000000008c000000, 0x000000008c000000| Complete 
| 111|0x000000008c100000, 0x000000008c100000, 0x000000008c200000|  0%| F|  |TAMS 0x000000008c100000, 0x000000008c100000| Untracked 
| 112|0x000000008c200000, 0x000000008c200000, 0x000000008c300000|  0%| F|  |TAMS 0x000000008c200000, 0x000000008c200000| Untracked 
| 113|0x000000008c300000, 0x000000008c300000, 0x000000008c400000|  0%| F|  |TAMS 0x000000008c300000, 0x000000008c300000| Untracked 
| 114|0x000000008c400000, 0x000000008c400000, 0x000000008c500000|  0%| F|  |TAMS 0x000000008c400000, 0x000000008c400000| Untracked 
| 115|0x000000008c500000, 0x000000008c500000, 0x000000008c600000|  0%| F|  |TAMS 0x000000008c500000, 0x000000008c500000| Untracked 
| 116|0x000000008c600000, 0x000000008c600000, 0x000000008c700000|  0%| F|  |TAMS 0x000000008c600000, 0x000000008c600000| Untracked 
| 117|0x000000008c700000, 0x000000008c700000, 0x000000008c800000|  0%| F|  |TAMS 0x000000008c700000, 0x000000008c700000| Untracked 
| 118|0x000000008c800000, 0x000000008c800000, 0x000000008c900000|  0%| F|  |TAMS 0x000000008c800000, 0x000000008c800000| Untracked 
| 119|0x000000008c900000, 0x000000008c900000, 0x000000008ca00000|  0%| F|  |TAMS 0x000000008c900000, 0x000000008c900000| Untracked 
| 120|0x000000008ca00000, 0x000000008ca00000, 0x000000008cb00000|  0%| F|  |TAMS 0x000000008ca00000, 0x000000008ca00000| Untracked 
| 121|0x000000008cb00000, 0x000000008cb94310, 0x000000008cc00000| 57%| E|  |TAMS 0x000000008cb00000, 0x000000008cb00000| Complete 
| 122|0x000000008cc00000, 0x000000008cd00000, 0x000000008cd00000|100%| E|CS|TAMS 0x000000008cc00000, 0x000000008cc00000| Complete 
| 123|0x000000008cd00000, 0x000000008ce00000, 0x000000008ce00000|100%| E|CS|TAMS 0x000000008cd00000, 0x000000008cd00000| Complete 

Card table byte_map: [0x0000014f31810000,0x0000014f31bf0000] _byte_map_base: 0x0000014f313e7000

Marking Bits (Prev, Next): (CMBitMap*) 0x0000014f1ab568e0, (CMBitMap*) 0x0000014f1ab56920
 Prev Bits: [0x0000014f31fd0000, 0x0000014f33e88000)
 Next Bits: [0x0000014f33e90000, 0x0000014f35d48000)

Polling page: 0x0000014f18910000

Metaspace:

Usage:
  Non-class:      6.72 MB used.
      Class:    866.57 KB used.
       Both:      7.56 MB used.

Virtual space:
  Non-class space:       64.00 MB reserved,       6.75 MB ( 11%) committed,  1 nodes.
      Class space:        1.00 GB reserved,     960.00 KB ( <1%) committed,  1 nodes.
             Both:        1.06 GB reserved,       7.69 MB ( <1%) committed. 

Chunk freelists:
   Non-Class:  1.00 MB
       Class:  3.06 MB
        Both:  4.06 MB

MaxMetaspaceSize: unlimited
CompressedClassSpaceSize: 1.00 GB
Initial GC threshold: 21.00 MB
Current GC threshold: 21.00 MB
CDS: on
MetaspaceReclaimPolicy: balanced
 - commit_granule_bytes: 65536.
 - commit_granule_words: 8192.
 - virtual_space_node_default_size: 8388608.
 - enlarge_chunks_in_place: 1.
 - new_chunks_are_fully_committed: 0.
 - uncommit_free_chunks: 1.
 - use_allocation_guard: 0.


Internal statistics:

num_allocs_failed_limit: 0.
num_arena_births: 116.
num_arena_deaths: 0.
num_vsnodes_births: 2.
num_vsnodes_deaths: 0.
num_space_committed: 123.
num_space_uncommitted: 0.
num_chunks_returned_to_freelist: 0.
num_chunks_taken_from_freelist: 163.
num_chunk_merges: 0.
num_chunk_splits: 89.
num_chunks_enlarged: 24.
num_inconsistent_stats: 0.

CodeHeap 'non-profiled nmethods': size=120000Kb used=320Kb max_used=320Kb free=119679Kb
 bounds [0x0000014f29f00000, 0x0000014f2a170000, 0x0000014f31430000]
CodeHeap 'profiled nmethods': size=120000Kb used=1726Kb max_used=1726Kb free=118273Kb
 bounds [0x0000014f229d0000, 0x0000014f22c40000, 0x0000014f29f00000]
CodeHeap 'non-nmethods': size=5760Kb used=1281Kb max_used=1294Kb free=4478Kb
 bounds [0x0000014f22430000, 0x0000014f226a0000, 0x0000014f229d0000]
 total_blobs=1659 nmethods=1064 adapters=508
 compilation: enabled
              stopped_count=0, restarted_count=0
 full_count=0

Compilation events (20 events):
Event: 2.801 Thread 0x0000014f381d7a50 1053       3       java.security.AccessController::executePrivileged (65 bytes)
Event: 2.802 Thread 0x0000014f381d7a50 nmethod 1053 0x0000014f22b7b490 code [0x0000014f22b7b660, 0x0000014f22b7b958]
Event: 2.858 Thread 0x0000014f381d7a50 1054       3       java.security.AccessController::getContext (23 bytes)
Event: 2.859 Thread 0x0000014f381d7a50 nmethod 1054 0x0000014f22b7ba90 code [0x0000014f22b7bc60, 0x0000014f22b7bf38]
Event: 2.875 Thread 0x0000014f381d7a50 1056       1       java.security.AccessControlContext::getCombiner (5 bytes)
Event: 2.875 Thread 0x0000014f381d7a50 nmethod 1056 0x0000014f29f4f890 code [0x0000014f29f4fa20, 0x0000014f29f4faf8]
Event: 2.875 Thread 0x0000014f381d7a50 1057       1       java.security.AccessControlContext::getContext (5 bytes)
Event: 2.875 Thread 0x0000014f381d7a50 nmethod 1057 0x0000014f29f4fb90 code [0x0000014f29f4fd20, 0x0000014f29f4fdf8]
Event: 2.875 Thread 0x0000014f381d7a50 1058       3       java.awt.Container::findComponentAtImpl (161 bytes)
Event: 2.875 Thread 0x0000014f381d7a50 nmethod 1058 0x0000014f22b7c090 code [0x0000014f22b7c2e0, 0x0000014f22b7cfa8]
Event: 4.727 Thread 0x0000014f381d7a50 1059       3       java.util.concurrent.locks.AbstractQueuedSynchronizer::signalNext (34 bytes)
Event: 4.728 Thread 0x0000014f381d7a50 nmethod 1059 0x0000014f22b7d310 code [0x0000014f22b7d4e0, 0x0000014f22b7d798]
Event: 4.731 Thread 0x0000014f381d7a50 1060       3       java.security.AccessControlContext::combine (205 bytes)
Event: 4.732 Thread 0x0000014f381d7a50 nmethod 1060 0x0000014f22b7d910 code [0x0000014f22b7db40, 0x0000014f22b7e6f8]
Event: 23.189 Thread 0x0000014f381d7a50 1061       3       java.util.ArrayList::toArray (57 bytes)
Event: 23.190 Thread 0x0000014f381d7a50 nmethod 1061 0x0000014f22b7ea10 code [0x0000014f22b7ebe0, 0x0000014f22b7f158]
Event: 26.824 Thread 0x0000014f381d7a50 1063       3       sun.java2d.d3d.D3DSurfaceData$D3DWindowSurfaceData::isDirty (18 bytes)
Event: 26.825 Thread 0x0000014f381d7a50 nmethod 1063 0x0000014f22b7f290 code [0x0000014f22b7f440, 0x0000014f22b7f668]
Event: 26.825 Thread 0x0000014f381d7a50 1064       3       sun.java2d.StateTrackableDelegate$1::isCurrent (17 bytes)
Event: 26.825 Thread 0x0000014f381d7a50 nmethod 1064 0x0000014f22b7f710 code [0x0000014f22b7f8a0, 0x0000014f22b7fa18]

GC Heap History (2 events):
Event: 0.691 GC heap before
{Heap before GC invocations=0 (full 0):
 garbage-first heap   total 126976K, used 13312K [0x0000000085200000, 0x0000000100000000)
  region size 1024K, 13 young (13312K), 0 survivors (0K)
 Metaspace       used 7133K, committed 7360K, reserved 1114112K
  class space    used 805K, committed 960K, reserved 1048576K
}
Event: 0.695 GC heap after
{Heap after GC invocations=1 (full 0):
 garbage-first heap   total 126976K, used 2741K [0x0000000085200000, 0x0000000100000000)
  region size 1024K, 2 young (2048K), 2 survivors (2048K)
 Metaspace       used 7133K, committed 7360K, reserved 1114112K
  class space    used 805K, committed 960K, reserved 1048576K
}

Deoptimization events (20 events):
Event: 0.719 Thread 0x0000014f1aaf5910 Uncommon trap: trap_request=0xffffffde fr.pc=0x0000014f29f33f40 relative=0x0000000000000280
Event: 0.719 Thread 0x0000014f1aaf5910 Uncommon trap: reason=class_check action=maybe_recompile pc=0x0000014f29f33f40 method=java.util.HashMap.getNode(Ljava/lang/Object;)Ljava/util/HashMap$Node; @ 63 c2
Event: 0.719 Thread 0x0000014f1aaf5910 DEOPT PACKING pc=0x0000014f29f33f40 sp=0x00000006c15fedb0
Event: 0.719 Thread 0x0000014f1aaf5910 DEOPT UNPACKING pc=0x0000014f224823a3 sp=0x00000006c15fed18 mode 2
Event: 0.719 Thread 0x0000014f1aaf5910 Uncommon trap: trap_request=0xffffffde fr.pc=0x0000014f29f33f40 relative=0x0000000000000280
Event: 0.719 Thread 0x0000014f1aaf5910 Uncommon trap: reason=class_check action=maybe_recompile pc=0x0000014f29f33f40 method=java.util.HashMap.getNode(Ljava/lang/Object;)Ljava/util/HashMap$Node; @ 63 c2
Event: 0.719 Thread 0x0000014f1aaf5910 DEOPT PACKING pc=0x0000014f29f33f40 sp=0x00000006c15fedb0
Event: 0.719 Thread 0x0000014f1aaf5910 DEOPT UNPACKING pc=0x0000014f224823a3 sp=0x00000006c15fed18 mode 2
Event: 0.719 Thread 0x0000014f1aaf5910 Uncommon trap: trap_request=0xffffffde fr.pc=0x0000014f29f33f40 relative=0x0000000000000280
Event: 0.719 Thread 0x0000014f1aaf5910 Uncommon trap: reason=class_check action=maybe_recompile pc=0x0000014f29f33f40 method=java.util.HashMap.getNode(Ljava/lang/Object;)Ljava/util/HashMap$Node; @ 63 c2
Event: 0.719 Thread 0x0000014f1aaf5910 DEOPT PACKING pc=0x0000014f29f33f40 sp=0x00000006c15fedb0
Event: 0.719 Thread 0x0000014f1aaf5910 DEOPT UNPACKING pc=0x0000014f224823a3 sp=0x00000006c15fed18 mode 2
Event: 0.749 Thread 0x0000014f1aaf5910 Uncommon trap: trap_request=0xffffffde fr.pc=0x0000014f29f33f40 relative=0x0000000000000280
Event: 0.749 Thread 0x0000014f1aaf5910 Uncommon trap: reason=class_check action=maybe_recompile pc=0x0000014f29f33f40 method=java.util.HashMap.getNode(Ljava/lang/Object;)Ljava/util/HashMap$Node; @ 63 c2
Event: 0.749 Thread 0x0000014f1aaf5910 DEOPT PACKING pc=0x0000014f29f33f40 sp=0x00000006c15feba0
Event: 0.749 Thread 0x0000014f1aaf5910 DEOPT UNPACKING pc=0x0000014f224823a3 sp=0x00000006c15feb08 mode 2
Event: 1.617 Thread 0x0000014f3d0f0d20 Uncommon trap: trap_request=0xffffffc6 fr.pc=0x0000014f29f3f18c relative=0x00000000000002cc
Event: 1.617 Thread 0x0000014f3d0f0d20 Uncommon trap: reason=bimorphic_or_optimized_type_check action=maybe_recompile pc=0x0000014f29f3f18c method=java.util.concurrent.ConcurrentHashMap.get(Ljava/lang/Object;)Ljava/lang/Object; @ 149 c2
Event: 1.617 Thread 0x0000014f3d0f0d20 DEOPT PACKING pc=0x0000014f29f3f18c sp=0x00000006c2dfd5f0
Event: 1.617 Thread 0x0000014f3d0f0d20 DEOPT UNPACKING pc=0x0000014f224823a3 sp=0x00000006c2dfd560 mode 2

Classes loaded (20 events):
Event: 4.721 Loading class java/awt/KeyboardFocusManager$2
Event: 4.721 Loading class java/awt/KeyboardFocusManager$2 done
Event: 4.721 Loading class sun/awt/SunToolkit$1
Event: 4.721 Loading class sun/awt/SunToolkit$1 done
Event: 97.380 Loading class java/util/WeakHashMap$KeyIterator
Event: 97.380 Loading class java/util/WeakHashMap$HashIterator
Event: 97.380 Loading class java/util/WeakHashMap$HashIterator done
Event: 97.380 Loading class java/util/WeakHashMap$KeyIterator done
Event: 97.384 Loading class java/awt/image/Raster
Event: 97.394 Loading class java/awt/image/Raster done
Event: 97.394 Loading class java/awt/image/DataBufferInt
Event: 97.395 Loading class java/awt/image/DataBuffer
Event: 97.395 Loading class java/awt/image/DataBuffer done
Event: 97.395 Loading class java/awt/image/DataBufferInt done
Event: 97.395 Loading class java/awt/image/DataBuffer$1
Event: 97.395 Loading class sun/awt/image/SunWritableRaster$DataStealer
Event: 97.395 Loading class sun/awt/image/SunWritableRaster$DataStealer done
Event: 97.395 Loading class java/awt/image/DataBuffer$1 done
Event: 97.395 Loading class sun/awt/image/SunWritableRaster
Event: 97.395 Loading class java/awt/image/WritableRaster

Classes unloaded (0 events):
No events

Classes redefined (0 events):
No events

Internal exceptions (14 events):
Event: 0.091 Thread 0x0000014f1aaf5910 Exception <a 'java/lang/NoSuchMethodError'{0x000000008cc2a0e0}: 'void java.lang.invoke.DirectMethodHandle$Holder.invokeVirtual(java.lang.Object, java.lang.Object)'> (0x000000008cc2a0e0) 
thrown [s\open\src\hotspot\share\interpreter\linkResolver.cpp, line 759]
Event: 0.127 Thread 0x0000014f1aaf5910 Exception <a 'sun/nio/fs/WindowsException'{0x000000008ccbf8d0}> (0x000000008ccbf8d0) 
thrown [s\open\src\hotspot\share\prims\jni.cpp, line 516]
Event: 0.135 Thread 0x0000014f1aaf5910 Exception <a 'java/lang/ClassNotFoundException'{0x000000008cce8e60}: sun/awt/resources/spi/awtProvider> (0x000000008cce8e60) 
thrown [s\open\src\hotspot\share\classfile\systemDictionary.cpp, line 255]
Event: 0.157 Thread 0x0000014f1aaf5910 Exception <a 'java/io/FileNotFoundException'{0x000000008cb3bec8}> (0x000000008cb3bec8) 
thrown [s\open\src\hotspot\share\prims\jni.cpp, line 516]
Event: 0.163 Thread 0x0000014f1aaf5910 Exception <a 'java/io/FileNotFoundException'{0x000000008cb690a8}> (0x000000008cb690a8) 
thrown [s\open\src\hotspot\share\prims\jni.cpp, line 516]
Event: 0.196 Thread 0x0000014f1aaf5910 Exception <a 'java/lang/NoSuchMethodError'{0x000000008cbad8e8}: 'java.lang.Object java.lang.invoke.DirectMethodHandle$Holder.invokeStaticInit(java.lang.Object)'> (0x000000008cbad8e8) 
thrown [s\open\src\hotspot\share\interpreter\linkResolver.cpp, line 759]
Event: 0.346 Thread 0x0000014f1aaf5910 Exception <a 'java/lang/NoSuchMethodError'{0x000000008ca2fc30}: 'void java.lang.invoke.DirectMethodHandle$Holder.invokeSpecial(java.lang.Object, java.lang.Object, java.lang.Object)'> (0x000000008ca2fc30) 
thrown [s\open\src\hotspot\share\interpreter\linkResolver.cpp, line 759]
Event: 0.354 Thread 0x0000014f1aaf5910 Exception <a 'java/lang/NoSuchMethodError'{0x000000008ca5b280}: 'java.lang.Object java.lang.invoke.DirectMethodHandle$Holder.newInvokeSpecial(java.lang.Object, java.lang.Object, java.lang.Object, java.lang.Object, java.lang.Object)'> (0x000000008ca5b280) 
thrown [s\open\src\hotspot\share\interpreter\linkResolver.cpp, line 759]
Event: 0.359 Thread 0x0000014f1aaf5910 Exception <a 'java/lang/NoSuchMethodError'{0x000000008ca8cfd0}: 'java.lang.Object java.lang.invoke.DirectMethodHandle$Holder.invokeStatic(java.lang.Object, int, java.lang.Object)'> (0x000000008ca8cfd0) 
thrown [s\open\src\hotspot\share\interpreter\linkResolver.cpp, line 759]
Event: 0.382 Thread 0x0000014f1aaf5910 Exception <a 'java/lang/ClassNotFoundException'{0x000000008c94a338}: com/sun/swing/internal/plaf/metal/resources/spi/metalProvider> (0x000000008c94a338) 
thrown [s\open\src\hotspot\share\classfile\systemDictionary.cpp, line 255]
Event: 0.383 Thread 0x0000014f1aaf5910 Exception <a 'java/lang/ClassNotFoundException'{0x000000008c94e320}: com/sun/swing/internal/plaf/basic/resources/spi/basicProvider> (0x000000008c94e320) 
thrown [s\open\src\hotspot\share\classfile\systemDictionary.cpp, line 255]
Event: 0.392 Thread 0x0000014f1aaf5910 Exception <a 'java/lang/NoSuchMethodError'{0x000000008c96e6c8}: 'int java.lang.invoke.Invokers$Holder.invokeExact_MT(java.lang.Object, java.lang.Object)'> (0x000000008c96e6c8) 
thrown [s\open\src\hotspot\share\interpreter\linkResolver.cpp, line 759]
Event: 0.416 Thread 0x0000014f1aaf5910 Exception <a 'java/lang/NoSuchMethodError'{0x000000008c9dc1d8}: 'void java.lang.invoke.DirectMethodHandle$Holder.invokeStaticInit(java.lang.Object)'> (0x000000008c9dc1d8) 
thrown [s\open\src\hotspot\share\interpreter\linkResolver.cpp, line 759]
Event: 0.443 Thread 0x0000014f1aaf5910 Exception <a 'sun/nio/fs/WindowsException'{0x000000008c831d48}> (0x000000008c831d48) 
thrown [s\open\src\hotspot\share\prims\jni.cpp, line 516]

VM Operations (18 events):
Event: 0.103 Executing VM operation: HandshakeAllThreads
Event: 0.103 Executing VM operation: HandshakeAllThreads done
Event: 0.407 Executing VM operation: HandshakeAllThreads
Event: 0.407 Executing VM operation: HandshakeAllThreads done
Event: 0.465 Executing VM operation: HandshakeAllThreads
Event: 0.465 Executing VM operation: HandshakeAllThreads done
Event: 0.691 Executing VM operation: G1CollectForAllocation
Event: 0.695 Executing VM operation: G1CollectForAllocation done
Event: 0.713 Executing VM operation: HandshakeAllThreads
Event: 0.713 Executing VM operation: HandshakeAllThreads done
Event: 0.713 Executing VM operation: HandshakeAllThreads
Event: 0.713 Executing VM operation: HandshakeAllThreads done
Event: 1.713 Executing VM operation: Cleanup
Event: 1.713 Executing VM operation: Cleanup done
Event: 2.726 Executing VM operation: Cleanup
Event: 2.726 Executing VM operation: Cleanup done
Event: 3.727 Executing VM operation: Cleanup
Event: 3.727 Executing VM operation: Cleanup done

Events (20 events):
Event: 0.040 Thread 0x0000014f381d7a50 Thread added: 0x0000014f381d7a50
Event: 0.041 Thread 0x0000014f382636a0 Thread added: 0x0000014f382636a0
Event: 0.071 Thread 0x0000014f3c4366b0 Thread added: 0x0000014f3c4366b0
Event: 0.077 Loaded shared library C:\Program Files\Java\jdk-18.0.2\bin\net.dll
Event: 0.080 Loaded shared library C:\Program Files\Java\jdk-18.0.2\bin\nio.dll
Event: 0.113 Thread 0x0000014f3c4e3ca0 Thread added: 0x0000014f3c4e3ca0
Event: 0.125 Loaded shared library C:\Program Files\Java\jdk-18.0.2\bin\jimage.dll
Event: 0.131 Loaded shared library C:\Program Files\Java\jdk-18.0.2\bin\zip.dll
Event: 0.146 Loaded shared library C:\Program Files\Java\jdk-18.0.2\bin\awt.dll
Event: 0.197 Thread 0x0000014f3c693ed0 Thread added: 0x0000014f3c693ed0
Event: 0.198 Thread 0x0000014f3c694390 Thread added: 0x0000014f3c694390
Event: 0.199 Thread 0x0000014f3c6c8890 Thread added: 0x0000014f3c6c8890
Event: 0.403 Thread 0x0000014f3d0f0d20 Thread added: 0x0000014f3d0f0d20
Event: 0.420 Loaded shared library C:\Program Files\Java\jdk-18.0.2\bin\freetype.dll
Event: 0.421 Loaded shared library C:\Program Files\Java\jdk-18.0.2\bin\fontmanager.dll
Event: 0.474 Thread 0x0000014f3d14f590 Thread added: 0x0000014f3d14f590
Event: 0.668 Thread 0x0000014f3d1e2ce0 Thread added: 0x0000014f3d1e2ce0
Event: 0.773 Thread 0x0000014f1aaf5910 Thread exited: 0x0000014f1aaf5910
Event: 0.773 Thread 0x0000014f1aaf5910 Thread added: 0x0000014f1aaf5910
Event: 1.604 Thread 0x0000014f3d1e2ce0 Thread exited: 0x0000014f3d1e2ce0


Dynamic libraries:
0x00007ff77ec40000 - 0x00007ff77ec50000 	C:\Program Files\Java\jdk-18.0.2\bin\javaw.exe
0x00007ff958610000 - 0x00007ff958808000 	C:\WINDOWS\SYSTEM32\ntdll.dll
0x00007ff956670000 - 0x00007ff95672f000 	C:\WINDOWS\System32\KERNEL32.DLL
0x00007ff955d20000 - 0x00007ff956016000 	C:\WINDOWS\System32\KERNELBASE.dll
0x00007ff956250000 - 0x00007ff956350000 	C:\WINDOWS\System32\ucrtbase.dll
0x00007ff94d2f0000 - 0x00007ff94d308000 	C:\Program Files\Java\jdk-18.0.2\bin\jli.dll
0x00007ff94d2d0000 - 0x00007ff94d2ea000 	C:\Program Files\Java\jdk-18.0.2\bin\VCRUNTIME140.dll
0x00007ff957240000 - 0x00007ff9572ef000 	C:\WINDOWS\System32\ADVAPI32.dll
0x00007ff958510000 - 0x00007ff9585ae000 	C:\WINDOWS\System32\msvcrt.dll
0x00007ff957130000 - 0x00007ff9571cc000 	C:\WINDOWS\System32\sechost.dll
0x00007ff957a30000 - 0x00007ff957b56000 	C:\WINDOWS\System32\RPCRT4.dll
0x00007ff957890000 - 0x00007ff957a2d000 	C:\WINDOWS\System32\USER32.dll
0x00007ff956640000 - 0x00007ff956662000 	C:\WINDOWS\System32\win32u.dll
0x00007ff943cd0000 - 0x00007ff943f6a000 	C:\WINDOWS\WinSxS\amd64_microsoft.windows.common-controls_6595b64144ccf1df_6.0.19041.1110_none_60b5254171f9507e\COMCTL32.dll
0x00007ff957050000 - 0x00007ff95707c000 	C:\WINDOWS\System32\GDI32.dll
0x00007ff956130000 - 0x00007ff956245000 	C:\WINDOWS\System32\gdi32full.dll
0x00007ff956090000 - 0x00007ff95612d000 	C:\WINDOWS\System32\msvcp_win.dll
0x00007ff950630000 - 0x00007ff95063a000 	C:\WINDOWS\SYSTEM32\VERSION.dll
0x00007ff957860000 - 0x00007ff957890000 	C:\WINDOWS\System32\IMM32.DLL
0x00007ff950da0000 - 0x00007ff950dac000 	C:\Program Files\Java\jdk-18.0.2\bin\vcruntime140_1.dll
0x00007ff930de0000 - 0x00007ff930e6d000 	C:\Program Files\Java\jdk-18.0.2\bin\msvcp140.dll
0x00007ff8c6ed0000 - 0x00007ff8c7ae1000 	C:\Program Files\Java\jdk-18.0.2\bin\server\jvm.dll
0x00007ff9577e0000 - 0x00007ff9577e8000 	C:\WINDOWS\System32\PSAPI.DLL
0x00007ff94d140000 - 0x00007ff94d149000 	C:\WINDOWS\SYSTEM32\WSOCK32.dll
0x00007ff9577f0000 - 0x00007ff95785b000 	C:\WINDOWS\System32\WS2_32.dll
0x00007ff947800000 - 0x00007ff947827000 	C:\WINDOWS\SYSTEM32\WINMM.dll
0x00007ff953bb0000 - 0x00007ff953bc2000 	C:\WINDOWS\SYSTEM32\kernel.appcore.dll
0x00007ff93f1e0000 - 0x00007ff93f1ea000 	C:\Program Files\Java\jdk-18.0.2\bin\jimage.dll
0x00007ff94f6e0000 - 0x00007ff94f8c4000 	C:\WINDOWS\SYSTEM32\DBGHELP.DLL
0x00007ff941bc0000 - 0x00007ff941bf4000 	C:\WINDOWS\SYSTEM32\dbgcore.DLL
0x00007ff9563a0000 - 0x00007ff956422000 	C:\WINDOWS\System32\bcryptPrimitives.dll
0x00007ff9086b0000 - 0x00007ff9086d5000 	C:\Program Files\Java\jdk-18.0.2\bin\java.dll
0x00007ff907f80000 - 0x00007ff908056000 	C:\Program Files\Java\jdk-18.0.2\bin\jsvml.dll
0x00007ff956730000 - 0x00007ff956e74000 	C:\WINDOWS\System32\SHELL32.dll
0x00007ff953db0000 - 0x00007ff954543000 	C:\WINDOWS\SYSTEM32\windows.storage.dll
0x00007ff9572f0000 - 0x00007ff957644000 	C:\WINDOWS\System32\combase.dll
0x00007ff9556c0000 - 0x00007ff9556ee000 	C:\WINDOWS\SYSTEM32\Wldp.dll
0x00007ff957730000 - 0x00007ff9577dd000 	C:\WINDOWS\System32\SHCORE.dll
0x00007ff9584b0000 - 0x00007ff958505000 	C:\WINDOWS\System32\shlwapi.dll
0x00007ff955c20000 - 0x00007ff955c45000 	C:\WINDOWS\SYSTEM32\profapi.dll
0x00007ff930180000 - 0x00007ff930193000 	C:\Program Files\Java\jdk-18.0.2\bin\net.dll
0x00007ff950c00000 - 0x00007ff950d0a000 	C:\WINDOWS\SYSTEM32\WINHTTP.dll
0x00007ff955420000 - 0x00007ff95548a000 	C:\WINDOWS\system32\mswsock.dll
0x00007ff92f660000 - 0x00007ff92f676000 	C:\Program Files\Java\jdk-18.0.2\bin\nio.dll
0x00007ff91e070000 - 0x00007ff91e088000 	C:\Program Files\Java\jdk-18.0.2\bin\zip.dll
0x00007ff8f5a00000 - 0x00007ff8f5b8f000 	C:\Program Files\Java\jdk-18.0.2\bin\awt.dll
0x00007ff956e80000 - 0x00007ff956f4d000 	C:\WINDOWS\System32\OLEAUT32.dll
0x00007ff9535b0000 - 0x00007ff953641000 	C:\WINDOWS\SYSTEM32\apphelp.dll
0x00007ff9539d0000 - 0x00007ff9539ff000 	C:\WINDOWS\system32\DWMAPI.DLL
0x00007ff9536e0000 - 0x00007ff95377e000 	C:\WINDOWS\system32\uxtheme.dll
0x00007ff907690000 - 0x00007ff9077b5000 	C:\WINDOWS\system32\opengl32.dll
0x00007ff94d290000 - 0x00007ff94d2bc000 	C:\WINDOWS\SYSTEM32\GLU32.dll
0x00007ff958390000 - 0x00007ff9584a4000 	C:\WINDOWS\System32\MSCTF.dll
0x00007ff9581e0000 - 0x00007ff95830a000 	C:\WINDOWS\System32\ole32.dll
0x00007ff947ca0000 - 0x00007ff947e6d000 	C:\WINDOWS\system32\d3d9.dll
0x00007ff94b650000 - 0x00007ff94b752000 	C:\WINDOWS\System32\DriverStore\FileRepository\nv_dispi.inf_amd64_1c83a5d7cffd7bff\nvldumdx.dll
0x00007ff955850000 - 0x00007ff955862000 	C:\WINDOWS\SYSTEM32\msasn1.dll
0x00007ff950330000 - 0x00007ff950361000 	C:\WINDOWS\SYSTEM32\cryptnet.dll
0x00007ff956430000 - 0x00007ff95658e000 	C:\WINDOWS\System32\CRYPT32.dll
0x00007ff955610000 - 0x00007ff95561c000 	C:\WINDOWS\SYSTEM32\cryptbase.dll
0x00007ff956020000 - 0x00007ff956087000 	C:\WINDOWS\System32\WINTRUST.DLL
0x00007ff9585b0000 - 0x00007ff9585cd000 	C:\WINDOWS\System32\imagehlp.dll
0x00007ff955620000 - 0x00007ff955638000 	C:\WINDOWS\SYSTEM32\CRYPTSP.dll
0x00007ff954cd0000 - 0x00007ff954d04000 	C:\WINDOWS\system32\rsaenh.dll
0x00007ff955cf0000 - 0x00007ff955d17000 	C:\WINDOWS\System32\bcrypt.dll
0x00007ff8c54b0000 - 0x00007ff8c6ecb000 	C:\WINDOWS\System32\DriverStore\FileRepository\nv_dispi.inf_amd64_1c83a5d7cffd7bff\nvd3dumx.dll
0x00007ff954560000 - 0x00007ff954583000 	C:\WINDOWS\SYSTEM32\gpapi.dll
0x00007ff94bd30000 - 0x00007ff94bd6b000 	C:\WINDOWS\SYSTEM32\dxcore.dll
0x00007ff956350000 - 0x00007ff95639e000 	C:\WINDOWS\System32\cfgmgr32.dll
0x00007ff91e370000 - 0x00007ff91e3f6000 	C:\Program Files\Java\jdk-18.0.2\bin\freetype.dll
0x00007ff908dd0000 - 0x00007ff908e78000 	C:\Program Files\Java\jdk-18.0.2\bin\fontmanager.dll
0x00007ff94afb0000 - 0x00007ff94b0aa000 	C:\WINDOWS\SYSTEM32\textinputframework.dll
0x00007ff952ea0000 - 0x00007ff9531fe000 	C:\WINDOWS\System32\CoreUIComponents.dll
0x00007ff953200000 - 0x00007ff9532f2000 	C:\WINDOWS\System32\CoreMessaging.dll
0x00007ff954df0000 - 0x00007ff954e23000 	C:\WINDOWS\SYSTEM32\ntmarta.dll
0x00007ff952790000 - 0x00007ff9528e4000 	C:\WINDOWS\SYSTEM32\wintypes.dll
0x00007ff957080000 - 0x00007ff957129000 	C:\WINDOWS\System32\clbcatq.dll
0x00007ff94f110000 - 0x00007ff94f2c4000 	C:\WINDOWS\SYSTEM32\WindowsCodecs.dll
0x00007ff93ef70000 - 0x00007ff93efae000 	C:\WINDOWS\system32\dataexchange.dll
0x00007ff9519b0000 - 0x00007ff951c13000 	C:\WINDOWS\system32\d3d11.dll
0x00007ff952930000 - 0x00007ff952b13000 	C:\WINDOWS\system32\dcomp.dll
0x00007ff954590000 - 0x00007ff954683000 	C:\WINDOWS\system32\dxgi.dll
0x00007ff94f4d0000 - 0x00007ff94f6d7000 	C:\WINDOWS\system32\twinapi.appcore.dll

dbghelp: loaded successfully - version: 4.0.5 - missing functions: none
symbol engine: initialized successfully - sym options: 0x614 - pdb path: .;C:\Program Files\Java\jdk-18.0.2\bin;C:\WINDOWS\SYSTEM32;C:\WINDOWS\WinSxS\amd64_microsoft.windows.common-controls_6595b64144ccf1df_6.0.19041.1110_none_60b5254171f9507e;C:\Program Files\Java\jdk-18.0.2\bin\server;C:\WINDOWS\System32\DriverStore\FileRepository\nv_dispi.inf_amd64_1c83a5d7cffd7bff

VM Arguments:
jvm_args: -Dfile.encoding=UTF-8 --module-path=C:\Users\Sumit\eclipse-workspace\LOgin\bin -XX:+ShowCodeDetailsInExceptionMessages -Djdk.module.main=LOgin 
java_command: LOgin/in.login.LGN
java_class_path (initial): H:\mysql-connector-j-8.0.32\mysql-connector-j-8.0.32.jar
Launcher Type: SUN_STANDARD

[Global flags]
     intx CICompilerCount                          = 3                                         {product} {ergonomic}
     uint ConcGCThreads                            = 1                                         {product} {ergonomic}
     uint G1ConcRefinementThreads                  = 4                                         {product} {ergonomic}
   size_t G1HeapRegionSize                         = 1048576                                   {product} {ergonomic}
    uintx GCDrainStackTargetSize                   = 64                                        {product} {ergonomic}
   size_t InitialHeapSize                          = 130023424                                 {product} {ergonomic}
   size_t MarkStackSize                            = 4194304                                   {product} {ergonomic}
   size_t MaxHeapSize                              = 2061500416                                {product} {ergonomic}
   size_t MaxNewSize                               = 1236271104                                {product} {ergonomic}
   size_t MinHeapDeltaBytes                        = 1048576                                   {product} {ergonomic}
   size_t MinHeapSize                              = 8388608                                   {product} {ergonomic}
    uintx NonNMethodCodeHeapSize                   = 5832780                                {pd product} {ergonomic}
    uintx NonProfiledCodeHeapSize                  = 122912730                              {pd product} {ergonomic}
    uintx ProfiledCodeHeapSize                     = 122912730                              {pd product} {ergonomic}
    uintx ReservedCodeCacheSize                    = 251658240                              {pd product} {ergonomic}
     bool SegmentedCodeCache                       = true                                      {product} {ergonomic}
     bool ShowCodeDetailsInExceptionMessages       = true                                   {manageable} {command line}
   size_t SoftMaxHeapSize                          = 2061500416                             {manageable} {ergonomic}
     bool UseCompressedClassPointers               = true                           {product lp64_product} {ergonomic}
     bool UseCompressedOops                        = true                           {product lp64_product} {ergonomic}
     bool UseG1GC                                  = true                                      {product} {ergonomic}
     bool UseLargePagesIndividualAllocation        = false                                  {pd product} {ergonomic}

Logging:
Log output configuration:
 #0: stdout all=warning uptime,level,tags foldmultilines=false
 #1: stderr all=off uptime,level,tags foldmultilines=false

Environment Variables:
PATH=C:/Program Files/Java/jdk-18.0.2/bin/server;C:/Program Files/Java/jdk-18.0.2/bin;C:\Program Files\Eclipse Adoptium\jdk-17.0.6.10-hotspot\bin;C:\Program Files\Python311\Scripts\;C:\Program Files\Python311\;C:\Program Files\Common Files\Oracle\Java\javapath;C:\WINDOWS\system32;C:\WINDOWS;C:\WINDOWS\System32\Wbem;C:\WINDOWS\System32\WindowsPowerShell\v1.0\;C:\MinGW\bin;C:\WINDOWS\System32\OpenSSH\;C:\Program Files\Java\jdk-18.0.2\bin;C:\Program Files\MySQL\MySQL Server 8.0\bin;C:\mysql-connector-j-8.1.0.jar;C:\Users\Sumit\AppData\Local\Microsoft\WindowsApps;C:\Users\Sumit\AppData\Local\Programs\Microsoft VS Code\bin;C:\MinGW\bin;C:\Program Files\Java\jdk-18.0.2\bin;C:\Program Files\JetBrains\PyCharm 2022.3\bin;;C:\Program Files\JetBrains\PyCharm Community Edition 2022.3\bin;;C:\xampp\mysql\bin;C:\mysql-connector-j-8.1.0.jar;;C:\WINDOWS\System32;
USERNAME=Sumit
OS=Windows_NT
PROCESSOR_IDENTIFIER=AMD64 Family 23 Model 17 Stepping 0, AuthenticAMD



---------------  S Y S T E M  ---------------

OS:
 Windows 10 , 64 bit Build 19041 (10.0.19041.3155)
OS uptime: 1 days 4:54 hours

CPU: total 4 (initial active 4) (4 cores per cpu, 1 threads per core) family 23 model 17 stepping 0 microcode 0x0, cx8, cmov, fxsr, mmx, 3dnowpref, sse, sse2, sse3, ssse3, sse4a, sse4.1, sse4.2, popcnt, lzcnt, tsc, tscinvbit, avx, avx2, aes, clmul, bmi1, bmi2, adx, sha, fma, vzeroupper, clflush, clflushopt

Memory: 4k page, system-wide physical 7862M (1196M free)
TotalPageFile size 22026M (AvailPageFile size 2M)
current process WorkingSet (physical memory assigned to process): 84M, peak: 92M
current process commit charge ("private bytes"): 253M, peak: 261M

vm_info: Java HotSpot(TM) 64-Bit Server VM (18.0.2+9-61) for windows-amd64 JRE (18.0.2+9-61), built on Jun  7 2022 13:09:01 by "mach5one" with MS VC++ 16.8 / 16.9 (VS2019)

END.
