#
# There is insufficient memory for the Java Runtime Environment to continue.
# Native memory allocation (mmap) failed to map 130023424 bytes for G1 virtual space
# Possible reasons:
#   The system is out of physical RAM or swap space
#   The process is running with CompressedOops enabled, and the Java Heap may be blocking the growth of the native heap
# Possible solutions:
#   Reduce memory load on the system
#   Increase physical memory or swap space
#   Check if swap backing store is full
#   Decrease Java heap size (-Xmx/-Xms)
#   Decrease number of Java threads
#   Decrease Java thread stack sizes (-Xss)
#   Set larger code cache with -XX:ReservedCodeCacheSize=
#   JVM is running with Unscaled Compressed Oops mode in which the Java heap is
#     placed in the first 4GB address space. The Java Heap base address is the
#     maximum limit for the native heap growth. Please use -XX:HeapBaseMinAddress
#     to set the Java Heap base and to place the Java Heap above 4GB virtual address.
# This output file may be truncated or incomplete.
#
#  Out of Memory Error (os_windows.cpp:3530), pid=12740, tid=12284
#
# JRE version:  (18.0.2+9) (build )
# Java VM: Java HotSpot(TM) 64-Bit Server VM (18.0.2+9-61, mixed mode, sharing, tiered, compressed oops, compressed class ptrs, g1 gc, windows-amd64)
# No core dump will be written. Minidumps are not enabled by default on client versions of Windows
#

---------------  S U M M A R Y ------------

Command Line: -Dfile.encoding=UTF-8 --module-path=C:\Users\Sumit\eclipse-workspace\LOgin\bin -XX:+ShowCodeDetailsInExceptionMessages -Djdk.module.main=LOgin LOgin/in.login.LGN

Host: AMD Ryzen 3 2200G with Radeon Vega Graphics    , 4 cores, 7G,  Windows 10 , 64 bit Build 19041 (10.0.19041.3155)
Time: Sat Sep  9 21:29:39 2023 India Standard Time elapsed time: 0.049072 seconds (0d 0h 0m 0s)

---------------  T H R E A D  ---------------

Current thread (0x000001ebfb1dd720):  JavaThread "Unknown thread" [_thread_in_vm, id=12284, stack(0x0000008ff2a00000,0x0000008ff2b00000)]

Stack: [0x0000008ff2a00000,0x0000008ff2b00000]
Native frames: (J=compiled Java code, j=interpreted, Vv=VM code, C=native code)
V  [jvm.dll+0x6993ca]
V  [jvm.dll+0x7f481d]
V  [jvm.dll+0x7f612e]
V  [jvm.dll+0x7f67e3]
V  [jvm.dll+0x25cdaf]
V  [jvm.dll+0x696319]
V  [jvm.dll+0x68ae4a]
V  [jvm.dll+0x3223eb]
V  [jvm.dll+0x329dc6]
V  [jvm.dll+0x37eade]
V  [jvm.dll+0x37ed0f]
V  [jvm.dll+0x2fa16a]
V  [jvm.dll+0x2fb1cd]
V  [jvm.dll+0x7c3450]
V  [jvm.dll+0x38be61]
V  [jvm.dll+0x7a2073]
V  [jvm.dll+0x40dc3f]
V  [jvm.dll+0x40f611]
C  [jli.dll+0x526b]
C  [ucrtbase.dll+0x21bb2]
C  [KERNEL32.DLL+0x17614]
C  [ntdll.dll+0x526b1]


---------------  P R O C E S S  ---------------

Threads class SMR info:
_java_thread_list=0x00007ff8c79ae550, length=0, elements={
}

Java Threads: ( => current thread )

Other Threads:
  0x000001ebfb23a860 WorkerThread "GC Thread#0" [stack: 0x0000008ff2b00000,0x0000008ff2c00000] [id=884]
  0x000001ebfb24cc80 ConcurrentGCThread "G1 Main Marker" [stack: 0x0000008ff2c00000,0x0000008ff2d00000] [id=10884]
  0x000001ebfb24dd20 WorkerThread "G1 Conc#0" [stack: 0x0000008ff2d00000,0x0000008ff2e00000] [id=12296]

[error occurred during error reporting (printing all threads), id 0xc0000005, EXCEPTION_ACCESS_VIOLATION (0xc0000005) at pc=0x00007ff8c71da707]

VM state: not at safepoint (not fully initialized)

VM Mutex/Monitor currently owned by a thread:  ([mutex/lock_event])
[0x000001ebfb1db460] Heap_lock - owner thread: 0x000001ebfb1dd720

Heap address: 0x0000000085200000, size: 1966 MB, Compressed Oops mode: 32-bit

CDS archive(s) mapped at: [0x0000000000000000-0x0000000000000000-0x0000000000000000), size 0, SharedBaseAddress: 0x0000000800000000, ArchiveRelocationMode: 0.
Narrow klass base: 0x0000000000000000, Narrow klass shift: 0, Narrow klass range: 0x0

GC Precious Log:
 CardTable entry size: 512
 Card Set container configuration: InlinePtr #cards 5 size 8 Array Of Cards #cards 12 size 40 Howl #buckets 4 coarsen threshold 1843 Howl Bitmap #cards 512 size 80 coarsen threshold 460 Card regions per heap region 1 cards per card region 2048

Heap:
 garbage-first heap   total 0K, used 0K [0x0000000085200000, 0x0000000100000000)
  region size 1024K, 0 young (0K), 0 survivors (0K)

[error occurred during error reporting (printing heap information), id 0xc0000005, EXCEPTION_ACCESS_VIOLATION (0xc0000005) at pc=0x00007ff8c75c1859]

GC Heap History (0 events):
No events

Deoptimization events (0 events):
No events

Classes loaded (0 events):
No events

Classes unloaded (0 events):
No events

Classes redefined (0 events):
No events

Internal exceptions (0 events):
No events

VM Operations (0 events):
No events

Events (1 events):
Event: 0.015 Loaded shared library C:\Program Files\Java\jdk-18.0.2\bin\java.dll


Dynamic libraries:
0x00007ff77ec40000 - 0x00007ff77ec50000 	C:\Program Files\Java\jdk-18.0.2\bin\javaw.exe
0x00007ff958610000 - 0x00007ff958808000 	C:\WINDOWS\SYSTEM32\ntdll.dll
0x00007ff956670000 - 0x00007ff95672f000 	C:\WINDOWS\System32\KERNEL32.DLL
0x00007ff955d20000 - 0x00007ff956016000 	C:\WINDOWS\System32\KERNELBASE.dll
0x00007ff956250000 - 0x00007ff956350000 	C:\WINDOWS\System32\ucrtbase.dll
0x00007ff94d2f0000 - 0x00007ff94d308000 	C:\Program Files\Java\jdk-18.0.2\bin\jli.dll
0x00007ff957240000 - 0x00007ff9572ef000 	C:\WINDOWS\System32\ADVAPI32.dll
0x00007ff958510000 - 0x00007ff9585ae000 	C:\WINDOWS\System32\msvcrt.dll
0x00007ff957130000 - 0x00007ff9571cc000 	C:\WINDOWS\System32\sechost.dll
0x00007ff957a30000 - 0x00007ff957b56000 	C:\WINDOWS\System32\RPCRT4.dll
0x00007ff957890000 - 0x00007ff957a2d000 	C:\WINDOWS\System32\USER32.dll
0x00007ff956640000 - 0x00007ff956662000 	C:\WINDOWS\System32\win32u.dll
0x00007ff957050000 - 0x00007ff95707c000 	C:\WINDOWS\System32\GDI32.dll
0x00007ff956130000 - 0x00007ff956245000 	C:\WINDOWS\System32\gdi32full.dll
0x00007ff956090000 - 0x00007ff95612d000 	C:\WINDOWS\System32\msvcp_win.dll
0x00007ff94d2d0000 - 0x00007ff94d2ea000 	C:\Program Files\Java\jdk-18.0.2\bin\VCRUNTIME140.dll
0x00007ff943cd0000 - 0x00007ff943f6a000 	C:\WINDOWS\WinSxS\amd64_microsoft.windows.common-controls_6595b64144ccf1df_6.0.19041.1110_none_60b5254171f9507e\COMCTL32.dll
0x00007ff950630000 - 0x00007ff95063a000 	C:\WINDOWS\SYSTEM32\VERSION.dll
0x00007ff957860000 - 0x00007ff957890000 	C:\WINDOWS\System32\IMM32.DLL
0x00007ff950da0000 - 0x00007ff950dac000 	C:\Program Files\Java\jdk-18.0.2\bin\vcruntime140_1.dll
0x00007ff930de0000 - 0x00007ff930e6d000 	C:\Program Files\Java\jdk-18.0.2\bin\msvcp140.dll
0x00007ff8c6ed0000 - 0x00007ff8c7ae1000 	C:\Program Files\Java\jdk-18.0.2\bin\server\jvm.dll
0x00007ff9577e0000 - 0x00007ff9577e8000 	C:\WINDOWS\System32\PSAPI.DLL
0x00007ff94d140000 - 0x00007ff94d149000 	C:\WINDOWS\SYSTEM32\WSOCK32.dll
0x00007ff9577f0000 - 0x00007ff95785b000 	C:\WINDOWS\System32\WS2_32.dll
0x00007ff947800000 - 0x00007ff947827000 	C:\WINDOWS\SYSTEM32\WINMM.dll
0x00007ff953bb0000 - 0x00007ff953bc2000 	C:\WINDOWS\SYSTEM32\kernel.appcore.dll
0x00007ff93f1e0000 - 0x00007ff93f1ea000 	C:\Program Files\Java\jdk-18.0.2\bin\jimage.dll
0x00007ff94f6e0000 - 0x00007ff94f8c4000 	C:\WINDOWS\SYSTEM32\DBGHELP.DLL
0x00007ff941bc0000 - 0x00007ff941bf4000 	C:\WINDOWS\SYSTEM32\dbgcore.DLL
0x00007ff9563a0000 - 0x00007ff956422000 	C:\WINDOWS\System32\bcryptPrimitives.dll
0x00007ff9086b0000 - 0x00007ff9086d5000 	C:\Program Files\Java\jdk-18.0.2\bin\java.dll

dbghelp: loaded successfully - version: 4.0.5 - missing functions: none
symbol engine: initialized successfully - sym options: 0x614 - pdb path: .;C:\Program Files\Java\jdk-18.0.2\bin;C:\WINDOWS\SYSTEM32;C:\WINDOWS\WinSxS\amd64_microsoft.windows.common-controls_6595b64144ccf1df_6.0.19041.1110_none_60b5254171f9507e;C:\Program Files\Java\jdk-18.0.2\bin\server

VM Arguments:
jvm_args: -Dfile.encoding=UTF-8 --module-path=C:\Users\Sumit\eclipse-workspace\LOgin\bin -XX:+ShowCodeDetailsInExceptionMessages -Djdk.module.main=LOgin 
java_command: LOgin/in.login.LGN
java_class_path (initial): H:\mysql-connector-j-8.0.32\mysql-connector-j-8.0.32.jar
Launcher Type: SUN_STANDARD

[Global flags]
     intx CICompilerCount                          = 3                                         {product} {ergonomic}
     uint ConcGCThreads                            = 1                                         {product} {ergonomic}
     uint G1ConcRefinementThreads                  = 4                                         {product} {ergonomic}
   size_t G1HeapRegionSize                         = 1048576                                   {product} {ergonomic}
    uintx GCDrainStackTargetSize                   = 64                                        {product} {ergonomic}
   size_t InitialHeapSize                          = 130023424                                 {product} {ergonomic}
   size_t MarkStackSize                            = 4194304                                   {product} {ergonomic}
   size_t MaxHeapSize                              = 2061500416                                {product} {ergonomic}
   size_t MinHeapDeltaBytes                        = 1048576                                   {product} {ergonomic}
   size_t MinHeapSize                              = 8388608                                   {product} {ergonomic}
    uintx NonNMethodCodeHeapSize                   = 5832780                                {pd product} {ergonomic}
    uintx NonProfiledCodeHeapSize                  = 122912730                              {pd product} {ergonomic}
    uintx ProfiledCodeHeapSize                     = 122912730                              {pd product} {ergonomic}
    uintx ReservedCodeCacheSize                    = 251658240                              {pd product} {ergonomic}
     bool SegmentedCodeCache                       = true                                      {product} {ergonomic}
     bool ShowCodeDetailsInExceptionMessages       = true                                   {manageable} {command line}
   size_t SoftMaxHeapSize                          = 2061500416                             {manageable} {ergonomic}
     bool UseCompressedClassPointers               = true                           {product lp64_product} {ergonomic}
     bool UseCompressedOops                        = true                           {product lp64_product} {ergonomic}
     bool UseG1GC                                  = true                                      {product} {ergonomic}
     bool UseLargePagesIndividualAllocation        = false                                  {pd product} {ergonomic}

Logging:
Log output configuration:
 #0: stdout all=warning uptime,level,tags foldmultilines=false
 #1: stderr all=off uptime,level,tags foldmultilines=false

Environment Variables:
PATH=C:/Program Files/Java/jdk-18.0.2/bin/server;C:/Program Files/Java/jdk-18.0.2/bin;C:\Program Files\Eclipse Adoptium\jdk-17.0.6.10-hotspot\bin;C:\Program Files\Python311\Scripts\;C:\Program Files\Python311\;C:\Program Files\Common Files\Oracle\Java\javapath;C:\WINDOWS\system32;C:\WINDOWS;C:\WINDOWS\System32\Wbem;C:\WINDOWS\System32\WindowsPowerShell\v1.0\;C:\MinGW\bin;C:\WINDOWS\System32\OpenSSH\;C:\Program Files\Java\jdk-18.0.2\bin;C:\Program Files\MySQL\MySQL Server 8.0\bin;C:\mysql-connector-j-8.1.0.jar;C:\Users\Sumit\AppData\Local\Microsoft\WindowsApps;C:\Users\Sumit\AppData\Local\Programs\Microsoft VS Code\bin;C:\MinGW\bin;C:\Program Files\Java\jdk-18.0.2\bin;C:\Program Files\JetBrains\PyCharm 2022.3\bin;;C:\Program Files\JetBrains\PyCharm Community Edition 2022.3\bin;;C:\xampp\mysql\bin;C:\mysql-connector-j-8.1.0.jar;;C:\WINDOWS\System32;
USERNAME=Sumit
OS=Windows_NT
PROCESSOR_IDENTIFIER=AMD64 Family 23 Model 17 Stepping 0, AuthenticAMD



---------------  S Y S T E M  ---------------

OS:
 Windows 10 , 64 bit Build 19041 (10.0.19041.3155)
OS uptime: 1 days 5:38 hours

CPU: total 4 (initial active 4) (4 cores per cpu, 1 threads per core) family 23 model 17 stepping 0 microcode 0x0, cx8, cmov, fxsr, mmx, 3dnowpref, sse, sse2, sse3, ssse3, sse4a, sse4.1, sse4.2, popcnt, lzcnt, tsc, tscinvbit, avx, avx2, aes, clmul, bmi1, bmi2, adx, sha, fma, vzeroupper, clflush, clflushopt

Memory: 4k page, system-wide physical 7862M (1846M free)
TotalPageFile size 22026M (AvailPageFile size 118M)
current process WorkingSet (physical memory assigned to process): 10M, peak: 10M
current process commit charge ("private bytes"): 51M, peak: 175M

vm_info: Java HotSpot(TM) 64-Bit Server VM (18.0.2+9-61) for windows-amd64 JRE (18.0.2+9-61), built on Jun  7 2022 13:09:01 by "mach5one" with MS VC++ 16.8 / 16.9 (VS2019)

END.
