#
# There is insufficient memory for the Java Runtime Environment to continue.
# Native memory allocation (mmap) failed to map 65536 bytes for Failed to commit metaspace.
# Possible reasons:
#   The system is out of physical RAM or swap space
#   The process is running with CompressedOops enabled, and the Java Heap may be blocking the growth of the native heap
# Possible solutions:
#   Reduce memory load on the system
#   Increase physical memory or swap space
#   Check if swap backing store is full
#   Decrease Java heap size (-Xmx/-Xms)
#   Decrease number of Java threads
#   Decrease Java thread stack sizes (-Xss)
#   Set larger code cache with -XX:ReservedCodeCacheSize=
#   JVM is running with Unscaled Compressed Oops mode in which the Java heap is
#     placed in the first 4GB address space. The Java Heap base address is the
#     maximum limit for the native heap growth. Please use -XX:HeapBaseMinAddress
#     to set the Java Heap base and to place the Java Heap above 4GB virtual address.
# This output file may be truncated or incomplete.
#
#  Out of Memory Error (virtualSpaceNode.cpp:110), pid=19240, tid=19396
#
# JRE version: Java(TM) SE Runtime Environment (18.0.2+9) (build 18.0.2+9-61)
# Java VM: Java HotSpot(TM) 64-Bit Server VM (18.0.2+9-61, mixed mode, sharing, tiered, compressed oops, compressed class ptrs, g1 gc, windows-amd64)
# No core dump will be written. Minidumps are not enabled by default on client versions of Windows
#

---------------  S U M M A R Y ------------

Command Line: -Dfile.encoding=UTF-8 --module-path=C:\Users\Sumit\eclipse-workspace\LOgin\bin -XX:+ShowCodeDetailsInExceptionMessages -Djdk.module.main=LOgin LOgin/in.login.LGN

Host: AMD Ryzen 3 2200G with Radeon Vega Graphics    , 4 cores, 7G,  Windows 10 , 64 bit Build 19041 (10.0.19041.3155)
Time: Sat Sep  9 20:44:00 2023 India Standard Time elapsed time: 0.488407 seconds (0d 0h 0m 0s)

---------------  T H R E A D  ---------------

Current thread (0x0000020d8f12dde0):  JavaThread "main" [_thread_in_vm, id=19396, stack(0x00000096c4f00000,0x00000096c5000000)]

Stack: [0x00000096c4f00000,0x00000096c5000000]
Native frames: (J=compiled Java code, j=interpreted, Vv=VM code, C=native code)
V  [jvm.dll+0x6993ca]
V  [jvm.dll+0x7f481d]
V  [jvm.dll+0x7f612e]
V  [jvm.dll+0x7f67e3]
V  [jvm.dll+0x25cdaf]
V  [jvm.dll+0x7f052b]
V  [jvm.dll+0x63f546]
V  [jvm.dll+0x63f5aa]
V  [jvm.dll+0x641e2e]
V  [jvm.dll+0x641cee]
V  [jvm.dll+0x63ff0e]
V  [jvm.dll+0x64a587]
V  [jvm.dll+0x2027b1]
V  [jvm.dll+0x202ce5]
V  [jvm.dll+0x20371f]
V  [jvm.dll+0x1f8bb1]
V  [jvm.dll+0x55dc05]
V  [jvm.dll+0x209a67]
V  [jvm.dll+0x76dddd]
V  [jvm.dll+0x76f116]
V  [jvm.dll+0x76f8a1]
V  [jvm.dll+0x2039b4]
V  [jvm.dll+0x1f8bca]
V  [jvm.dll+0x55dc05]
V  [jvm.dll+0x209a67]
V  [jvm.dll+0x76dddd]
V  [jvm.dll+0x76f116]
V  [jvm.dll+0x76f448]
V  [jvm.dll+0x2551d6]
V  [jvm.dll+0x3a13de]
C  0x0000020d9829b80d

Java frames: (J=compiled Java code, j=interpreted, Vv=VM code)
j  javax.swing.UIManager.setLookAndFeel(Ljava/lang/String;)V+9 java.desktop@18.0.2
j  javax.swing.UIManager.initializeDefaultLAF(Ljava/util/Properties;)V+58 java.desktop@18.0.2
j  javax.swing.UIManager.initialize()V+9 java.desktop@18.0.2
j  javax.swing.UIManager.maybeInitialize()V+22 java.desktop@18.0.2
j  javax.swing.UIManager.getUI(Ljavax/swing/JComponent;)Ljavax/swing/plaf/ComponentUI;+0 java.desktop@18.0.2
j  javax.swing.JPanel.updateUI()V+2 java.desktop@18.0.2
j  javax.swing.JPanel.<init>(Ljava/awt/LayoutManager;Z)V+24 java.desktop@18.0.2
j  javax.swing.JPanel.<init>(Z)V+9 java.desktop@18.0.2
j  javax.swing.JPanel.<init>()V+2 java.desktop@18.0.2
j  javax.swing.JRootPane.createGlassPane()Ljava/awt/Component;+4 java.desktop@18.0.2
j  javax.swing.JRootPane.<init>()V+11 java.desktop@18.0.2
j  javax.swing.JFrame.createRootPane()Ljavax/swing/JRootPane;+4 java.desktop@18.0.2
j  javax.swing.JFrame.frameInit()V+16 java.desktop@18.0.2
j  javax.swing.JFrame.<init>()V+20 java.desktop@18.0.2
j  in.login.LGN.<init>()V+1 LOgin
j  in.login.LGN.main([Ljava/lang/String;)V+3 LOgin
v  ~StubRoutines::call_stub

---------------  P R O C E S S  ---------------

Threads class SMR info:
_java_thread_list=0x0000020db2ceddf0, length=15, elements={
0x0000020d8f12dde0, 0x0000020dae7649c0, 0x0000020dae765620, 0x0000020dae77b560,
0x0000020dae77bf00, 0x0000020dae77c8a0, 0x0000020dae77d240, 0x0000020dae788f30,
0x0000020dae7b4fd0, 0x0000020dae7b69c0, 0x0000020dae753730, 0x0000020db2d08c70,
0x0000020db2eddc90, 0x0000020db2ede150, 0x0000020db2eb6540
}

Java Threads: ( => current thread )
=>0x0000020d8f12dde0 JavaThread "main" [_thread_in_vm, id=19396, stack(0x00000096c4f00000,0x00000096c5000000)]
  0x0000020dae7649c0 JavaThread "Reference Handler" daemon [_thread_blocked, id=18532, stack(0x00000096c5600000,0x00000096c5700000)]
  0x0000020dae765620 JavaThread "Finalizer" daemon [_thread_blocked, id=8156, stack(0x00000096c5700000,0x00000096c5800000)]
  0x0000020dae77b560 JavaThread "Signal Dispatcher" daemon [_thread_blocked, id=10056, stack(0x00000096c5800000,0x00000096c5900000)]
  0x0000020dae77bf00 JavaThread "Attach Listener" daemon [_thread_blocked, id=17480, stack(0x00000096c5900000,0x00000096c5a00000)]
  0x0000020dae77c8a0 JavaThread "Service Thread" daemon [_thread_blocked, id=5836, stack(0x00000096c5a00000,0x00000096c5b00000)]
  0x0000020dae77d240 JavaThread "Monitor Deflation Thread" daemon [_thread_blocked, id=4988, stack(0x00000096c5b00000,0x00000096c5c00000)]
  0x0000020dae788f30 JavaThread "C2 CompilerThread0" daemon [_thread_blocked, id=200, stack(0x00000096c5c00000,0x00000096c5d00000)]
  0x0000020dae7b4fd0 JavaThread "C1 CompilerThread0" daemon [_thread_blocked, id=19356, stack(0x00000096c5d00000,0x00000096c5e00000)]
  0x0000020dae7b69c0 JavaThread "Sweeper thread" daemon [_thread_blocked, id=19288, stack(0x00000096c5e00000,0x00000096c5f00000)]
  0x0000020dae753730 JavaThread "Common-Cleaner" daemon [_thread_blocked, id=10352, stack(0x00000096c5f00000,0x00000096c6000000)]
  0x0000020db2d08c70 JavaThread "Notification Thread" daemon [_thread_blocked, id=18456, stack(0x00000096c6000000,0x00000096c6100000)]
  0x0000020db2eddc90 JavaThread "Java2D Disposer" daemon [_thread_blocked, id=18040, stack(0x00000096c6200000,0x00000096c6300000)]
  0x0000020db2ede150 JavaThread "AWT-Shutdown" [_thread_blocked, id=12052, stack(0x00000096c6300000,0x00000096c6400000)]
  0x0000020db2eb6540 JavaThread "AWT-Windows" daemon [_thread_in_native, id=18048, stack(0x00000096c6400000,0x00000096c6500000)]

Other Threads:
  0x0000020d8f1c2650 VMThread "VM Thread" [stack: 0x00000096c5500000,0x00000096c5600000] [id=5448]
  0x0000020db2cb4c00 WatcherThread "VM Periodic Task Thread" [stack: 0x00000096c6100000,0x00000096c6200000] [id=7944]
  0x0000020d8f18c880 WorkerThread "GC Thread#0" [stack: 0x00000096c5000000,0x00000096c5100000] [id=16316]
  0x0000020d8f1b97a0 ConcurrentGCThread "G1 Main Marker" [stack: 0x00000096c5100000,0x00000096c5200000] [id=16280]
  0x0000020d8f1bb1a0 WorkerThread "G1 Conc#0" [stack: 0x00000096c5200000,0x00000096c5300000] [id=12876]
  0x0000020d8f1fab70 ConcurrentGCThread "G1 Refine#0" [stack: 0x00000096c5300000,0x00000096c5400000] [id=1104]
  0x0000020d8f1fb480 ConcurrentGCThread "G1 Service" [stack: 0x00000096c5400000,0x00000096c5500000] [id=6380]

Threads with active compile tasks:

VM state: not at safepoint (normal execution)

VM Mutex/Monitor currently owned by a thread:  ([mutex/lock_event])
[0x0000020d8f128370] Metaspace_lock - owner thread: 0x0000020d8f12dde0

Heap address: 0x0000000085200000, size: 1966 MB, Compressed Oops mode: 32-bit

CDS archive(s) mapped at: [0x0000000800000000-0x0000000800ba0000-0x0000000800ba0000), size 12189696, SharedBaseAddress: 0x0000000800000000, ArchiveRelocationMode: 0.
Compressed class space mapped at: 0x0000000800c00000-0x0000000840c00000, reserved size: 1073741824
Narrow klass base: 0x0000000800000000, Narrow klass shift: 0, Narrow klass range: 0x100000000

GC Precious Log:
 CardTable entry size: 512
 Card Set container configuration: InlinePtr #cards 5 size 8 Array Of Cards #cards 12 size 40 Howl #buckets 4 coarsen threshold 1843 Howl Bitmap #cards 512 size 80 coarsen threshold 460 Card regions per heap region 1 cards per card region 2048
 CPUs: 4 total, 4 available
 Memory: 7862M
 Large Page Support: Disabled
 NUMA Support: Disabled
 Compressed Oops: Enabled (32-bit)
 Heap Region Size: 1M
 Heap Min Capacity: 8M
 Heap Initial Capacity: 124M
 Heap Max Capacity: 1966M
 Pre-touch: Disabled
 Parallel Workers: 4
 Concurrent Workers: 1
 Concurrent Refinement Workers: 4
 Periodic GC: Disabled

Heap:
 garbage-first heap   total 126976K, used 3072K [0x0000000085200000, 0x0000000100000000)
  region size 1024K, 4 young (4096K), 0 survivors (0K)
 Metaspace       used 3674K, committed 3840K, reserved 1114112K
  class space    used 350K, committed 448K, reserved 1048576K

Heap Regions: E=young(eden), S=young(survivor), O=old, HS=humongous(starts), HC=humongous(continues), CS=collection set, F=free, OA=open archive, CA=closed archive, TAMS=top-at-mark-start (previous, next)
|   0|0x0000000085200000, 0x0000000085200000, 0x0000000085300000|  0%| F|  |TAMS 0x0000000085200000, 0x0000000085200000| Untracked 
|   1|0x0000000085300000, 0x0000000085300000, 0x0000000085400000|  0%| F|  |TAMS 0x0000000085300000, 0x0000000085300000| Untracked 
|   2|0x0000000085400000, 0x0000000085400000, 0x0000000085500000|  0%| F|  |TAMS 0x0000000085400000, 0x0000000085400000| Untracked 
|   3|0x0000000085500000, 0x0000000085500000, 0x0000000085600000|  0%| F|  |TAMS 0x0000000085500000, 0x0000000085500000| Untracked 
|   4|0x0000000085600000, 0x0000000085600000, 0x0000000085700000|  0%| F|  |TAMS 0x0000000085600000, 0x0000000085600000| Untracked 
|   5|0x0000000085700000, 0x0000000085700000, 0x0000000085800000|  0%| F|  |TAMS 0x0000000085700000, 0x0000000085700000| Untracked 
|   6|0x0000000085800000, 0x0000000085800000, 0x0000000085900000|  0%| F|  |TAMS 0x0000000085800000, 0x0000000085800000| Untracked 
|   7|0x0000000085900000, 0x0000000085900000, 0x0000000085a00000|  0%| F|  |TAMS 0x0000000085900000, 0x0000000085900000| Untracked 
|   8|0x0000000085a00000, 0x0000000085a00000, 0x0000000085b00000|  0%| F|  |TAMS 0x0000000085a00000, 0x0000000085a00000| Untracked 
|   9|0x0000000085b00000, 0x0000000085b00000, 0x0000000085c00000|  0%| F|  |TAMS 0x0000000085b00000, 0x0000000085b00000| Untracked 
|  10|0x0000000085c00000, 0x0000000085c00000, 0x0000000085d00000|  0%| F|  |TAMS 0x0000000085c00000, 0x0000000085c00000| Untracked 
|  11|0x0000000085d00000, 0x0000000085d00000, 0x0000000085e00000|  0%| F|  |TAMS 0x0000000085d00000, 0x0000000085d00000| Untracked 
|  12|0x0000000085e00000, 0x0000000085e00000, 0x0000000085f00000|  0%| F|  |TAMS 0x0000000085e00000, 0x0000000085e00000| Untracked 
|  13|0x0000000085f00000, 0x0000000085f00000, 0x0000000086000000|  0%| F|  |TAMS 0x0000000085f00000, 0x0000000085f00000| Untracked 
|  14|0x0000000086000000, 0x0000000086000000, 0x0000000086100000|  0%| F|  |TAMS 0x0000000086000000, 0x0000000086000000| Untracked 
|  15|0x0000000086100000, 0x0000000086100000, 0x0000000086200000|  0%| F|  |TAMS 0x0000000086100000, 0x0000000086100000| Untracked 
|  16|0x0000000086200000, 0x0000000086200000, 0x0000000086300000|  0%| F|  |TAMS 0x0000000086200000, 0x0000000086200000| Untracked 
|  17|0x0000000086300000, 0x0000000086300000, 0x0000000086400000|  0%| F|  |TAMS 0x0000000086300000, 0x0000000086300000| Untracked 
|  18|0x0000000086400000, 0x0000000086400000, 0x0000000086500000|  0%| F|  |TAMS 0x0000000086400000, 0x0000000086400000| Untracked 
|  19|0x0000000086500000, 0x0000000086500000, 0x0000000086600000|  0%| F|  |TAMS 0x0000000086500000, 0x0000000086500000| Untracked 
|  20|0x0000000086600000, 0x0000000086600000, 0x0000000086700000|  0%| F|  |TAMS 0x0000000086600000, 0x0000000086600000| Untracked 
|  21|0x0000000086700000, 0x0000000086700000, 0x0000000086800000|  0%| F|  |TAMS 0x0000000086700000, 0x0000000086700000| Untracked 
|  22|0x0000000086800000, 0x0000000086800000, 0x0000000086900000|  0%| F|  |TAMS 0x0000000086800000, 0x0000000086800000| Untracked 
|  23|0x0000000086900000, 0x0000000086900000, 0x0000000086a00000|  0%| F|  |TAMS 0x0000000086900000, 0x0000000086900000| Untracked 
|  24|0x0000000086a00000, 0x0000000086a00000, 0x0000000086b00000|  0%| F|  |TAMS 0x0000000086a00000, 0x0000000086a00000| Untracked 
|  25|0x0000000086b00000, 0x0000000086b00000, 0x0000000086c00000|  0%| F|  |TAMS 0x0000000086b00000, 0x0000000086b00000| Untracked 
|  26|0x0000000086c00000, 0x0000000086c00000, 0x0000000086d00000|  0%| F|  |TAMS 0x0000000086c00000, 0x0000000086c00000| Untracked 
|  27|0x0000000086d00000, 0x0000000086d00000, 0x0000000086e00000|  0%| F|  |TAMS 0x0000000086d00000, 0x0000000086d00000| Untracked 
|  28|0x0000000086e00000, 0x0000000086e00000, 0x0000000086f00000|  0%| F|  |TAMS 0x0000000086e00000, 0x0000000086e00000| Untracked 
|  29|0x0000000086f00000, 0x0000000086f00000, 0x0000000087000000|  0%| F|  |TAMS 0x0000000086f00000, 0x0000000086f00000| Untracked 
|  30|0x0000000087000000, 0x0000000087000000, 0x0000000087100000|  0%| F|  |TAMS 0x0000000087000000, 0x0000000087000000| Untracked 
|  31|0x0000000087100000, 0x0000000087100000, 0x0000000087200000|  0%| F|  |TAMS 0x0000000087100000, 0x0000000087100000| Untracked 
|  32|0x0000000087200000, 0x0000000087200000, 0x0000000087300000|  0%| F|  |TAMS 0x0000000087200000, 0x0000000087200000| Untracked 
|  33|0x0000000087300000, 0x0000000087300000, 0x0000000087400000|  0%| F|  |TAMS 0x0000000087300000, 0x0000000087300000| Untracked 
|  34|0x0000000087400000, 0x0000000087400000, 0x0000000087500000|  0%| F|  |TAMS 0x0000000087400000, 0x0000000087400000| Untracked 
|  35|0x0000000087500000, 0x0000000087500000, 0x0000000087600000|  0%| F|  |TAMS 0x0000000087500000, 0x0000000087500000| Untracked 
|  36|0x0000000087600000, 0x0000000087600000, 0x0000000087700000|  0%| F|  |TAMS 0x0000000087600000, 0x0000000087600000| Untracked 
|  37|0x0000000087700000, 0x0000000087700000, 0x0000000087800000|  0%| F|  |TAMS 0x0000000087700000, 0x0000000087700000| Untracked 
|  38|0x0000000087800000, 0x0000000087800000, 0x0000000087900000|  0%| F|  |TAMS 0x0000000087800000, 0x0000000087800000| Untracked 
|  39|0x0000000087900000, 0x0000000087900000, 0x0000000087a00000|  0%| F|  |TAMS 0x0000000087900000, 0x0000000087900000| Untracked 
|  40|0x0000000087a00000, 0x0000000087a00000, 0x0000000087b00000|  0%| F|  |TAMS 0x0000000087a00000, 0x0000000087a00000| Untracked 
|  41|0x0000000087b00000, 0x0000000087b00000, 0x0000000087c00000|  0%| F|  |TAMS 0x0000000087b00000, 0x0000000087b00000| Untracked 
|  42|0x0000000087c00000, 0x0000000087c00000, 0x0000000087d00000|  0%| F|  |TAMS 0x0000000087c00000, 0x0000000087c00000| Untracked 
|  43|0x0000000087d00000, 0x0000000087d00000, 0x0000000087e00000|  0%| F|  |TAMS 0x0000000087d00000, 0x0000000087d00000| Untracked 
|  44|0x0000000087e00000, 0x0000000087e00000, 0x0000000087f00000|  0%| F|  |TAMS 0x0000000087e00000, 0x0000000087e00000| Untracked 
|  45|0x0000000087f00000, 0x0000000087f00000, 0x0000000088000000|  0%| F|  |TAMS 0x0000000087f00000, 0x0000000087f00000| Untracked 
|  46|0x0000000088000000, 0x0000000088000000, 0x0000000088100000|  0%| F|  |TAMS 0x0000000088000000, 0x0000000088000000| Untracked 
|  47|0x0000000088100000, 0x0000000088100000, 0x0000000088200000|  0%| F|  |TAMS 0x0000000088100000, 0x0000000088100000| Untracked 
|  48|0x0000000088200000, 0x0000000088200000, 0x0000000088300000|  0%| F|  |TAMS 0x0000000088200000, 0x0000000088200000| Untracked 
|  49|0x0000000088300000, 0x0000000088300000, 0x0000000088400000|  0%| F|  |TAMS 0x0000000088300000, 0x0000000088300000| Untracked 
|  50|0x0000000088400000, 0x0000000088400000, 0x0000000088500000|  0%| F|  |TAMS 0x0000000088400000, 0x0000000088400000| Untracked 
|  51|0x0000000088500000, 0x0000000088500000, 0x0000000088600000|  0%| F|  |TAMS 0x0000000088500000, 0x0000000088500000| Untracked 
|  52|0x0000000088600000, 0x0000000088600000, 0x0000000088700000|  0%| F|  |TAMS 0x0000000088600000, 0x0000000088600000| Untracked 
|  53|0x0000000088700000, 0x0000000088700000, 0x0000000088800000|  0%| F|  |TAMS 0x0000000088700000, 0x0000000088700000| Untracked 
|  54|0x0000000088800000, 0x0000000088800000, 0x0000000088900000|  0%| F|  |TAMS 0x0000000088800000, 0x0000000088800000| Untracked 
|  55|0x0000000088900000, 0x0000000088900000, 0x0000000088a00000|  0%| F|  |TAMS 0x0000000088900000, 0x0000000088900000| Untracked 
|  56|0x0000000088a00000, 0x0000000088a00000, 0x0000000088b00000|  0%| F|  |TAMS 0x0000000088a00000, 0x0000000088a00000| Untracked 
|  57|0x0000000088b00000, 0x0000000088b00000, 0x0000000088c00000|  0%| F|  |TAMS 0x0000000088b00000, 0x0000000088b00000| Untracked 
|  58|0x0000000088c00000, 0x0000000088c00000, 0x0000000088d00000|  0%| F|  |TAMS 0x0000000088c00000, 0x0000000088c00000| Untracked 
|  59|0x0000000088d00000, 0x0000000088d00000, 0x0000000088e00000|  0%| F|  |TAMS 0x0000000088d00000, 0x0000000088d00000| Untracked 
|  60|0x0000000088e00000, 0x0000000088e00000, 0x0000000088f00000|  0%| F|  |TAMS 0x0000000088e00000, 0x0000000088e00000| Untracked 
|  61|0x0000000088f00000, 0x0000000088f00000, 0x0000000089000000|  0%| F|  |TAMS 0x0000000088f00000, 0x0000000088f00000| Untracked 
|  62|0x0000000089000000, 0x0000000089000000, 0x0000000089100000|  0%| F|  |TAMS 0x0000000089000000, 0x0000000089000000| Untracked 
|  63|0x0000000089100000, 0x0000000089100000, 0x0000000089200000|  0%| F|  |TAMS 0x0000000089100000, 0x0000000089100000| Untracked 
|  64|0x0000000089200000, 0x0000000089200000, 0x0000000089300000|  0%| F|  |TAMS 0x0000000089200000, 0x0000000089200000| Untracked 
|  65|0x0000000089300000, 0x0000000089300000, 0x0000000089400000|  0%| F|  |TAMS 0x0000000089300000, 0x0000000089300000| Untracked 
|  66|0x0000000089400000, 0x0000000089400000, 0x0000000089500000|  0%| F|  |TAMS 0x0000000089400000, 0x0000000089400000| Untracked 
|  67|0x0000000089500000, 0x0000000089500000, 0x0000000089600000|  0%| F|  |TAMS 0x0000000089500000, 0x0000000089500000| Untracked 
|  68|0x0000000089600000, 0x0000000089600000, 0x0000000089700000|  0%| F|  |TAMS 0x0000000089600000, 0x0000000089600000| Untracked 
|  69|0x0000000089700000, 0x0000000089700000, 0x0000000089800000|  0%| F|  |TAMS 0x0000000089700000, 0x0000000089700000| Untracked 
|  70|0x0000000089800000, 0x0000000089800000, 0x0000000089900000|  0%| F|  |TAMS 0x0000000089800000, 0x0000000089800000| Untracked 
|  71|0x0000000089900000, 0x0000000089900000, 0x0000000089a00000|  0%| F|  |TAMS 0x0000000089900000, 0x0000000089900000| Untracked 
|  72|0x0000000089a00000, 0x0000000089a00000, 0x0000000089b00000|  0%| F|  |TAMS 0x0000000089a00000, 0x0000000089a00000| Untracked 
|  73|0x0000000089b00000, 0x0000000089b00000, 0x0000000089c00000|  0%| F|  |TAMS 0x0000000089b00000, 0x0000000089b00000| Untracked 
|  74|0x0000000089c00000, 0x0000000089c00000, 0x0000000089d00000|  0%| F|  |TAMS 0x0000000089c00000, 0x0000000089c00000| Untracked 
|  75|0x0000000089d00000, 0x0000000089d00000, 0x0000000089e00000|  0%| F|  |TAMS 0x0000000089d00000, 0x0000000089d00000| Untracked 
|  76|0x0000000089e00000, 0x0000000089e00000, 0x0000000089f00000|  0%| F|  |TAMS 0x0000000089e00000, 0x0000000089e00000| Untracked 
|  77|0x0000000089f00000, 0x0000000089f00000, 0x000000008a000000|  0%| F|  |TAMS 0x0000000089f00000, 0x0000000089f00000| Untracked 
|  78|0x000000008a000000, 0x000000008a000000, 0x000000008a100000|  0%| F|  |TAMS 0x000000008a000000, 0x000000008a000000| Untracked 
|  79|0x000000008a100000, 0x000000008a100000, 0x000000008a200000|  0%| F|  |TAMS 0x000000008a100000, 0x000000008a100000| Untracked 
|  80|0x000000008a200000, 0x000000008a200000, 0x000000008a300000|  0%| F|  |TAMS 0x000000008a200000, 0x000000008a200000| Untracked 
|  81|0x000000008a300000, 0x000000008a300000, 0x000000008a400000|  0%| F|  |TAMS 0x000000008a300000, 0x000000008a300000| Untracked 
|  82|0x000000008a400000, 0x000000008a400000, 0x000000008a500000|  0%| F|  |TAMS 0x000000008a400000, 0x000000008a400000| Untracked 
|  83|0x000000008a500000, 0x000000008a500000, 0x000000008a600000|  0%| F|  |TAMS 0x000000008a500000, 0x000000008a500000| Untracked 
|  84|0x000000008a600000, 0x000000008a600000, 0x000000008a700000|  0%| F|  |TAMS 0x000000008a600000, 0x000000008a600000| Untracked 
|  85|0x000000008a700000, 0x000000008a700000, 0x000000008a800000|  0%| F|  |TAMS 0x000000008a700000, 0x000000008a700000| Untracked 
|  86|0x000000008a800000, 0x000000008a800000, 0x000000008a900000|  0%| F|  |TAMS 0x000000008a800000, 0x000000008a800000| Untracked 
|  87|0x000000008a900000, 0x000000008a900000, 0x000000008aa00000|  0%| F|  |TAMS 0x000000008a900000, 0x000000008a900000| Untracked 
|  88|0x000000008aa00000, 0x000000008aa00000, 0x000000008ab00000|  0%| F|  |TAMS 0x000000008aa00000, 0x000000008aa00000| Untracked 
|  89|0x000000008ab00000, 0x000000008ab00000, 0x000000008ac00000|  0%| F|  |TAMS 0x000000008ab00000, 0x000000008ab00000| Untracked 
|  90|0x000000008ac00000, 0x000000008ac00000, 0x000000008ad00000|  0%| F|  |TAMS 0x000000008ac00000, 0x000000008ac00000| Untracked 
|  91|0x000000008ad00000, 0x000000008ad00000, 0x000000008ae00000|  0%| F|  |TAMS 0x000000008ad00000, 0x000000008ad00000| Untracked 
|  92|0x000000008ae00000, 0x000000008ae00000, 0x000000008af00000|  0%| F|  |TAMS 0x000000008ae00000, 0x000000008ae00000| Untracked 
|  93|0x000000008af00000, 0x000000008af00000, 0x000000008b000000|  0%| F|  |TAMS 0x000000008af00000, 0x000000008af00000| Untracked 
|  94|0x000000008b000000, 0x000000008b000000, 0x000000008b100000|  0%| F|  |TAMS 0x000000008b000000, 0x000000008b000000| Untracked 
|  95|0x000000008b100000, 0x000000008b100000, 0x000000008b200000|  0%| F|  |TAMS 0x000000008b100000, 0x000000008b100000| Untracked 
|  96|0x000000008b200000, 0x000000008b200000, 0x000000008b300000|  0%| F|  |TAMS 0x000000008b200000, 0x000000008b200000| Untracked 
|  97|0x000000008b300000, 0x000000008b300000, 0x000000008b400000|  0%| F|  |TAMS 0x000000008b300000, 0x000000008b300000| Untracked 
|  98|0x000000008b400000, 0x000000008b400000, 0x000000008b500000|  0%| F|  |TAMS 0x000000008b400000, 0x000000008b400000| Untracked 
|  99|0x000000008b500000, 0x000000008b500000, 0x000000008b600000|  0%| F|  |TAMS 0x000000008b500000, 0x000000008b500000| Untracked 
| 100|0x000000008b600000, 0x000000008b600000, 0x000000008b700000|  0%| F|  |TAMS 0x000000008b600000, 0x000000008b600000| Untracked 
| 101|0x000000008b700000, 0x000000008b700000, 0x000000008b800000|  0%| F|  |TAMS 0x000000008b700000, 0x000000008b700000| Untracked 
| 102|0x000000008b800000, 0x000000008b800000, 0x000000008b900000|  0%| F|  |TAMS 0x000000008b800000, 0x000000008b800000| Untracked 
| 103|0x000000008b900000, 0x000000008b900000, 0x000000008ba00000|  0%| F|  |TAMS 0x000000008b900000, 0x000000008b900000| Untracked 
| 104|0x000000008ba00000, 0x000000008ba00000, 0x000000008bb00000|  0%| F|  |TAMS 0x000000008ba00000, 0x000000008ba00000| Untracked 
| 105|0x000000008bb00000, 0x000000008bb00000, 0x000000008bc00000|  0%| F|  |TAMS 0x000000008bb00000, 0x000000008bb00000| Untracked 
| 106|0x000000008bc00000, 0x000000008bc00000, 0x000000008bd00000|  0%| F|  |TAMS 0x000000008bc00000, 0x000000008bc00000| Untracked 
| 107|0x000000008bd00000, 0x000000008bd00000, 0x000000008be00000|  0%| F|  |TAMS 0x000000008bd00000, 0x000000008bd00000| Untracked 
| 108|0x000000008be00000, 0x000000008be00000, 0x000000008bf00000|  0%| F|  |TAMS 0x000000008be00000, 0x000000008be00000| Untracked 
| 109|0x000000008bf00000, 0x000000008bf00000, 0x000000008c000000|  0%| F|  |TAMS 0x000000008bf00000, 0x000000008bf00000| Untracked 
| 110|0x000000008c000000, 0x000000008c000000, 0x000000008c100000|  0%| F|  |TAMS 0x000000008c000000, 0x000000008c000000| Untracked 
| 111|0x000000008c100000, 0x000000008c100000, 0x000000008c200000|  0%| F|  |TAMS 0x000000008c100000, 0x000000008c100000| Untracked 
| 112|0x000000008c200000, 0x000000008c200000, 0x000000008c300000|  0%| F|  |TAMS 0x000000008c200000, 0x000000008c200000| Untracked 
| 113|0x000000008c300000, 0x000000008c300000, 0x000000008c400000|  0%| F|  |TAMS 0x000000008c300000, 0x000000008c300000| Untracked 
| 114|0x000000008c400000, 0x000000008c400000, 0x000000008c500000|  0%| F|  |TAMS 0x000000008c400000, 0x000000008c400000| Untracked 
| 115|0x000000008c500000, 0x000000008c500000, 0x000000008c600000|  0%| F|  |TAMS 0x000000008c500000, 0x000000008c500000| Untracked 
| 116|0x000000008c600000, 0x000000008c600000, 0x000000008c700000|  0%| F|  |TAMS 0x000000008c600000, 0x000000008c600000| Untracked 
| 117|0x000000008c700000, 0x000000008c700000, 0x000000008c800000|  0%| F|  |TAMS 0x000000008c700000, 0x000000008c700000| Untracked 
| 118|0x000000008c800000, 0x000000008c800000, 0x000000008c900000|  0%| F|  |TAMS 0x000000008c800000, 0x000000008c800000| Untracked 
| 119|0x000000008c900000, 0x000000008c900000, 0x000000008ca00000|  0%| F|  |TAMS 0x000000008c900000, 0x000000008c900000| Untracked 
| 120|0x000000008ca00000, 0x000000008ca43128, 0x000000008cb00000| 26%| E|  |TAMS 0x000000008ca00000, 0x000000008ca00000| Complete 
| 121|0x000000008cb00000, 0x000000008cc00000, 0x000000008cc00000|100%| E|CS|TAMS 0x000000008cb00000, 0x000000008cb00000| Complete 
| 122|0x000000008cc00000, 0x000000008cd00000, 0x000000008cd00000|100%| E|CS|TAMS 0x000000008cc00000, 0x000000008cc00000| Complete 
| 123|0x000000008cd00000, 0x000000008ce00000, 0x000000008ce00000|100%| E|CS|TAMS 0x000000008cd00000, 0x000000008cd00000| Complete 

Card table byte_map: [0x0000020da7c90000,0x0000020da8070000] _byte_map_base: 0x0000020da7867000

Marking Bits (Prev, Next): (CMBitMap*) 0x0000020d8f18ce80, (CMBitMap*) 0x0000020d8f18cec0
 Prev Bits: [0x0000020da8450000, 0x0000020daa308000)
 Next Bits: [0x0000020daa310000, 0x0000020dac1c8000)

Polling page: 0x0000020d8efa0000

Metaspace:

Usage:
  Non-class:      3.25 MB used.
      Class:    350.68 KB used.
       Both:      3.59 MB used.

Virtual space:
  Non-class space:       64.00 MB reserved,       3.31 MB (  5%) committed,  1 nodes.
      Class space:        1.00 GB reserved,     448.00 KB ( <1%) committed,  1 nodes.
             Both:        1.06 GB reserved,       3.75 MB ( <1%) committed. 

Chunk freelists:
   Non-Class:  3.92 MB
       Class:  3.58 MB
        Both:  7.50 MB

MaxMetaspaceSize: unlimited
CompressedClassSpaceSize: 1.00 GB
Initial GC threshold: 21.00 MB
Current GC threshold: 21.00 MB
CDS: on
MetaspaceReclaimPolicy: balanced
 - commit_granule_bytes: 65536.
 - commit_granule_words: 8192.
 - virtual_space_node_default_size: 8388608.
 - enlarge_chunks_in_place: 1.
 - new_chunks_are_fully_committed: 0.
 - uncommit_free_chunks: 1.
 - use_allocation_guard: 0.


Internal statistics:

num_allocs_failed_limit: 0.
num_arena_births: 80.
num_arena_deaths: 0.
num_vsnodes_births: 2.
num_vsnodes_deaths: 0.
num_space_committed: 60.
num_space_uncommitted: 0.
num_chunks_returned_to_freelist: 0.
num_chunks_taken_from_freelist: 98.
num_chunk_merges: 0.
num_chunk_splits: 60.
num_chunks_enlarged: 23.
num_inconsistent_stats: 0.

CodeHeap 'non-profiled nmethods': size=120000Kb used=116Kb max_used=116Kb free=119884Kb
 bounds [0x0000020d9fd50000, 0x0000020d9ffc0000, 0x0000020da7280000]
CodeHeap 'profiled nmethods': size=120000Kb used=544Kb max_used=544Kb free=119455Kb
 bounds [0x0000020d98820000, 0x0000020d98a90000, 0x0000020d9fd50000]
CodeHeap 'non-nmethods': size=5760Kb used=1193Kb max_used=1193Kb free=4566Kb
 bounds [0x0000020d98280000, 0x0000020d984f0000, 0x0000020d98820000]
 total_blobs=876 nmethods=391 adapters=398
 compilation: enabled
              stopped_count=0, restarted_count=0
 full_count=0

Compilation events (20 events):
Event: 0.478 Thread 0x0000020dae7b4fd0  382       1       java.util.HashMap$Node::getValue (5 bytes)
Event: 0.478 Thread 0x0000020dae7b4fd0 nmethod 382 0x0000020d9fd6ca10 code [0x0000020d9fd6cba0, 0x0000020d9fd6cc78]
Event: 0.478 Thread 0x0000020dae7b4fd0  383       3       java.util.HashMap::keySet (25 bytes)
Event: 0.478 Thread 0x0000020dae7b4fd0 nmethod 383 0x0000020d988a5390 code [0x0000020d988a5540, 0x0000020d988a5918]
Event: 0.478 Thread 0x0000020dae7b4fd0  384       3       java.util.HashMap$KeySet::iterator (12 bytes)
Event: 0.478 Thread 0x0000020dae7b4fd0 nmethod 384 0x0000020d988a5a90 code [0x0000020d988a5c40, 0x0000020d988a5e48]
Event: 0.478 Thread 0x0000020dae7b4fd0  385       3       java.util.HashMap$KeyIterator::<init> (6 bytes)
Event: 0.478 Thread 0x0000020dae7b4fd0 nmethod 385 0x0000020d988a5f10 code [0x0000020d988a60a0, 0x0000020d988a61e8]
Event: 0.478 Thread 0x0000020dae7b4fd0  386       3       java.util.HashSet::iterator (13 bytes)
Event: 0.478 Thread 0x0000020dae7b4fd0 nmethod 386 0x0000020d988a6290 code [0x0000020d988a6440, 0x0000020d988a66d8]
Event: 0.478 Thread 0x0000020dae7b4fd0  387       1       java.util.concurrent.atomic.AtomicInteger::get (5 bytes)
Event: 0.478 Thread 0x0000020dae7b4fd0 nmethod 387 0x0000020d9fd6cd10 code [0x0000020d9fd6cea0, 0x0000020d9fd6cf78]
Event: 0.479 Thread 0x0000020dae7b4fd0  388       3       java.util.IdentityHashMap$IdentityHashMapIterator::hasNext (50 bytes)
Event: 0.479 Thread 0x0000020dae7b4fd0 nmethod 388 0x0000020d988a6810 code [0x0000020d988a69c0, 0x0000020d988a6c18]
Event: 0.481 Thread 0x0000020dae7b4fd0  389       3       java.lang.invoke.LambdaForm$BasicType::basicTypeSlots (8 bytes)
Event: 0.481 Thread 0x0000020dae7b4fd0 nmethod 389 0x0000020d988a6d10 code [0x0000020d988a6ea0, 0x0000020d988a7018]
Event: 0.481 Thread 0x0000020dae7b4fd0  390       3       sun.invoke.util.Wrapper::stackSlots (9 bytes)
Event: 0.481 Thread 0x0000020dae7b4fd0 nmethod 390 0x0000020d988a7110 code [0x0000020d988a72a0, 0x0000020d988a73b8]
Event: 0.482 Thread 0x0000020dae7b4fd0  391       3       sun.awt.AppContext::getAppContext (51 bytes)
Event: 0.483 Thread 0x0000020dae7b4fd0 nmethod 391 0x0000020d988a7490 code [0x0000020d988a76c0, 0x0000020d988a7e08]

GC Heap History (0 events):
No events

Deoptimization events (0 events):
No events

Classes loaded (20 events):
Event: 0.480 Loading class java/awt/font/FontRenderContext
Event: 0.480 Loading class java/awt/font/FontRenderContext done
Event: 0.480 Loading class sun/swing/StringUIClientPropertyKey
Event: 0.480 Loading class javax/swing/UIClientPropertyKey
Event: 0.480 Loading class javax/swing/UIClientPropertyKey done
Event: 0.480 Loading class sun/swing/StringUIClientPropertyKey done
Event: 0.480 Loading class sun/swing/SwingUtilities2$LSBCacheEntry
Event: 0.480 Loading class sun/swing/SwingUtilities2$LSBCacheEntry done
Event: 0.480 Loading class javax/swing/UIManager$LAFState
Event: 0.480 Loading class javax/swing/UIManager$LAFState done
Event: 0.480 Loading class javax/swing/UIDefaults
Event: 0.480 Loading class javax/swing/UIDefaults done
Event: 0.480 Loading class javax/swing/MultiUIDefaults
Event: 0.481 Loading class javax/swing/MultiUIDefaults done
Event: 0.481 Loading class sun/swing/SwingAccessor$UIDefaultsAccessor
Event: 0.481 Loading class sun/swing/SwingAccessor$UIDefaultsAccessor done
Event: 0.482 Loading class javax/swing/UIManager$1
Event: 0.482 Loading class javax/swing/UIManager$1 done
Event: 0.482 Loading class javax/swing/plaf/metal/MetalLookAndFeel
Event: 0.483 Loading class javax/swing/plaf/basic/BasicLookAndFeel

Classes unloaded (0 events):
No events

Classes redefined (0 events):
No events

Internal exceptions (7 events):
Event: 0.077 Thread 0x0000020d8f12dde0 Exception <a 'java/lang/NoSuchMethodError'{0x000000008cc2a0e0}: 'void java.lang.invoke.DirectMethodHandle$Holder.invokeVirtual(java.lang.Object, java.lang.Object)'> (0x000000008cc2a0e0) 
thrown [s\open\src\hotspot\share\interpreter\linkResolver.cpp, line 759]
Event: 0.113 Thread 0x0000020d8f12dde0 Exception <a 'sun/nio/fs/WindowsException'{0x000000008ccbf868}> (0x000000008ccbf868) 
thrown [s\open\src\hotspot\share\prims\jni.cpp, line 516]
Event: 0.126 Thread 0x0000020d8f12dde0 Exception <a 'java/lang/ClassNotFoundException'{0x000000008cce8e60}: sun/awt/resources/spi/awtProvider> (0x000000008cce8e60) 
thrown [s\open\src\hotspot\share\classfile\systemDictionary.cpp, line 255]
Event: 0.150 Thread 0x0000020d8f12dde0 Exception <a 'java/io/FileNotFoundException'{0x000000008cb3bec8}> (0x000000008cb3bec8) 
thrown [s\open\src\hotspot\share\prims\jni.cpp, line 516]
Event: 0.159 Thread 0x0000020d8f12dde0 Exception <a 'java/io/FileNotFoundException'{0x000000008cb690a8}> (0x000000008cb690a8) 
thrown [s\open\src\hotspot\share\prims\jni.cpp, line 516]
Event: 0.203 Thread 0x0000020d8f12dde0 Exception <a 'java/lang/NoSuchMethodError'{0x000000008cbad900}: 'java.lang.Object java.lang.invoke.DirectMethodHandle$Holder.invokeStaticInit(java.lang.Object)'> (0x000000008cbad900) 
thrown [s\open\src\hotspot\share\interpreter\linkResolver.cpp, line 759]
Event: 0.481 Thread 0x0000020d8f12dde0 Exception <a 'java/lang/NoSuchMethodError'{0x000000008ca2ef00}: 'void java.lang.invoke.DirectMethodHandle$Holder.invokeSpecial(java.lang.Object, java.lang.Object, java.lang.Object)'> (0x000000008ca2ef00) 
thrown [s\open\src\hotspot\share\interpreter\linkResolver.cpp, line 759]

VM Operations (2 events):
Event: 0.089 Executing VM operation: HandshakeAllThreads
Event: 0.089 Executing VM operation: HandshakeAllThreads done

Events (20 events):
Event: 0.019 Thread 0x0000020d8f12dde0 Thread added: 0x0000020d8f12dde0
Event: 0.021 Thread 0x0000020dae7649c0 Thread added: 0x0000020dae7649c0
Event: 0.021 Thread 0x0000020dae765620 Thread added: 0x0000020dae765620
Event: 0.034 Thread 0x0000020dae77b560 Thread added: 0x0000020dae77b560
Event: 0.034 Thread 0x0000020dae77bf00 Thread added: 0x0000020dae77bf00
Event: 0.034 Thread 0x0000020dae77c8a0 Thread added: 0x0000020dae77c8a0
Event: 0.034 Thread 0x0000020dae77d240 Thread added: 0x0000020dae77d240
Event: 0.034 Thread 0x0000020dae788f30 Thread added: 0x0000020dae788f30
Event: 0.034 Thread 0x0000020dae7b4fd0 Thread added: 0x0000020dae7b4fd0
Event: 0.034 Thread 0x0000020dae7b69c0 Thread added: 0x0000020dae7b69c0
Event: 0.057 Thread 0x0000020dae753730 Thread added: 0x0000020dae753730
Event: 0.062 Loaded shared library C:\Program Files\Java\jdk-18.0.2\bin\net.dll
Event: 0.064 Loaded shared library C:\Program Files\Java\jdk-18.0.2\bin\nio.dll
Event: 0.099 Thread 0x0000020db2d08c70 Thread added: 0x0000020db2d08c70
Event: 0.111 Loaded shared library C:\Program Files\Java\jdk-18.0.2\bin\jimage.dll
Event: 0.122 Loaded shared library C:\Program Files\Java\jdk-18.0.2\bin\zip.dll
Event: 0.138 Loaded shared library C:\Program Files\Java\jdk-18.0.2\bin\awt.dll
Event: 0.204 Thread 0x0000020db2eddc90 Thread added: 0x0000020db2eddc90
Event: 0.204 Thread 0x0000020db2ede150 Thread added: 0x0000020db2ede150
Event: 0.205 Thread 0x0000020db2eb6540 Thread added: 0x0000020db2eb6540


Dynamic libraries:
0x00007ff77ec40000 - 0x00007ff77ec50000 	C:\Program Files\Java\jdk-18.0.2\bin\javaw.exe
0x00007ff958610000 - 0x00007ff958808000 	C:\WINDOWS\SYSTEM32\ntdll.dll
0x00007ff956670000 - 0x00007ff95672f000 	C:\WINDOWS\System32\KERNEL32.DLL
0x00007ff955d20000 - 0x00007ff956016000 	C:\WINDOWS\System32\KERNELBASE.dll
0x00007ff956250000 - 0x00007ff956350000 	C:\WINDOWS\System32\ucrtbase.dll
0x00007ff94d2d0000 - 0x00007ff94d2ea000 	C:\Program Files\Java\jdk-18.0.2\bin\VCRUNTIME140.dll
0x00007ff94d2f0000 - 0x00007ff94d308000 	C:\Program Files\Java\jdk-18.0.2\bin\jli.dll
0x00007ff957240000 - 0x00007ff9572ef000 	C:\WINDOWS\System32\ADVAPI32.dll
0x00007ff958510000 - 0x00007ff9585ae000 	C:\WINDOWS\System32\msvcrt.dll
0x00007ff957130000 - 0x00007ff9571cc000 	C:\WINDOWS\System32\sechost.dll
0x00007ff957a30000 - 0x00007ff957b56000 	C:\WINDOWS\System32\RPCRT4.dll
0x00007ff957890000 - 0x00007ff957a2d000 	C:\WINDOWS\System32\USER32.dll
0x00007ff956640000 - 0x00007ff956662000 	C:\WINDOWS\System32\win32u.dll
0x00007ff957050000 - 0x00007ff95707c000 	C:\WINDOWS\System32\GDI32.dll
0x00007ff956130000 - 0x00007ff956245000 	C:\WINDOWS\System32\gdi32full.dll
0x00007ff956090000 - 0x00007ff95612d000 	C:\WINDOWS\System32\msvcp_win.dll
0x00007ff943cd0000 - 0x00007ff943f6a000 	C:\WINDOWS\WinSxS\amd64_microsoft.windows.common-controls_6595b64144ccf1df_6.0.19041.1110_none_60b5254171f9507e\COMCTL32.dll
0x00007ff950630000 - 0x00007ff95063a000 	C:\WINDOWS\SYSTEM32\VERSION.dll
0x00007ff957860000 - 0x00007ff957890000 	C:\WINDOWS\System32\IMM32.DLL
0x00007ff950da0000 - 0x00007ff950dac000 	C:\Program Files\Java\jdk-18.0.2\bin\vcruntime140_1.dll
0x00007ff930de0000 - 0x00007ff930e6d000 	C:\Program Files\Java\jdk-18.0.2\bin\msvcp140.dll
0x00007ff8c6ed0000 - 0x00007ff8c7ae1000 	C:\Program Files\Java\jdk-18.0.2\bin\server\jvm.dll
0x00007ff9577e0000 - 0x00007ff9577e8000 	C:\WINDOWS\System32\PSAPI.DLL
0x00007ff94d140000 - 0x00007ff94d149000 	C:\WINDOWS\SYSTEM32\WSOCK32.dll
0x00007ff9577f0000 - 0x00007ff95785b000 	C:\WINDOWS\System32\WS2_32.dll
0x00007ff947800000 - 0x00007ff947827000 	C:\WINDOWS\SYSTEM32\WINMM.dll
0x00007ff953bb0000 - 0x00007ff953bc2000 	C:\WINDOWS\SYSTEM32\kernel.appcore.dll
0x00007ff93f1e0000 - 0x00007ff93f1ea000 	C:\Program Files\Java\jdk-18.0.2\bin\jimage.dll
0x00007ff94f6e0000 - 0x00007ff94f8c4000 	C:\WINDOWS\SYSTEM32\DBGHELP.DLL
0x00007ff941bc0000 - 0x00007ff941bf4000 	C:\WINDOWS\SYSTEM32\dbgcore.DLL
0x00007ff9563a0000 - 0x00007ff956422000 	C:\WINDOWS\System32\bcryptPrimitives.dll
0x00007ff9086b0000 - 0x00007ff9086d5000 	C:\Program Files\Java\jdk-18.0.2\bin\java.dll
0x00007ff907f80000 - 0x00007ff908056000 	C:\Program Files\Java\jdk-18.0.2\bin\jsvml.dll
0x00007ff956730000 - 0x00007ff956e74000 	C:\WINDOWS\System32\SHELL32.dll
0x00007ff953db0000 - 0x00007ff954543000 	C:\WINDOWS\SYSTEM32\windows.storage.dll
0x00007ff9572f0000 - 0x00007ff957644000 	C:\WINDOWS\System32\combase.dll
0x00007ff9556c0000 - 0x00007ff9556ee000 	C:\WINDOWS\SYSTEM32\Wldp.dll
0x00007ff957730000 - 0x00007ff9577dd000 	C:\WINDOWS\System32\SHCORE.dll
0x00007ff9584b0000 - 0x00007ff958505000 	C:\WINDOWS\System32\shlwapi.dll
0x00007ff955c20000 - 0x00007ff955c45000 	C:\WINDOWS\SYSTEM32\profapi.dll
0x00007ff930180000 - 0x00007ff930193000 	C:\Program Files\Java\jdk-18.0.2\bin\net.dll
0x00007ff950c00000 - 0x00007ff950d0a000 	C:\WINDOWS\SYSTEM32\WINHTTP.dll
0x00007ff955420000 - 0x00007ff95548a000 	C:\WINDOWS\system32\mswsock.dll
0x00007ff92f660000 - 0x00007ff92f676000 	C:\Program Files\Java\jdk-18.0.2\bin\nio.dll
0x00007ff91e070000 - 0x00007ff91e088000 	C:\Program Files\Java\jdk-18.0.2\bin\zip.dll
0x00007ff8f5a00000 - 0x00007ff8f5b8f000 	C:\Program Files\Java\jdk-18.0.2\bin\awt.dll
0x00007ff956e80000 - 0x00007ff956f4d000 	C:\WINDOWS\System32\OLEAUT32.dll
0x00007ff9535b0000 - 0x00007ff953641000 	C:\WINDOWS\SYSTEM32\apphelp.dll
0x00007ff907690000 - 0x00007ff9077b5000 	C:\WINDOWS\system32\opengl32.dll
0x00007ff94d290000 - 0x00007ff94d2bc000 	C:\WINDOWS\SYSTEM32\GLU32.dll
0x00007ff9536e0000 - 0x00007ff95377e000 	C:\WINDOWS\system32\uxtheme.dll
0x00007ff958390000 - 0x00007ff9584a4000 	C:\WINDOWS\System32\MSCTF.dll
0x00007ff9581e0000 - 0x00007ff95830a000 	C:\WINDOWS\System32\ole32.dll
0x00007ff955850000 - 0x00007ff955862000 	C:\WINDOWS\SYSTEM32\msasn1.dll
0x00007ff950330000 - 0x00007ff950361000 	C:\WINDOWS\SYSTEM32\cryptnet.dll
0x00007ff956430000 - 0x00007ff95658e000 	C:\WINDOWS\System32\CRYPT32.dll
0x00007ff955610000 - 0x00007ff95561c000 	C:\WINDOWS\SYSTEM32\cryptbase.dll
0x00007ff956020000 - 0x00007ff956087000 	C:\WINDOWS\System32\WINTRUST.DLL
0x00007ff9585b0000 - 0x00007ff9585cd000 	C:\WINDOWS\System32\imagehlp.dll
0x00007ff955620000 - 0x00007ff955638000 	C:\WINDOWS\SYSTEM32\CRYPTSP.dll
0x00007ff954cd0000 - 0x00007ff954d04000 	C:\WINDOWS\system32\rsaenh.dll
0x00007ff955cf0000 - 0x00007ff955d17000 	C:\WINDOWS\System32\bcrypt.dll
0x00007ff94bd30000 - 0x00007ff94bd6b000 	C:\WINDOWS\SYSTEM32\dxcore.dll
0x00007ff956350000 - 0x00007ff95639e000 	C:\WINDOWS\System32\cfgmgr32.dll

dbghelp: loaded successfully - version: 4.0.5 - missing functions: none
symbol engine: initialized successfully - sym options: 0x614 - pdb path: .;C:\Program Files\Java\jdk-18.0.2\bin;C:\WINDOWS\SYSTEM32;C:\WINDOWS\WinSxS\amd64_microsoft.windows.common-controls_6595b64144ccf1df_6.0.19041.1110_none_60b5254171f9507e;C:\Program Files\Java\jdk-18.0.2\bin\server

VM Arguments:
jvm_args: -Dfile.encoding=UTF-8 --module-path=C:\Users\Sumit\eclipse-workspace\LOgin\bin -XX:+ShowCodeDetailsInExceptionMessages -Djdk.module.main=LOgin 
java_command: LOgin/in.login.LGN
java_class_path (initial): H:\mysql-connector-j-8.0.32\mysql-connector-j-8.0.32.jar
Launcher Type: SUN_STANDARD

[Global flags]
     intx CICompilerCount                          = 3                                         {product} {ergonomic}
     uint ConcGCThreads                            = 1                                         {product} {ergonomic}
     uint G1ConcRefinementThreads                  = 4                                         {product} {ergonomic}
   size_t G1HeapRegionSize                         = 1048576                                   {product} {ergonomic}
    uintx GCDrainStackTargetSize                   = 64                                        {product} {ergonomic}
   size_t InitialHeapSize                          = 130023424                                 {product} {ergonomic}
   size_t MarkStackSize                            = 4194304                                   {product} {ergonomic}
   size_t MaxHeapSize                              = 2061500416                                {product} {ergonomic}
   size_t MaxNewSize                               = 1236271104                                {product} {ergonomic}
   size_t MinHeapDeltaBytes                        = 1048576                                   {product} {ergonomic}
   size_t MinHeapSize                              = 8388608                                   {product} {ergonomic}
    uintx NonNMethodCodeHeapSize                   = 5832780                                {pd product} {ergonomic}
    uintx NonProfiledCodeHeapSize                  = 122912730                              {pd product} {ergonomic}
    uintx ProfiledCodeHeapSize                     = 122912730                              {pd product} {ergonomic}
    uintx ReservedCodeCacheSize                    = 251658240                              {pd product} {ergonomic}
     bool SegmentedCodeCache                       = true                                      {product} {ergonomic}
     bool ShowCodeDetailsInExceptionMessages       = true                                   {manageable} {command line}
   size_t SoftMaxHeapSize                          = 2061500416                             {manageable} {ergonomic}
     bool UseCompressedClassPointers               = true                           {product lp64_product} {ergonomic}
     bool UseCompressedOops                        = true                           {product lp64_product} {ergonomic}
     bool UseG1GC                                  = true                                      {product} {ergonomic}
     bool UseLargePagesIndividualAllocation        = false                                  {pd product} {ergonomic}

Logging:
Log output configuration:
 #0: stdout all=warning uptime,level,tags foldmultilines=false
 #1: stderr all=off uptime,level,tags foldmultilines=false

Environment Variables:
PATH=C:/Program Files/Java/jdk-18.0.2/bin/server;C:/Program Files/Java/jdk-18.0.2/bin;C:\Program Files\Eclipse Adoptium\jdk-17.0.6.10-hotspot\bin;C:\Program Files\Python311\Scripts\;C:\Program Files\Python311\;C:\Program Files\Common Files\Oracle\Java\javapath;C:\WINDOWS\system32;C:\WINDOWS;C:\WINDOWS\System32\Wbem;C:\WINDOWS\System32\WindowsPowerShell\v1.0\;C:\MinGW\bin;C:\WINDOWS\System32\OpenSSH\;C:\Program Files\Java\jdk-18.0.2\bin;C:\Program Files\MySQL\MySQL Server 8.0\bin;C:\mysql-connector-j-8.1.0.jar;C:\Users\Sumit\AppData\Local\Microsoft\WindowsApps;C:\Users\Sumit\AppData\Local\Programs\Microsoft VS Code\bin;C:\MinGW\bin;C:\Program Files\Java\jdk-18.0.2\bin;C:\Program Files\JetBrains\PyCharm 2022.3\bin;;C:\Program Files\JetBrains\PyCharm Community Edition 2022.3\bin;;C:\xampp\mysql\bin;C:\mysql-connector-j-8.1.0.jar;;C:\WINDOWS\System32;
USERNAME=Sumit
OS=Windows_NT
PROCESSOR_IDENTIFIER=AMD64 Family 23 Model 17 Stepping 0, AuthenticAMD



---------------  S Y S T E M  ---------------

OS:
 Windows 10 , 64 bit Build 19041 (10.0.19041.3155)
OS uptime: 1 days 4:53 hours

CPU: total 4 (initial active 4) (4 cores per cpu, 1 threads per core) family 23 model 17 stepping 0 microcode 0x0, cx8, cmov, fxsr, mmx, 3dnowpref, sse, sse2, sse3, ssse3, sse4a, sse4.1, sse4.2, popcnt, lzcnt, tsc, tscinvbit, avx, avx2, aes, clmul, bmi1, bmi2, adx, sha, fma, vzeroupper, clflush, clflushopt

Memory: 4k page, system-wide physical 7862M (1561M free)
TotalPageFile size 22026M (AvailPageFile size 0M)
current process WorkingSet (physical memory assigned to process): 44M, peak: 44M
current process commit charge ("private bytes"): 204M, peak: 208M

vm_info: Java HotSpot(TM) 64-Bit Server VM (18.0.2+9-61) for windows-amd64 JRE (18.0.2+9-61), built on Jun  7 2022 13:09:01 by "mach5one" with MS VC++ 16.8 / 16.9 (VS2019)

END.
