#
# There is insufficient memory for the Java Runtime Environment to continue.
# Native memory allocation (mmap) failed to map 65536 bytes for Failed to commit metaspace.
# Possible reasons:
#   The system is out of physical RAM or swap space
#   The process is running with CompressedOops enabled, and the Java Heap may be blocking the growth of the native heap
# Possible solutions:
#   Reduce memory load on the system
#   Increase physical memory or swap space
#   Check if swap backing store is full
#   Decrease Java heap size (-Xmx/-Xms)
#   Decrease number of Java threads
#   Decrease Java thread stack sizes (-Xss)
#   Set larger code cache with -XX:ReservedCodeCacheSize=
#   JVM is running with Unscaled Compressed Oops mode in which the Java heap is
#     placed in the first 4GB address space. The Java Heap base address is the
#     maximum limit for the native heap growth. Please use -XX:HeapBaseMinAddress
#     to set the Java Heap base and to place the Java Heap above 4GB virtual address.
# This output file may be truncated or incomplete.
#
#  Out of Memory Error (virtualSpaceNode.cpp:110), pid=18856, tid=10104
#
# JRE version: Java(TM) SE Runtime Environment (18.0.2+9) (build 18.0.2+9-61)
# Java VM: Java HotSpot(TM) 64-Bit Server VM (18.0.2+9-61, mixed mode, sharing, tiered, compressed oops, compressed class ptrs, g1 gc, windows-amd64)
# No core dump will be written. Minidumps are not enabled by default on client versions of Windows
#

---------------  S U M M A R Y ------------

Command Line: -Dfile.encoding=UTF-8 --module-path=C:\Users\Sumit\eclipse-workspace\LOgin\bin -XX:+ShowCodeDetailsInExceptionMessages -Djdk.module.main=LOgin LOgin/in.login.LGN

Host: AMD Ryzen 3 2200G with Radeon Vega Graphics    , 4 cores, 7G,  Windows 10 , 64 bit Build 19041 (10.0.19041.3155)
Time: Sat Sep  9 20:44:58 2023 India Standard Time elapsed time: 240.548823 seconds (0d 0h 4m 0s)

---------------  T H R E A D  ---------------

Current thread (0x0000019b9d68d1e0):  JavaThread "AWT-EventQueue-0" [_thread_in_vm, id=10104, stack(0x0000003fe4c00000,0x0000003fe4d00000)]

Stack: [0x0000003fe4c00000,0x0000003fe4d00000]
Native frames: (J=compiled Java code, j=interpreted, Vv=VM code, C=native code)
V  [jvm.dll+0x6993ca]
V  [jvm.dll+0x7f481d]
V  [jvm.dll+0x7f612e]
V  [jvm.dll+0x7f67e3]
V  [jvm.dll+0x25cdaf]
V  [jvm.dll+0x7f052b]
V  [jvm.dll+0x63f546]
V  [jvm.dll+0x63f5aa]
V  [jvm.dll+0x641e2e]
V  [jvm.dll+0x641cee]
V  [jvm.dll+0x63ff0e]
V  [jvm.dll+0x25152f]
V  [jvm.dll+0x64a545]
V  [jvm.dll+0x2027b1]
V  [jvm.dll+0x202ce5]
V  [jvm.dll+0x20371f]
V  [jvm.dll+0x1f8bb1]
V  [jvm.dll+0x55dc05]
V  [jvm.dll+0x209a67]
V  [jvm.dll+0x76dddd]
V  [jvm.dll+0x76f116]
V  [jvm.dll+0x76f8a1]
V  [jvm.dll+0x2039b4]
V  [jvm.dll+0x1f8bca]
V  [jvm.dll+0x55dc05]
V  [jvm.dll+0x209a67]
V  [jvm.dll+0x76dddd]
V  [jvm.dll+0x76f116]
V  [jvm.dll+0x76f448]
V  [jvm.dll+0x2551d6]
V  [jvm.dll+0x3a13de]
C  0x0000019b8788b80d

Java frames: (J=compiled Java code, j=interpreted, Vv=VM code)
j  java.awt.image.Raster.createPackedRaster(Ljava/awt/image/DataBuffer;III[ILjava/awt/Point;)Ljava/awt/image/WritableRaster;+36 java.desktop@18.0.2
j  java.awt.image.Raster.createPackedRaster(III[ILjava/awt/Point;)Ljava/awt/image/WritableRaster;+99 java.desktop@18.0.2
j  java.awt.image.DirectColorModel.createCompatibleWritableRaster(II)Ljava/awt/image/WritableRaster;+83 java.desktop@18.0.2
j  java.awt.GraphicsConfiguration.createCompatibleImage(II)Ljava/awt/image/BufferedImage;+8 java.desktop@18.0.2
j  java.awt.GraphicsConfiguration.createCompatibleImage(III)Ljava/awt/image/BufferedImage;+14 java.desktop@18.0.2
j  sun.awt.image.SunVolatileImage.getBackupImage(DD)Ljava/awt/image/BufferedImage;+36 java.desktop@18.0.2
j  sun.awt.image.VolatileSurfaceManager.getBackupSurface()Lsun/java2d/SurfaceData;+38 java.desktop@18.0.2
j  sun.awt.image.VolatileSurfaceManager.displayChanged()V+33 java.desktop@18.0.2
j  sun.awt.SunDisplayChanger.notifyListeners()V+105 java.desktop@18.0.2
j  sun.awt.Win32GraphicsEnvironment.displayChanged()V+291 java.desktop@18.0.2
j  sun.awt.windows.WToolkit.lambda$displayChanged$4()V+15 java.desktop@18.0.2
j  sun.awt.windows.WToolkit$$Lambda$146+0x0000000800cfe910.run()V+0 java.desktop@18.0.2
j  java.awt.event.InvocationEvent.dispatch()V+47 java.desktop@18.0.2
j  java.awt.EventQueue.dispatchEventImpl(Ljava/awt/AWTEvent;Ljava/lang/Object;)V+21 java.desktop@18.0.2
j  java.awt.EventQueue$4.run()Ljava/lang/Void;+32 java.desktop@18.0.2
J 1110 c1 java.awt.EventQueue.dispatchEvent(Ljava/awt/AWTEvent;)V java.desktop@18.0.2 (80 bytes) @ 0x0000019b87fca58c [0x0000019b87fc9fe0+0x00000000000005ac]
j  java.awt.EventDispatchThread.pumpOneEventForFilters(I)V+78 java.desktop@18.0.2
j  java.awt.EventDispatchThread.pumpEventsForFilter(ILjava/awt/Conditional;Ljava/awt/EventFilter;)V+35 java.desktop@18.0.2
j  java.awt.EventDispatchThread.pumpEventsForHierarchy(ILjava/awt/Conditional;Ljava/awt/Component;)V+11 java.desktop@18.0.2
j  java.awt.EventDispatchThread.pumpEvents(ILjava/awt/Conditional;)V+4 java.desktop@18.0.2
j  java.awt.EventDispatchThread.pumpEvents(Ljava/awt/Conditional;)V+3 java.desktop@18.0.2
j  java.awt.EventDispatchThread.run()V+9 java.desktop@18.0.2
v  ~StubRoutines::call_stub

---------------  P R O C E S S  ---------------

Threads class SMR info:
_java_thread_list=0x0000019b9d7f5e60, length=17, elements={
0x0000019bfea385a0, 0x0000019bfea39250, 0x0000019bfea4d250, 0x0000019bfea4db00,
0x0000019bfea4e3b0, 0x0000019bfea56c70, 0x0000019bfea7cd80, 0x0000019bfea80690,
0x0000019bfea91740, 0x0000019b9cc73220, 0x0000019b9ccdc020, 0x0000019b9cdd1600,
0x0000019b9cdd1ac0, 0x0000019b9cdd31a0, 0x0000019b9d68d1e0, 0x0000019b9d6feed0,
0x0000019bf7c9d680
}

Java Threads: ( => current thread )
  0x0000019bfea385a0 JavaThread "Reference Handler" daemon [_thread_blocked, id=12588, stack(0x0000003fe3b00000,0x0000003fe3c00000)]
  0x0000019bfea39250 JavaThread "Finalizer" daemon [_thread_blocked, id=18376, stack(0x0000003fe3c00000,0x0000003fe3d00000)]
  0x0000019bfea4d250 JavaThread "Signal Dispatcher" daemon [_thread_blocked, id=14540, stack(0x0000003fe3d00000,0x0000003fe3e00000)]
  0x0000019bfea4db00 JavaThread "Attach Listener" daemon [_thread_blocked, id=19212, stack(0x0000003fe3e00000,0x0000003fe3f00000)]
  0x0000019bfea4e3b0 JavaThread "Service Thread" daemon [_thread_blocked, id=6236, stack(0x0000003fe3f00000,0x0000003fe4000000)]
  0x0000019bfea56c70 JavaThread "Monitor Deflation Thread" daemon [_thread_blocked, id=18068, stack(0x0000003fe4000000,0x0000003fe4100000)]
  0x0000019bfea7cd80 JavaThread "C2 CompilerThread0" daemon [_thread_blocked, id=18800, stack(0x0000003fe4100000,0x0000003fe4200000)]
  0x0000019bfea80690 JavaThread "C1 CompilerThread0" daemon [_thread_blocked, id=1604, stack(0x0000003fe4200000,0x0000003fe4300000)]
  0x0000019bfea91740 JavaThread "Sweeper thread" daemon [_thread_blocked, id=7972, stack(0x0000003fe4300000,0x0000003fe4400000)]
  0x0000019b9cc73220 JavaThread "Common-Cleaner" daemon [_thread_blocked, id=12668, stack(0x0000003fe4400000,0x0000003fe4500000)]
  0x0000019b9ccdc020 JavaThread "Notification Thread" daemon [_thread_blocked, id=1900, stack(0x0000003fe4500000,0x0000003fe4600000)]
  0x0000019b9cdd1600 JavaThread "Java2D Disposer" daemon [_thread_blocked, id=9416, stack(0x0000003fe4700000,0x0000003fe4800000)]
  0x0000019b9cdd1ac0 JavaThread "AWT-Shutdown" [_thread_blocked, id=18816, stack(0x0000003fe4800000,0x0000003fe4900000)]
  0x0000019b9cdd31a0 JavaThread "AWT-Windows" daemon [_thread_in_native, id=18516, stack(0x0000003fe4900000,0x0000003fe4a00000)]
=>0x0000019b9d68d1e0 JavaThread "AWT-EventQueue-0" [_thread_in_vm, id=10104, stack(0x0000003fe4c00000,0x0000003fe4d00000)]
  0x0000019b9d6feed0 JavaThread "D3D Screen Updater" daemon [_thread_blocked, id=19200, stack(0x0000003fe4d00000,0x0000003fe4e00000)]
  0x0000019bf7c9d680 JavaThread "DestroyJavaVM" [_thread_blocked, id=18312, stack(0x0000003fe3400000,0x0000003fe3500000)]

Other Threads:
  0x0000019bf7d17b10 VMThread "VM Thread" [stack: 0x0000003fe3a00000,0x0000003fe3b00000] [id=19056] _threads_hazard_ptr=0x0000019b9d7f5e60
  0x0000019b9cce44f0 WatcherThread "VM Periodic Task Thread" [stack: 0x0000003fe4600000,0x0000003fe4700000] [id=18504]
  0x0000019bf7cfae90 WorkerThread "GC Thread#0" [stack: 0x0000003fe3500000,0x0000003fe3600000] [id=8004]
  0x0000019b9dabb350 WorkerThread "GC Thread#1" [stack: 0x0000003fe4f00000,0x0000003fe5000000] [id=18912]
  0x0000019b9d907330 WorkerThread "GC Thread#2" [stack: 0x0000003fe5000000,0x0000003fe5100000] [id=12504]
  0x0000019b9d7a1ab0 WorkerThread "GC Thread#3" [stack: 0x0000003fe5100000,0x0000003fe5200000] [id=10460]
  0x0000019bf7d0c2a0 ConcurrentGCThread "G1 Main Marker" [stack: 0x0000003fe3600000,0x0000003fe3700000] [id=3648]
  0x0000019bf7d0e350 WorkerThread "G1 Conc#0" [stack: 0x0000003fe3700000,0x0000003fe3800000] [id=18700]
  0x0000019bf7d50e00 ConcurrentGCThread "G1 Refine#0" [stack: 0x0000003fe3800000,0x0000003fe3900000] [id=19300]
  0x0000019bf7d51620 ConcurrentGCThread "G1 Service" [stack: 0x0000003fe3900000,0x0000003fe3a00000] [id=18676]

Threads with active compile tasks:

VM state: synchronizing (normal execution)

VM Mutex/Monitor currently owned by a thread:  ([mutex/lock_event])
[0x0000019bf7b7c400] Metaspace_lock - owner thread: 0x0000019b9d68d1e0
[0x0000019bf7c9bba0] Threads_lock - owner thread: 0x0000019bf7d17b10

Heap address: 0x0000000085200000, size: 1966 MB, Compressed Oops mode: 32-bit

CDS archive(s) mapped at: [0x0000000800000000-0x0000000800ba0000-0x0000000800ba0000), size 12189696, SharedBaseAddress: 0x0000000800000000, ArchiveRelocationMode: 0.
Compressed class space mapped at: 0x0000000800c00000-0x0000000840c00000, reserved size: 1073741824
Narrow klass base: 0x0000000800000000, Narrow klass shift: 0, Narrow klass range: 0x100000000

GC Precious Log:
 CardTable entry size: 512
 Card Set container configuration: InlinePtr #cards 5 size 8 Array Of Cards #cards 12 size 40 Howl #buckets 4 coarsen threshold 1843 Howl Bitmap #cards 512 size 80 coarsen threshold 460 Card regions per heap region 1 cards per card region 2048
 CPUs: 4 total, 4 available
 Memory: 7862M
 Large Page Support: Disabled
 NUMA Support: Disabled
 Compressed Oops: Enabled (32-bit)
 Heap Region Size: 1M
 Heap Min Capacity: 8M
 Heap Initial Capacity: 124M
 Heap Max Capacity: 1966M
 Pre-touch: Disabled
 Parallel Workers: 4
 Concurrent Workers: 1
 Concurrent Refinement Workers: 4
 Periodic GC: Disabled

Heap:
 garbage-first heap   total 126976K, used 12960K [0x0000000085200000, 0x0000000100000000)
  region size 1024K, 5 young (5120K), 2 survivors (2048K)
 Metaspace       used 7809K, committed 8000K, reserved 1114112K
  class space    used 868K, committed 1024K, reserved 1048576K

Heap Regions: E=young(eden), S=young(survivor), O=old, HS=humongous(starts), HC=humongous(continues), CS=collection set, F=free, OA=open archive, CA=closed archive, TAMS=top-at-mark-start (previous, next)
|   0|0x0000000085200000, 0x00000000852a8000, 0x0000000085300000| 65%| O|  |TAMS 0x0000000085200000, 0x0000000085200000| Untracked 
|   1|0x0000000085300000, 0x0000000085400000, 0x0000000085400000|100%|HS|  |TAMS 0x0000000085300000, 0x0000000085300000| Complete 
|   2|0x0000000085400000, 0x0000000085500000, 0x0000000085500000|100%|HC|  |TAMS 0x0000000085400000, 0x0000000085400000| Complete 
|   3|0x0000000085500000, 0x0000000085600000, 0x0000000085600000|100%|HC|  |TAMS 0x0000000085500000, 0x0000000085500000| Complete 
|   4|0x0000000085600000, 0x0000000085700000, 0x0000000085700000|100%|HC|  |TAMS 0x0000000085600000, 0x0000000085600000| Complete 
|   5|0x0000000085700000, 0x0000000085800000, 0x0000000085800000|100%|HC|  |TAMS 0x0000000085700000, 0x0000000085700000| Complete 
|   6|0x0000000085800000, 0x0000000085900000, 0x0000000085900000|100%|HC|  |TAMS 0x0000000085800000, 0x0000000085800000| Complete 
|   7|0x0000000085900000, 0x0000000085a00000, 0x0000000085a00000|100%|HC|  |TAMS 0x0000000085900000, 0x0000000085900000| Complete 
|   8|0x0000000085a00000, 0x0000000085b00000, 0x0000000085b00000|100%|HC|  |TAMS 0x0000000085a00000, 0x0000000085a00000| Complete 
|   9|0x0000000085b00000, 0x0000000085b00000, 0x0000000085c00000|  0%| F|  |TAMS 0x0000000085b00000, 0x0000000085b00000| Untracked 
|  10|0x0000000085c00000, 0x0000000085c00000, 0x0000000085d00000|  0%| F|  |TAMS 0x0000000085c00000, 0x0000000085c00000| Untracked 
|  11|0x0000000085d00000, 0x0000000085d00000, 0x0000000085e00000|  0%| F|  |TAMS 0x0000000085d00000, 0x0000000085d00000| Untracked 
|  12|0x0000000085e00000, 0x0000000085e00000, 0x0000000085f00000|  0%| F|  |TAMS 0x0000000085e00000, 0x0000000085e00000| Untracked 
|  13|0x0000000085f00000, 0x0000000085f00000, 0x0000000086000000|  0%| F|  |TAMS 0x0000000085f00000, 0x0000000085f00000| Untracked 
|  14|0x0000000086000000, 0x0000000086000000, 0x0000000086100000|  0%| F|  |TAMS 0x0000000086000000, 0x0000000086000000| Untracked 
|  15|0x0000000086100000, 0x0000000086100000, 0x0000000086200000|  0%| F|  |TAMS 0x0000000086100000, 0x0000000086100000| Untracked 
|  16|0x0000000086200000, 0x0000000086200000, 0x0000000086300000|  0%| F|  |TAMS 0x0000000086200000, 0x0000000086200000| Untracked 
|  17|0x0000000086300000, 0x0000000086300000, 0x0000000086400000|  0%| F|  |TAMS 0x0000000086300000, 0x0000000086300000| Untracked 
|  18|0x0000000086400000, 0x0000000086400000, 0x0000000086500000|  0%| F|  |TAMS 0x0000000086400000, 0x0000000086400000| Untracked 
|  19|0x0000000086500000, 0x0000000086500000, 0x0000000086600000|  0%| F|  |TAMS 0x0000000086500000, 0x0000000086500000| Untracked 
|  20|0x0000000086600000, 0x0000000086600000, 0x0000000086700000|  0%| F|  |TAMS 0x0000000086600000, 0x0000000086600000| Untracked 
|  21|0x0000000086700000, 0x0000000086700000, 0x0000000086800000|  0%| F|  |TAMS 0x0000000086700000, 0x0000000086700000| Untracked 
|  22|0x0000000086800000, 0x0000000086800000, 0x0000000086900000|  0%| F|  |TAMS 0x0000000086800000, 0x0000000086800000| Untracked 
|  23|0x0000000086900000, 0x0000000086900000, 0x0000000086a00000|  0%| F|  |TAMS 0x0000000086900000, 0x0000000086900000| Untracked 
|  24|0x0000000086a00000, 0x0000000086a00000, 0x0000000086b00000|  0%| F|  |TAMS 0x0000000086a00000, 0x0000000086a00000| Untracked 
|  25|0x0000000086b00000, 0x0000000086b00000, 0x0000000086c00000|  0%| F|  |TAMS 0x0000000086b00000, 0x0000000086b00000| Untracked 
|  26|0x0000000086c00000, 0x0000000086c00000, 0x0000000086d00000|  0%| F|  |TAMS 0x0000000086c00000, 0x0000000086c00000| Untracked 
|  27|0x0000000086d00000, 0x0000000086d00000, 0x0000000086e00000|  0%| F|  |TAMS 0x0000000086d00000, 0x0000000086d00000| Untracked 
|  28|0x0000000086e00000, 0x0000000086e00000, 0x0000000086f00000|  0%| F|  |TAMS 0x0000000086e00000, 0x0000000086e00000| Untracked 
|  29|0x0000000086f00000, 0x0000000086f00000, 0x0000000087000000|  0%| F|  |TAMS 0x0000000086f00000, 0x0000000086f00000| Untracked 
|  30|0x0000000087000000, 0x0000000087000000, 0x0000000087100000|  0%| F|  |TAMS 0x0000000087000000, 0x0000000087000000| Untracked 
|  31|0x0000000087100000, 0x0000000087100000, 0x0000000087200000|  0%| F|  |TAMS 0x0000000087100000, 0x0000000087100000| Untracked 
|  32|0x0000000087200000, 0x0000000087200000, 0x0000000087300000|  0%| F|  |TAMS 0x0000000087200000, 0x0000000087200000| Untracked 
|  33|0x0000000087300000, 0x0000000087300000, 0x0000000087400000|  0%| F|  |TAMS 0x0000000087300000, 0x0000000087300000| Untracked 
|  34|0x0000000087400000, 0x0000000087400000, 0x0000000087500000|  0%| F|  |TAMS 0x0000000087400000, 0x0000000087400000| Untracked 
|  35|0x0000000087500000, 0x0000000087500000, 0x0000000087600000|  0%| F|  |TAMS 0x0000000087500000, 0x0000000087500000| Untracked 
|  36|0x0000000087600000, 0x0000000087600000, 0x0000000087700000|  0%| F|  |TAMS 0x0000000087600000, 0x0000000087600000| Untracked 
|  37|0x0000000087700000, 0x0000000087700000, 0x0000000087800000|  0%| F|  |TAMS 0x0000000087700000, 0x0000000087700000| Untracked 
|  38|0x0000000087800000, 0x0000000087800000, 0x0000000087900000|  0%| F|  |TAMS 0x0000000087800000, 0x0000000087800000| Untracked 
|  39|0x0000000087900000, 0x0000000087900000, 0x0000000087a00000|  0%| F|  |TAMS 0x0000000087900000, 0x0000000087900000| Untracked 
|  40|0x0000000087a00000, 0x0000000087a00000, 0x0000000087b00000|  0%| F|  |TAMS 0x0000000087a00000, 0x0000000087a00000| Untracked 
|  41|0x0000000087b00000, 0x0000000087b00000, 0x0000000087c00000|  0%| F|  |TAMS 0x0000000087b00000, 0x0000000087b00000| Untracked 
|  42|0x0000000087c00000, 0x0000000087c00000, 0x0000000087d00000|  0%| F|  |TAMS 0x0000000087c00000, 0x0000000087c00000| Untracked 
|  43|0x0000000087d00000, 0x0000000087d00000, 0x0000000087e00000|  0%| F|  |TAMS 0x0000000087d00000, 0x0000000087d00000| Untracked 
|  44|0x0000000087e00000, 0x0000000087e00000, 0x0000000087f00000|  0%| F|  |TAMS 0x0000000087e00000, 0x0000000087e00000| Untracked 
|  45|0x0000000087f00000, 0x0000000087f00000, 0x0000000088000000|  0%| F|  |TAMS 0x0000000087f00000, 0x0000000087f00000| Untracked 
|  46|0x0000000088000000, 0x0000000088000000, 0x0000000088100000|  0%| F|  |TAMS 0x0000000088000000, 0x0000000088000000| Untracked 
|  47|0x0000000088100000, 0x0000000088100000, 0x0000000088200000|  0%| F|  |TAMS 0x0000000088100000, 0x0000000088100000| Untracked 
|  48|0x0000000088200000, 0x0000000088200000, 0x0000000088300000|  0%| F|  |TAMS 0x0000000088200000, 0x0000000088200000| Untracked 
|  49|0x0000000088300000, 0x0000000088300000, 0x0000000088400000|  0%| F|  |TAMS 0x0000000088300000, 0x0000000088300000| Untracked 
|  50|0x0000000088400000, 0x0000000088400000, 0x0000000088500000|  0%| F|  |TAMS 0x0000000088400000, 0x0000000088400000| Untracked 
|  51|0x0000000088500000, 0x0000000088500000, 0x0000000088600000|  0%| F|  |TAMS 0x0000000088500000, 0x0000000088500000| Untracked 
|  52|0x0000000088600000, 0x0000000088600000, 0x0000000088700000|  0%| F|  |TAMS 0x0000000088600000, 0x0000000088600000| Untracked 
|  53|0x0000000088700000, 0x0000000088700000, 0x0000000088800000|  0%| F|  |TAMS 0x0000000088700000, 0x0000000088700000| Untracked 
|  54|0x0000000088800000, 0x0000000088800000, 0x0000000088900000|  0%| F|  |TAMS 0x0000000088800000, 0x0000000088800000| Untracked 
|  55|0x0000000088900000, 0x0000000088900000, 0x0000000088a00000|  0%| F|  |TAMS 0x0000000088900000, 0x0000000088900000| Untracked 
|  56|0x0000000088a00000, 0x0000000088a00000, 0x0000000088b00000|  0%| F|  |TAMS 0x0000000088a00000, 0x0000000088a00000| Untracked 
|  57|0x0000000088b00000, 0x0000000088b00000, 0x0000000088c00000|  0%| F|  |TAMS 0x0000000088b00000, 0x0000000088b00000| Untracked 
|  58|0x0000000088c00000, 0x0000000088c00000, 0x0000000088d00000|  0%| F|  |TAMS 0x0000000088c00000, 0x0000000088c00000| Untracked 
|  59|0x0000000088d00000, 0x0000000088d00000, 0x0000000088e00000|  0%| F|  |TAMS 0x0000000088d00000, 0x0000000088d00000| Untracked 
|  60|0x0000000088e00000, 0x0000000088e00000, 0x0000000088f00000|  0%| F|  |TAMS 0x0000000088e00000, 0x0000000088e00000| Untracked 
|  61|0x0000000088f00000, 0x0000000088f00000, 0x0000000089000000|  0%| F|  |TAMS 0x0000000088f00000, 0x0000000088f00000| Untracked 
|  62|0x0000000089000000, 0x0000000089000000, 0x0000000089100000|  0%| F|  |TAMS 0x0000000089000000, 0x0000000089000000| Untracked 
|  63|0x0000000089100000, 0x0000000089100000, 0x0000000089200000|  0%| F|  |TAMS 0x0000000089100000, 0x0000000089100000| Untracked 
|  64|0x0000000089200000, 0x0000000089200000, 0x0000000089300000|  0%| F|  |TAMS 0x0000000089200000, 0x0000000089200000| Untracked 
|  65|0x0000000089300000, 0x0000000089300000, 0x0000000089400000|  0%| F|  |TAMS 0x0000000089300000, 0x0000000089300000| Untracked 
|  66|0x0000000089400000, 0x0000000089400000, 0x0000000089500000|  0%| F|  |TAMS 0x0000000089400000, 0x0000000089400000| Untracked 
|  67|0x0000000089500000, 0x0000000089500000, 0x0000000089600000|  0%| F|  |TAMS 0x0000000089500000, 0x0000000089500000| Untracked 
|  68|0x0000000089600000, 0x0000000089600000, 0x0000000089700000|  0%| F|  |TAMS 0x0000000089600000, 0x0000000089600000| Untracked 
|  69|0x0000000089700000, 0x0000000089700000, 0x0000000089800000|  0%| F|  |TAMS 0x0000000089700000, 0x0000000089700000| Untracked 
|  70|0x0000000089800000, 0x0000000089800000, 0x0000000089900000|  0%| F|  |TAMS 0x0000000089800000, 0x0000000089800000| Untracked 
|  71|0x0000000089900000, 0x0000000089900000, 0x0000000089a00000|  0%| F|  |TAMS 0x0000000089900000, 0x0000000089900000| Untracked 
|  72|0x0000000089a00000, 0x0000000089a00000, 0x0000000089b00000|  0%| F|  |TAMS 0x0000000089a00000, 0x0000000089a00000| Untracked 
|  73|0x0000000089b00000, 0x0000000089b00000, 0x0000000089c00000|  0%| F|  |TAMS 0x0000000089b00000, 0x0000000089b00000| Untracked 
|  74|0x0000000089c00000, 0x0000000089c00000, 0x0000000089d00000|  0%| F|  |TAMS 0x0000000089c00000, 0x0000000089c00000| Untracked 
|  75|0x0000000089d00000, 0x0000000089d00000, 0x0000000089e00000|  0%| F|  |TAMS 0x0000000089d00000, 0x0000000089d00000| Untracked 
|  76|0x0000000089e00000, 0x0000000089e00000, 0x0000000089f00000|  0%| F|  |TAMS 0x0000000089e00000, 0x0000000089e00000| Untracked 
|  77|0x0000000089f00000, 0x0000000089f00000, 0x000000008a000000|  0%| F|  |TAMS 0x0000000089f00000, 0x0000000089f00000| Untracked 
|  78|0x000000008a000000, 0x000000008a000000, 0x000000008a100000|  0%| F|  |TAMS 0x000000008a000000, 0x000000008a000000| Untracked 
|  79|0x000000008a100000, 0x000000008a100000, 0x000000008a200000|  0%| F|  |TAMS 0x000000008a100000, 0x000000008a100000| Untracked 
|  80|0x000000008a200000, 0x000000008a200000, 0x000000008a300000|  0%| F|  |TAMS 0x000000008a200000, 0x000000008a200000| Untracked 
|  81|0x000000008a300000, 0x000000008a300000, 0x000000008a400000|  0%| F|  |TAMS 0x000000008a300000, 0x000000008a300000| Untracked 
|  82|0x000000008a400000, 0x000000008a400000, 0x000000008a500000|  0%| F|  |TAMS 0x000000008a400000, 0x000000008a400000| Untracked 
|  83|0x000000008a500000, 0x000000008a500000, 0x000000008a600000|  0%| F|  |TAMS 0x000000008a500000, 0x000000008a500000| Untracked 
|  84|0x000000008a600000, 0x000000008a600000, 0x000000008a700000|  0%| F|  |TAMS 0x000000008a600000, 0x000000008a600000| Untracked 
|  85|0x000000008a700000, 0x000000008a700000, 0x000000008a800000|  0%| F|  |TAMS 0x000000008a700000, 0x000000008a700000| Untracked 
|  86|0x000000008a800000, 0x000000008a800000, 0x000000008a900000|  0%| F|  |TAMS 0x000000008a800000, 0x000000008a800000| Untracked 
|  87|0x000000008a900000, 0x000000008a900000, 0x000000008aa00000|  0%| F|  |TAMS 0x000000008a900000, 0x000000008a900000| Untracked 
|  88|0x000000008aa00000, 0x000000008aa00000, 0x000000008ab00000|  0%| F|  |TAMS 0x000000008aa00000, 0x000000008aa00000| Untracked 
|  89|0x000000008ab00000, 0x000000008ab00000, 0x000000008ac00000|  0%| F|  |TAMS 0x000000008ab00000, 0x000000008ab00000| Untracked 
|  90|0x000000008ac00000, 0x000000008ac00000, 0x000000008ad00000|  0%| F|  |TAMS 0x000000008ac00000, 0x000000008ac00000| Untracked 
|  91|0x000000008ad00000, 0x000000008ad00000, 0x000000008ae00000|  0%| F|  |TAMS 0x000000008ad00000, 0x000000008ad00000| Untracked 
|  92|0x000000008ae00000, 0x000000008ae00000, 0x000000008af00000|  0%| F|  |TAMS 0x000000008ae00000, 0x000000008ae00000| Untracked 
|  93|0x000000008af00000, 0x000000008af00000, 0x000000008b000000|  0%| F|  |TAMS 0x000000008af00000, 0x000000008af00000| Untracked 
|  94|0x000000008b000000, 0x000000008b000000, 0x000000008b100000|  0%| F|  |TAMS 0x000000008b000000, 0x000000008b000000| Untracked 
|  95|0x000000008b100000, 0x000000008b100000, 0x000000008b200000|  0%| F|  |TAMS 0x000000008b100000, 0x000000008b100000| Untracked 
|  96|0x000000008b200000, 0x000000008b200000, 0x000000008b300000|  0%| F|  |TAMS 0x000000008b200000, 0x000000008b200000| Untracked 
|  97|0x000000008b300000, 0x000000008b300000, 0x000000008b400000|  0%| F|  |TAMS 0x000000008b300000, 0x000000008b300000| Untracked 
|  98|0x000000008b400000, 0x000000008b400000, 0x000000008b500000|  0%| F|  |TAMS 0x000000008b400000, 0x000000008b400000| Untracked 
|  99|0x000000008b500000, 0x000000008b500000, 0x000000008b600000|  0%| F|  |TAMS 0x000000008b500000, 0x000000008b500000| Untracked 
| 100|0x000000008b600000, 0x000000008b600000, 0x000000008b700000|  0%| F|  |TAMS 0x000000008b600000, 0x000000008b600000| Untracked 
| 101|0x000000008b700000, 0x000000008b700000, 0x000000008b800000|  0%| F|  |TAMS 0x000000008b700000, 0x000000008b700000| Untracked 
| 102|0x000000008b800000, 0x000000008b800000, 0x000000008b900000|  0%| F|  |TAMS 0x000000008b800000, 0x000000008b800000| Untracked 
| 103|0x000000008b900000, 0x000000008b900000, 0x000000008ba00000|  0%| F|  |TAMS 0x000000008b900000, 0x000000008b900000| Untracked 
| 104|0x000000008ba00000, 0x000000008ba00000, 0x000000008bb00000|  0%| F|  |TAMS 0x000000008ba00000, 0x000000008ba00000| Untracked 
| 105|0x000000008bb00000, 0x000000008bb00000, 0x000000008bc00000|  0%| F|  |TAMS 0x000000008bb00000, 0x000000008bb00000| Untracked 
| 106|0x000000008bc00000, 0x000000008bc00000, 0x000000008bd00000|  0%| F|  |TAMS 0x000000008bc00000, 0x000000008bc00000| Untracked 
| 107|0x000000008bd00000, 0x000000008bd00000, 0x000000008be00000|  0%| F|  |TAMS 0x000000008bd00000, 0x000000008bd00000| Untracked 
| 108|0x000000008be00000, 0x000000008be00000, 0x000000008bf00000|  0%| F|  |TAMS 0x000000008be00000, 0x000000008be00000| Untracked 
| 109|0x000000008bf00000, 0x000000008c000000, 0x000000008c000000|100%| S|CS|TAMS 0x000000008bf00000, 0x000000008bf00000| Complete 
| 110|0x000000008c000000, 0x000000008c100000, 0x000000008c100000|100%| S|CS|TAMS 0x000000008c000000, 0x000000008c000000| Complete 
| 111|0x000000008c100000, 0x000000008c100000, 0x000000008c200000|  0%| F|  |TAMS 0x000000008c100000, 0x000000008c100000| Untracked 
| 112|0x000000008c200000, 0x000000008c200000, 0x000000008c300000|  0%| F|  |TAMS 0x000000008c200000, 0x000000008c200000| Untracked 
| 113|0x000000008c300000, 0x000000008c300000, 0x000000008c400000|  0%| F|  |TAMS 0x000000008c300000, 0x000000008c300000| Untracked 
| 114|0x000000008c400000, 0x000000008c400000, 0x000000008c500000|  0%| F|  |TAMS 0x000000008c400000, 0x000000008c400000| Untracked 
| 115|0x000000008c500000, 0x000000008c500000, 0x000000008c600000|  0%| F|  |TAMS 0x000000008c500000, 0x000000008c500000| Untracked 
| 116|0x000000008c600000, 0x000000008c600000, 0x000000008c700000|  0%| F|  |TAMS 0x000000008c600000, 0x000000008c600000| Untracked 
| 117|0x000000008c700000, 0x000000008c700000, 0x000000008c800000|  0%| F|  |TAMS 0x000000008c700000, 0x000000008c700000| Untracked 
| 118|0x000000008c800000, 0x000000008c800000, 0x000000008c900000|  0%| F|  |TAMS 0x000000008c800000, 0x000000008c800000| Untracked 
| 119|0x000000008c900000, 0x000000008c900000, 0x000000008ca00000|  0%| F|  |TAMS 0x000000008c900000, 0x000000008c900000| Untracked 
| 120|0x000000008ca00000, 0x000000008ca00000, 0x000000008cb00000|  0%| F|  |TAMS 0x000000008ca00000, 0x000000008ca00000| Untracked 
| 121|0x000000008cb00000, 0x000000008cb49a30, 0x000000008cc00000| 28%| E|  |TAMS 0x000000008cb00000, 0x000000008cb00000| Complete 
| 122|0x000000008cc00000, 0x000000008cd00000, 0x000000008cd00000|100%| E|CS|TAMS 0x000000008cc00000, 0x000000008cc00000| Complete 
| 123|0x000000008cd00000, 0x000000008ce00000, 0x000000008ce00000|100%| E|CS|TAMS 0x000000008cd00000, 0x000000008cd00000| Complete 

Card table byte_map: [0x0000019bf9f90000,0x0000019bfa370000] _byte_map_base: 0x0000019bf9b67000

Marking Bits (Prev, Next): (CMBitMap*) 0x0000019bf7cfc3b0, (CMBitMap*) 0x0000019bf7cfc3f0
 Prev Bits: [0x0000019bfa750000, 0x0000019bfc608000)
 Next Bits: [0x0000019bfc610000, 0x0000019bfe4c8000)

Polling page: 0x0000019bf7b00000

Metaspace:

Usage:
  Non-class:      6.78 MB used.
      Class:    868.23 KB used.
       Both:      7.63 MB used.

Virtual space:
  Non-class space:       64.00 MB reserved,       6.81 MB ( 11%) committed,  1 nodes.
      Class space:        1.00 GB reserved,       1.00 MB ( <1%) committed,  1 nodes.
             Both:        1.06 GB reserved,       7.81 MB ( <1%) committed. 

Chunk freelists:
   Non-Class:  1.00 MB
       Class:  3.06 MB
        Both:  4.06 MB

MaxMetaspaceSize: unlimited
CompressedClassSpaceSize: 1.00 GB
Initial GC threshold: 21.00 MB
Current GC threshold: 21.00 MB
CDS: on
MetaspaceReclaimPolicy: balanced
 - commit_granule_bytes: 65536.
 - commit_granule_words: 8192.
 - virtual_space_node_default_size: 8388608.
 - enlarge_chunks_in_place: 1.
 - new_chunks_are_fully_committed: 0.
 - uncommit_free_chunks: 1.
 - use_allocation_guard: 0.


Internal statistics:

num_allocs_failed_limit: 0.
num_arena_births: 116.
num_arena_deaths: 0.
num_vsnodes_births: 2.
num_vsnodes_deaths: 0.
num_space_committed: 125.
num_space_uncommitted: 0.
num_chunks_returned_to_freelist: 0.
num_chunks_taken_from_freelist: 163.
num_chunk_merges: 0.
num_chunk_splits: 89.
num_chunks_enlarged: 24.
num_inconsistent_stats: 0.

CodeHeap 'non-profiled nmethods': size=120000Kb used=343Kb max_used=343Kb free=119656Kb
 bounds [0x0000019b8f340000, 0x0000019b8f5b0000, 0x0000019b96870000]
CodeHeap 'profiled nmethods': size=120000Kb used=1850Kb max_used=1850Kb free=118150Kb
 bounds [0x0000019b87e10000, 0x0000019b88080000, 0x0000019b8f340000]
CodeHeap 'non-nmethods': size=5760Kb used=1281Kb max_used=1292Kb free=4479Kb
 bounds [0x0000019b87870000, 0x0000019b87ae0000, 0x0000019b87e10000]
 total_blobs=1744 nmethods=1147 adapters=510
 compilation: enabled
              stopped_count=0, restarted_count=0
 full_count=0

Compilation events (20 events):
Event: 4.432 Thread 0x0000019bfea80690 1138       3       java.awt.EventQueue::noEvents (29 bytes)
Event: 4.432 Thread 0x0000019bfea80690 nmethod 1138 0x0000019b87fdb410 code [0x0000019b87fdb5c0, 0x0000019b87fdb818]
Event: 4.448 Thread 0x0000019bfea80690 1139   !   3       sun.awt.AWTAutoShutdown::notifyThreadBusy (88 bytes)
Event: 4.448 Thread 0x0000019bfea80690 nmethod 1139 0x0000019b87fdb910 code [0x0000019b87fdbb00, 0x0000019b87fdc078]
Event: 4.463 Thread 0x0000019bfea80690 1140       3       java.util.concurrent.locks.AbstractQueuedSynchronizer$Node::getAndUnsetStatus (14 bytes)
Event: 4.464 Thread 0x0000019bfea80690 nmethod 1140 0x0000019b87fdc390 code [0x0000019b87fdc540, 0x0000019b87fdc808]
Event: 4.518 Thread 0x0000019bfea80690 1141       3       java.awt.EventQueue::uncacheEQItem (53 bytes)
Event: 4.519 Thread 0x0000019bfea80690 nmethod 1141 0x0000019b87fdc910 code [0x0000019b87fdcb00, 0x0000019b87fdd208]
Event: 4.552 Thread 0x0000019bfea80690 1142       3       java.awt.Component::isEnabled (5 bytes)
Event: 4.552 Thread 0x0000019bfea80690 nmethod 1142 0x0000019b87fdd390 code [0x0000019b87fdd520, 0x0000019b87fdd658]
Event: 5.152 Thread 0x0000019bfea7cd80 1143       4       java.util.ArrayList$Itr::next (66 bytes)
Event: 5.154 Thread 0x0000019bfea7cd80 nmethod 1143 0x0000019b8f395190 code [0x0000019b8f395320, 0x0000019b8f395458]
Event: 5.927 Thread 0x0000019bfea7cd80 1144       4       jdk.internal.logger.SurrogateLogger::defaultPlatformLevel (4 bytes)
Event: 5.927 Thread 0x0000019bfea7cd80 nmethod 1144 0x0000019b8f395590 code [0x0000019b8f395700, 0x0000019b8f395778]
Event: 23.789 Thread 0x0000019bfea80690 1145       3       java.util.ArrayList::toArray (57 bytes)
Event: 23.790 Thread 0x0000019bfea80690 nmethod 1145 0x0000019b87fdd710 code [0x0000019b87fdd8e0, 0x0000019b87fdde58]
Event: 27.440 Thread 0x0000019bfea80690 1147       3       sun.java2d.d3d.D3DSurfaceData$D3DWindowSurfaceData::isDirty (18 bytes)
Event: 27.441 Thread 0x0000019bfea80690 nmethod 1147 0x0000019b87fddf90 code [0x0000019b87fde140, 0x0000019b87fde368]
Event: 27.441 Thread 0x0000019bfea80690 1148       3       sun.java2d.StateTrackableDelegate$1::isCurrent (17 bytes)
Event: 27.441 Thread 0x0000019bfea80690 nmethod 1148 0x0000019b87fde410 code [0x0000019b87fde5a0, 0x0000019b87fde718]

GC Heap History (2 events):
Event: 0.690 GC heap before
{Heap before GC invocations=0 (full 0):
 garbage-first heap   total 126976K, used 13312K [0x0000000085200000, 0x0000000100000000)
  region size 1024K, 13 young (13312K), 0 survivors (0K)
 Metaspace       used 6579K, committed 6784K, reserved 1114112K
  class space    used 733K, committed 832K, reserved 1048576K
}
Event: 0.693 GC heap after
{Heap after GC invocations=1 (full 0):
 garbage-first heap   total 126976K, used 2720K [0x0000000085200000, 0x0000000100000000)
  region size 1024K, 2 young (2048K), 2 survivors (2048K)
 Metaspace       used 6579K, committed 6784K, reserved 1114112K
  class space    used 733K, committed 832K, reserved 1048576K
}

Deoptimization events (20 events):
Event: 0.382 Thread 0x0000019bf7c9d680 DEOPT PACKING pc=0x0000019b8f34b9b4 sp=0x0000003fe34fe840
Event: 0.383 Thread 0x0000019bf7c9d680 DEOPT UNPACKING pc=0x0000019b878c23a3 sp=0x0000003fe34fe7c8 mode 2
Event: 0.496 Thread 0x0000019b9d68d1e0 Uncommon trap: trap_request=0xffffff45 fr.pc=0x0000019b8f362ddc relative=0x00000000000008dc
Event: 0.496 Thread 0x0000019b9d68d1e0 Uncommon trap: reason=unstable_if action=reinterpret pc=0x0000019b8f362ddc method=java.util.HashMap.putVal(ILjava/lang/Object;Ljava/lang/Object;ZZ)Ljava/lang/Object; @ 181 c2
Event: 0.496 Thread 0x0000019b9d68d1e0 DEOPT PACKING pc=0x0000019b8f362ddc sp=0x0000003fe4cfcdc0
Event: 0.496 Thread 0x0000019b9d68d1e0 DEOPT UNPACKING pc=0x0000019b878c23a3 sp=0x0000003fe4cfcd60 mode 2
Event: 0.498 Thread 0x0000019b9d68d1e0 Uncommon trap: trap_request=0xffffff45 fr.pc=0x0000019b8f369c48 relative=0x0000000000000488
Event: 0.498 Thread 0x0000019b9d68d1e0 Uncommon trap: reason=unstable_if action=reinterpret pc=0x0000019b8f369c48 method=java.lang.StringLatin1.toLowerCase(Ljava/lang/String;[BLjava/util/Locale;)Ljava/lang/String; @ 43 c2
Event: 0.498 Thread 0x0000019b9d68d1e0 DEOPT PACKING pc=0x0000019b8f369c48 sp=0x0000003fe4cfd040
Event: 0.499 Thread 0x0000019b9d68d1e0 DEOPT UNPACKING pc=0x0000019b878c23a3 sp=0x0000003fe4cfcfb0 mode 2
Event: 0.605 Thread 0x0000019b9d68d1e0 DEOPT PACKING pc=0x0000019b87e221e7 sp=0x0000003fe4cfc8b0
Event: 0.605 Thread 0x0000019b9d68d1e0 DEOPT UNPACKING pc=0x0000019b878c2b43 sp=0x0000003fe4cfbcd0 mode 0
Event: 0.644 Thread 0x0000019b9d68d1e0 Uncommon trap: trap_request=0xffffff45 fr.pc=0x0000019b8f349630 relative=0x00000000000001b0
Event: 0.644 Thread 0x0000019b9d68d1e0 Uncommon trap: reason=unstable_if action=reinterpret pc=0x0000019b8f349630 method=java.lang.String.isLatin1()Z @ 10 c2
Event: 0.644 Thread 0x0000019b9d68d1e0 DEOPT PACKING pc=0x0000019b8f349630 sp=0x0000003fe4cfd090
Event: 0.644 Thread 0x0000019b9d68d1e0 DEOPT UNPACKING pc=0x0000019b878c23a3 sp=0x0000003fe4cfcfc0 mode 2
Event: 0.664 Thread 0x0000019b9d68d1e0 Uncommon trap: trap_request=0xffffff45 fr.pc=0x0000019b8f379c2c relative=0x000000000000036c
Event: 0.664 Thread 0x0000019b9d68d1e0 Uncommon trap: reason=unstable_if action=reinterpret pc=0x0000019b8f379c2c method=java.lang.Character.isSurrogate(C)Z @ 3 c2
Event: 0.664 Thread 0x0000019b9d68d1e0 DEOPT PACKING pc=0x0000019b8f379c2c sp=0x0000003fe4cfcd60
Event: 0.664 Thread 0x0000019b9d68d1e0 DEOPT UNPACKING pc=0x0000019b878c23a3 sp=0x0000003fe4cfcc78 mode 2

Classes loaded (20 events):
Event: 240.537 Loading class java/util/WeakHashMap$KeyIterator
Event: 240.537 Loading class java/util/WeakHashMap$HashIterator
Event: 240.537 Loading class java/util/WeakHashMap$HashIterator done
Event: 240.537 Loading class java/util/WeakHashMap$KeyIterator done
Event: 240.538 Loading class java/awt/image/Raster
Event: 240.538 Loading class java/awt/image/Raster done
Event: 240.539 Loading class java/awt/image/DataBufferInt
Event: 240.539 Loading class java/awt/image/DataBuffer
Event: 240.539 Loading class java/awt/image/DataBuffer done
Event: 240.539 Loading class java/awt/image/DataBufferInt done
Event: 240.539 Loading class java/awt/image/DataBuffer$1
Event: 240.539 Loading class sun/awt/image/SunWritableRaster$DataStealer
Event: 240.539 Loading class sun/awt/image/SunWritableRaster$DataStealer done
Event: 240.539 Loading class java/awt/image/DataBuffer$1 done
Event: 240.539 Loading class sun/awt/image/SunWritableRaster
Event: 240.539 Loading class java/awt/image/WritableRaster
Event: 240.539 Loading class java/awt/image/WritableRaster done
Event: 240.539 Loading class sun/awt/image/SunWritableRaster done
Event: 240.546 Loading class java/awt/image/SinglePixelPackedSampleModel
Event: 240.546 Loading class java/awt/image/SampleModel

Classes unloaded (0 events):
No events

Classes redefined (0 events):
No events

Internal exceptions (14 events):
Event: 0.083 Thread 0x0000019bf7c9d680 Exception <a 'java/lang/NoSuchMethodError'{0x000000008cc2a0e0}: 'void java.lang.invoke.DirectMethodHandle$Holder.invokeVirtual(java.lang.Object, java.lang.Object)'> (0x000000008cc2a0e0) 
thrown [s\open\src\hotspot\share\interpreter\linkResolver.cpp, line 759]
Event: 0.120 Thread 0x0000019bf7c9d680 Exception <a 'sun/nio/fs/WindowsException'{0x000000008ccbf868}> (0x000000008ccbf868) 
thrown [s\open\src\hotspot\share\prims\jni.cpp, line 516]
Event: 0.128 Thread 0x0000019bf7c9d680 Exception <a 'java/lang/ClassNotFoundException'{0x000000008cce8e60}: sun/awt/resources/spi/awtProvider> (0x000000008cce8e60) 
thrown [s\open\src\hotspot\share\classfile\systemDictionary.cpp, line 255]
Event: 0.148 Thread 0x0000019bf7c9d680 Exception <a 'java/io/FileNotFoundException'{0x000000008cb3bec8}> (0x000000008cb3bec8) 
thrown [s\open\src\hotspot\share\prims\jni.cpp, line 516]
Event: 0.154 Thread 0x0000019bf7c9d680 Exception <a 'java/io/FileNotFoundException'{0x000000008cb690a8}> (0x000000008cb690a8) 
thrown [s\open\src\hotspot\share\prims\jni.cpp, line 516]
Event: 0.186 Thread 0x0000019bf7c9d680 Exception <a 'java/lang/NoSuchMethodError'{0x000000008cbad810}: 'java.lang.Object java.lang.invoke.DirectMethodHandle$Holder.invokeStaticInit(java.lang.Object)'> (0x000000008cbad810) 
thrown [s\open\src\hotspot\share\interpreter\linkResolver.cpp, line 759]
Event: 0.343 Thread 0x0000019bf7c9d680 Exception <a 'java/lang/NoSuchMethodError'{0x000000008ca2fc78}: 'void java.lang.invoke.DirectMethodHandle$Holder.invokeSpecial(java.lang.Object, java.lang.Object, java.lang.Object)'> (0x000000008ca2fc78) 
thrown [s\open\src\hotspot\share\interpreter\linkResolver.cpp, line 759]
Event: 0.352 Thread 0x0000019bf7c9d680 Exception <a 'java/lang/NoSuchMethodError'{0x000000008ca5b2a0}: 'java.lang.Object java.lang.invoke.DirectMethodHandle$Holder.newInvokeSpecial(java.lang.Object, java.lang.Object, java.lang.Object, java.lang.Object, java.lang.Object)'> (0x000000008ca5b2a0) 
thrown [s\open\src\hotspot\share\interpreter\linkResolver.cpp, line 759]
Event: 0.359 Thread 0x0000019bf7c9d680 Exception <a 'java/lang/NoSuchMethodError'{0x000000008ca8cff0}: 'java.lang.Object java.lang.invoke.DirectMethodHandle$Holder.invokeStatic(java.lang.Object, int, java.lang.Object)'> (0x000000008ca8cff0) 
thrown [s\open\src\hotspot\share\interpreter\linkResolver.cpp, line 759]
Event: 0.381 Thread 0x0000019bf7c9d680 Exception <a 'java/lang/ClassNotFoundException'{0x000000008c94a0d0}: com/sun/swing/internal/plaf/metal/resources/spi/metalProvider> (0x000000008c94a0d0) 
thrown [s\open\src\hotspot\share\classfile\systemDictionary.cpp, line 255]
Event: 0.383 Thread 0x0000019bf7c9d680 Exception <a 'java/lang/ClassNotFoundException'{0x000000008c94e0b8}: com/sun/swing/internal/plaf/basic/resources/spi/basicProvider> (0x000000008c94e0b8) 
thrown [s\open\src\hotspot\share\classfile\systemDictionary.cpp, line 255]
Event: 0.392 Thread 0x0000019bf7c9d680 Exception <a 'java/lang/NoSuchMethodError'{0x000000008c96e460}: 'int java.lang.invoke.Invokers$Holder.invokeExact_MT(java.lang.Object, java.lang.Object)'> (0x000000008c96e460) 
thrown [s\open\src\hotspot\share\interpreter\linkResolver.cpp, line 759]
Event: 0.414 Thread 0x0000019bf7c9d680 Exception <a 'java/lang/NoSuchMethodError'{0x000000008c9dbf88}: 'void java.lang.invoke.DirectMethodHandle$Holder.invokeStaticInit(java.lang.Object)'> (0x000000008c9dbf88) 
thrown [s\open\src\hotspot\share\interpreter\linkResolver.cpp, line 759]
Event: 0.443 Thread 0x0000019bf7c9d680 Exception <a 'sun/nio/fs/WindowsException'{0x000000008c831b08}> (0x000000008c831b08) 
thrown [s\open\src\hotspot\share\prims\jni.cpp, line 516]

VM Operations (18 events):
Event: 0.406 Executing VM operation: HandshakeAllThreads
Event: 0.406 Executing VM operation: HandshakeAllThreads done
Event: 0.464 Executing VM operation: HandshakeAllThreads
Event: 0.464 Executing VM operation: HandshakeAllThreads done
Event: 0.690 Executing VM operation: G1CollectForAllocation
Event: 0.693 Executing VM operation: G1CollectForAllocation done
Event: 0.708 Executing VM operation: HandshakeAllThreads
Event: 0.708 Executing VM operation: HandshakeAllThreads done
Event: 0.708 Executing VM operation: HandshakeAllThreads
Event: 0.708 Executing VM operation: HandshakeAllThreads done
Event: 1.709 Executing VM operation: Cleanup
Event: 1.709 Executing VM operation: Cleanup done
Event: 2.720 Executing VM operation: Cleanup
Event: 2.720 Executing VM operation: Cleanup done
Event: 3.731 Executing VM operation: Cleanup
Event: 3.731 Executing VM operation: Cleanup done
Event: 4.740 Executing VM operation: Cleanup
Event: 4.740 Executing VM operation: Cleanup done

Events (20 events):
Event: 0.039 Thread 0x0000019bfea80690 Thread added: 0x0000019bfea80690
Event: 0.039 Thread 0x0000019bfea91740 Thread added: 0x0000019bfea91740
Event: 0.064 Thread 0x0000019b9cc73220 Thread added: 0x0000019b9cc73220
Event: 0.070 Loaded shared library C:\Program Files\Java\jdk-18.0.2\bin\net.dll
Event: 0.072 Loaded shared library C:\Program Files\Java\jdk-18.0.2\bin\nio.dll
Event: 0.106 Thread 0x0000019b9ccdc020 Thread added: 0x0000019b9ccdc020
Event: 0.118 Loaded shared library C:\Program Files\Java\jdk-18.0.2\bin\jimage.dll
Event: 0.125 Loaded shared library C:\Program Files\Java\jdk-18.0.2\bin\zip.dll
Event: 0.137 Loaded shared library C:\Program Files\Java\jdk-18.0.2\bin\awt.dll
Event: 0.188 Thread 0x0000019b9cdd1600 Thread added: 0x0000019b9cdd1600
Event: 0.189 Thread 0x0000019b9cdd1ac0 Thread added: 0x0000019b9cdd1ac0
Event: 0.189 Thread 0x0000019b9cdd31a0 Thread added: 0x0000019b9cdd31a0
Event: 0.402 Thread 0x0000019b9d68d1e0 Thread added: 0x0000019b9d68d1e0
Event: 0.418 Loaded shared library C:\Program Files\Java\jdk-18.0.2\bin\freetype.dll
Event: 0.420 Loaded shared library C:\Program Files\Java\jdk-18.0.2\bin\fontmanager.dll
Event: 0.474 Thread 0x0000019b9d6feed0 Thread added: 0x0000019b9d6feed0
Event: 0.511 Thread 0x0000019b9d823f30 Thread added: 0x0000019b9d823f30
Event: 0.776 Thread 0x0000019bf7c9d680 Thread exited: 0x0000019bf7c9d680
Event: 0.776 Thread 0x0000019bf7c9d680 Thread added: 0x0000019bf7c9d680
Event: 0.937 Thread 0x0000019b9d823f30 Thread exited: 0x0000019b9d823f30


Dynamic libraries:
0x00007ff77ec40000 - 0x00007ff77ec50000 	C:\Program Files\Java\jdk-18.0.2\bin\javaw.exe
0x00007ff958610000 - 0x00007ff958808000 	C:\WINDOWS\SYSTEM32\ntdll.dll
0x00007ff956670000 - 0x00007ff95672f000 	C:\WINDOWS\System32\KERNEL32.DLL
0x00007ff955d20000 - 0x00007ff956016000 	C:\WINDOWS\System32\KERNELBASE.dll
0x00007ff956250000 - 0x00007ff956350000 	C:\WINDOWS\System32\ucrtbase.dll
0x00007ff94d2f0000 - 0x00007ff94d308000 	C:\Program Files\Java\jdk-18.0.2\bin\jli.dll
0x00007ff957240000 - 0x00007ff9572ef000 	C:\WINDOWS\System32\ADVAPI32.dll
0x00007ff958510000 - 0x00007ff9585ae000 	C:\WINDOWS\System32\msvcrt.dll
0x00007ff957130000 - 0x00007ff9571cc000 	C:\WINDOWS\System32\sechost.dll
0x00007ff957a30000 - 0x00007ff957b56000 	C:\WINDOWS\System32\RPCRT4.dll
0x00007ff94d2d0000 - 0x00007ff94d2ea000 	C:\Program Files\Java\jdk-18.0.2\bin\VCRUNTIME140.dll
0x00007ff957890000 - 0x00007ff957a2d000 	C:\WINDOWS\System32\USER32.dll
0x00007ff956640000 - 0x00007ff956662000 	C:\WINDOWS\System32\win32u.dll
0x00007ff957050000 - 0x00007ff95707c000 	C:\WINDOWS\System32\GDI32.dll
0x00007ff956130000 - 0x00007ff956245000 	C:\WINDOWS\System32\gdi32full.dll
0x00007ff956090000 - 0x00007ff95612d000 	C:\WINDOWS\System32\msvcp_win.dll
0x00007ff943cd0000 - 0x00007ff943f6a000 	C:\WINDOWS\WinSxS\amd64_microsoft.windows.common-controls_6595b64144ccf1df_6.0.19041.1110_none_60b5254171f9507e\COMCTL32.dll
0x00007ff950630000 - 0x00007ff95063a000 	C:\WINDOWS\SYSTEM32\VERSION.dll
0x00007ff957860000 - 0x00007ff957890000 	C:\WINDOWS\System32\IMM32.DLL
0x00007ff950da0000 - 0x00007ff950dac000 	C:\Program Files\Java\jdk-18.0.2\bin\vcruntime140_1.dll
0x00007ff930de0000 - 0x00007ff930e6d000 	C:\Program Files\Java\jdk-18.0.2\bin\msvcp140.dll
0x00007ff8c6ed0000 - 0x00007ff8c7ae1000 	C:\Program Files\Java\jdk-18.0.2\bin\server\jvm.dll
0x00007ff9577e0000 - 0x00007ff9577e8000 	C:\WINDOWS\System32\PSAPI.DLL
0x00007ff94d140000 - 0x00007ff94d149000 	C:\WINDOWS\SYSTEM32\WSOCK32.dll
0x00007ff947800000 - 0x00007ff947827000 	C:\WINDOWS\SYSTEM32\WINMM.dll
0x00007ff9577f0000 - 0x00007ff95785b000 	C:\WINDOWS\System32\WS2_32.dll
0x00007ff953bb0000 - 0x00007ff953bc2000 	C:\WINDOWS\SYSTEM32\kernel.appcore.dll
0x00007ff93f1e0000 - 0x00007ff93f1ea000 	C:\Program Files\Java\jdk-18.0.2\bin\jimage.dll
0x00007ff94f6e0000 - 0x00007ff94f8c4000 	C:\WINDOWS\SYSTEM32\DBGHELP.DLL
0x00007ff941bc0000 - 0x00007ff941bf4000 	C:\WINDOWS\SYSTEM32\dbgcore.DLL
0x00007ff9563a0000 - 0x00007ff956422000 	C:\WINDOWS\System32\bcryptPrimitives.dll
0x00007ff9086b0000 - 0x00007ff9086d5000 	C:\Program Files\Java\jdk-18.0.2\bin\java.dll
0x00007ff907f80000 - 0x00007ff908056000 	C:\Program Files\Java\jdk-18.0.2\bin\jsvml.dll
0x00007ff956730000 - 0x00007ff956e74000 	C:\WINDOWS\System32\SHELL32.dll
0x00007ff953db0000 - 0x00007ff954543000 	C:\WINDOWS\SYSTEM32\windows.storage.dll
0x00007ff9572f0000 - 0x00007ff957644000 	C:\WINDOWS\System32\combase.dll
0x00007ff9556c0000 - 0x00007ff9556ee000 	C:\WINDOWS\SYSTEM32\Wldp.dll
0x00007ff957730000 - 0x00007ff9577dd000 	C:\WINDOWS\System32\SHCORE.dll
0x00007ff9584b0000 - 0x00007ff958505000 	C:\WINDOWS\System32\shlwapi.dll
0x00007ff955c20000 - 0x00007ff955c45000 	C:\WINDOWS\SYSTEM32\profapi.dll
0x00007ff930180000 - 0x00007ff930193000 	C:\Program Files\Java\jdk-18.0.2\bin\net.dll
0x00007ff950c00000 - 0x00007ff950d0a000 	C:\WINDOWS\SYSTEM32\WINHTTP.dll
0x00007ff955420000 - 0x00007ff95548a000 	C:\WINDOWS\system32\mswsock.dll
0x00007ff92f660000 - 0x00007ff92f676000 	C:\Program Files\Java\jdk-18.0.2\bin\nio.dll
0x00007ff91e070000 - 0x00007ff91e088000 	C:\Program Files\Java\jdk-18.0.2\bin\zip.dll
0x00007ff8f5a00000 - 0x00007ff8f5b8f000 	C:\Program Files\Java\jdk-18.0.2\bin\awt.dll
0x00007ff956e80000 - 0x00007ff956f4d000 	C:\WINDOWS\System32\OLEAUT32.dll
0x00007ff9535b0000 - 0x00007ff953641000 	C:\WINDOWS\SYSTEM32\apphelp.dll
0x00007ff9539d0000 - 0x00007ff9539ff000 	C:\WINDOWS\system32\DWMAPI.DLL
0x00007ff9536e0000 - 0x00007ff95377e000 	C:\WINDOWS\system32\uxtheme.dll
0x00007ff907690000 - 0x00007ff9077b5000 	C:\WINDOWS\system32\opengl32.dll
0x00007ff94d290000 - 0x00007ff94d2bc000 	C:\WINDOWS\SYSTEM32\GLU32.dll
0x00007ff958390000 - 0x00007ff9584a4000 	C:\WINDOWS\System32\MSCTF.dll
0x00007ff9581e0000 - 0x00007ff95830a000 	C:\WINDOWS\System32\ole32.dll
0x00007ff947ca0000 - 0x00007ff947e6d000 	C:\WINDOWS\system32\d3d9.dll
0x00007ff94b650000 - 0x00007ff94b752000 	C:\WINDOWS\System32\DriverStore\FileRepository\nv_dispi.inf_amd64_1c83a5d7cffd7bff\nvldumdx.dll
0x00007ff955850000 - 0x00007ff955862000 	C:\WINDOWS\SYSTEM32\msasn1.dll
0x00007ff950330000 - 0x00007ff950361000 	C:\WINDOWS\SYSTEM32\cryptnet.dll
0x00007ff956430000 - 0x00007ff95658e000 	C:\WINDOWS\System32\CRYPT32.dll
0x00007ff955610000 - 0x00007ff95561c000 	C:\WINDOWS\SYSTEM32\cryptbase.dll
0x00007ff956020000 - 0x00007ff956087000 	C:\WINDOWS\System32\WINTRUST.DLL
0x00007ff9585b0000 - 0x00007ff9585cd000 	C:\WINDOWS\System32\imagehlp.dll
0x00007ff955620000 - 0x00007ff955638000 	C:\WINDOWS\SYSTEM32\CRYPTSP.dll
0x00007ff954cd0000 - 0x00007ff954d04000 	C:\WINDOWS\system32\rsaenh.dll
0x00007ff955cf0000 - 0x00007ff955d17000 	C:\WINDOWS\System32\bcrypt.dll
0x00007ff8c54b0000 - 0x00007ff8c6ecb000 	C:\WINDOWS\System32\DriverStore\FileRepository\nv_dispi.inf_amd64_1c83a5d7cffd7bff\nvd3dumx.dll
0x00007ff954560000 - 0x00007ff954583000 	C:\WINDOWS\SYSTEM32\gpapi.dll
0x00007ff94bd30000 - 0x00007ff94bd6b000 	C:\WINDOWS\SYSTEM32\dxcore.dll
0x00007ff956350000 - 0x00007ff95639e000 	C:\WINDOWS\System32\cfgmgr32.dll
0x00007ff91e370000 - 0x00007ff91e3f6000 	C:\Program Files\Java\jdk-18.0.2\bin\freetype.dll
0x00007ff908dd0000 - 0x00007ff908e78000 	C:\Program Files\Java\jdk-18.0.2\bin\fontmanager.dll
0x00007ff94afb0000 - 0x00007ff94b0aa000 	C:\WINDOWS\SYSTEM32\textinputframework.dll
0x00007ff953200000 - 0x00007ff9532f2000 	C:\WINDOWS\System32\CoreMessaging.dll
0x00007ff952ea0000 - 0x00007ff9531fe000 	C:\WINDOWS\System32\CoreUIComponents.dll
0x00007ff954df0000 - 0x00007ff954e23000 	C:\WINDOWS\SYSTEM32\ntmarta.dll
0x00007ff952790000 - 0x00007ff9528e4000 	C:\WINDOWS\SYSTEM32\wintypes.dll
0x00007ff957080000 - 0x00007ff957129000 	C:\WINDOWS\System32\clbcatq.dll
0x00007ff94f110000 - 0x00007ff94f2c4000 	C:\WINDOWS\SYSTEM32\WindowsCodecs.dll
0x00007ff93ef70000 - 0x00007ff93efae000 	C:\WINDOWS\system32\dataexchange.dll
0x00007ff952930000 - 0x00007ff952b13000 	C:\WINDOWS\system32\dcomp.dll
0x00007ff9519b0000 - 0x00007ff951c13000 	C:\WINDOWS\system32\d3d11.dll
0x00007ff954590000 - 0x00007ff954683000 	C:\WINDOWS\system32\dxgi.dll
0x00007ff94f4d0000 - 0x00007ff94f6d7000 	C:\WINDOWS\system32\twinapi.appcore.dll

dbghelp: loaded successfully - version: 4.0.5 - missing functions: none
symbol engine: initialized successfully - sym options: 0x614 - pdb path: .;C:\Program Files\Java\jdk-18.0.2\bin;C:\WINDOWS\SYSTEM32;C:\WINDOWS\WinSxS\amd64_microsoft.windows.common-controls_6595b64144ccf1df_6.0.19041.1110_none_60b5254171f9507e;C:\Program Files\Java\jdk-18.0.2\bin\server;C:\WINDOWS\System32\DriverStore\FileRepository\nv_dispi.inf_amd64_1c83a5d7cffd7bff

VM Arguments:
jvm_args: -Dfile.encoding=UTF-8 --module-path=C:\Users\Sumit\eclipse-workspace\LOgin\bin -XX:+ShowCodeDetailsInExceptionMessages -Djdk.module.main=LOgin 
java_command: LOgin/in.login.LGN
java_class_path (initial): H:\mysql-connector-j-8.0.32\mysql-connector-j-8.0.32.jar
Launcher Type: SUN_STANDARD

[Global flags]
     intx CICompilerCount                          = 3                                         {product} {ergonomic}
     uint ConcGCThreads                            = 1                                         {product} {ergonomic}
     uint G1ConcRefinementThreads                  = 4                                         {product} {ergonomic}
   size_t G1HeapRegionSize                         = 1048576                                   {product} {ergonomic}
    uintx GCDrainStackTargetSize                   = 64                                        {product} {ergonomic}
   size_t InitialHeapSize                          = 130023424                                 {product} {ergonomic}
   size_t MarkStackSize                            = 4194304                                   {product} {ergonomic}
   size_t MaxHeapSize                              = 2061500416                                {product} {ergonomic}
   size_t MaxNewSize                               = 1236271104                                {product} {ergonomic}
   size_t MinHeapDeltaBytes                        = 1048576                                   {product} {ergonomic}
   size_t MinHeapSize                              = 8388608                                   {product} {ergonomic}
    uintx NonNMethodCodeHeapSize                   = 5832780                                {pd product} {ergonomic}
    uintx NonProfiledCodeHeapSize                  = 122912730                              {pd product} {ergonomic}
    uintx ProfiledCodeHeapSize                     = 122912730                              {pd product} {ergonomic}
    uintx ReservedCodeCacheSize                    = 251658240                              {pd product} {ergonomic}
     bool SegmentedCodeCache                       = true                                      {product} {ergonomic}
     bool ShowCodeDetailsInExceptionMessages       = true                                   {manageable} {command line}
   size_t SoftMaxHeapSize                          = 2061500416                             {manageable} {ergonomic}
     bool UseCompressedClassPointers               = true                           {product lp64_product} {ergonomic}
     bool UseCompressedOops                        = true                           {product lp64_product} {ergonomic}
     bool UseG1GC                                  = true                                      {product} {ergonomic}
     bool UseLargePagesIndividualAllocation        = false                                  {pd product} {ergonomic}

Logging:
Log output configuration:
 #0: stdout all=warning uptime,level,tags foldmultilines=false
 #1: stderr all=off uptime,level,tags foldmultilines=false

Environment Variables:
PATH=C:/Program Files/Java/jdk-18.0.2/bin/server;C:/Program Files/Java/jdk-18.0.2/bin;C:\Program Files\Eclipse Adoptium\jdk-17.0.6.10-hotspot\bin;C:\Program Files\Python311\Scripts\;C:\Program Files\Python311\;C:\Program Files\Common Files\Oracle\Java\javapath;C:\WINDOWS\system32;C:\WINDOWS;C:\WINDOWS\System32\Wbem;C:\WINDOWS\System32\WindowsPowerShell\v1.0\;C:\MinGW\bin;C:\WINDOWS\System32\OpenSSH\;C:\Program Files\Java\jdk-18.0.2\bin;C:\Program Files\MySQL\MySQL Server 8.0\bin;C:\mysql-connector-j-8.1.0.jar;C:\Users\Sumit\AppData\Local\Microsoft\WindowsApps;C:\Users\Sumit\AppData\Local\Programs\Microsoft VS Code\bin;C:\MinGW\bin;C:\Program Files\Java\jdk-18.0.2\bin;C:\Program Files\JetBrains\PyCharm 2022.3\bin;;C:\Program Files\JetBrains\PyCharm Community Edition 2022.3\bin;;C:\xampp\mysql\bin;C:\mysql-connector-j-8.1.0.jar;;C:\WINDOWS\System32;
USERNAME=Sumit
OS=Windows_NT
PROCESSOR_IDENTIFIER=AMD64 Family 23 Model 17 Stepping 0, AuthenticAMD



---------------  S Y S T E M  ---------------

OS:
 Windows 10 , 64 bit Build 19041 (10.0.19041.3155)
OS uptime: 1 days 4:54 hours

CPU: total 4 (initial active 4) (4 cores per cpu, 1 threads per core) family 23 model 17 stepping 0 microcode 0x0, cx8, cmov, fxsr, mmx, 3dnowpref, sse, sse2, sse3, ssse3, sse4a, sse4.1, sse4.2, popcnt, lzcnt, tsc, tscinvbit, avx, avx2, aes, clmul, bmi1, bmi2, adx, sha, fma, vzeroupper, clflush, clflushopt

Memory: 4k page, system-wide physical 7862M (1162M free)
TotalPageFile size 22026M (AvailPageFile size 1M)
current process WorkingSet (physical memory assigned to process): 91M, peak: 91M
current process commit charge ("private bytes"): 253M, peak: 259M

vm_info: Java HotSpot(TM) 64-Bit Server VM (18.0.2+9-61) for windows-amd64 JRE (18.0.2+9-61), built on Jun  7 2022 13:09:01 by "mach5one" with MS VC++ 16.8 / 16.9 (VS2019)

END.
